<?xml version="1.0" encoding="UTF-8"?>
<coverage generated="1776832210410" clover="3.2.0">
  <project timestamp="1776832210410" name="All files">
    <metrics statements="2422" coveredstatements="0" conditionals="1668" coveredconditionals="0" methods="245" coveredmethods="0" elements="4335" coveredelements="0" complexity="0" loc="2422" ncloc="2422" packages="1" files="7" classes="7"/>
    <file name="admin.js" path="/Users/linjie/Documents/GitHub/wenhuistage-ops.github.io/js/admin.js">
      <metrics statements="1097" coveredstatements="0" conditionals="898" coveredconditionals="0" methods="103" coveredmethods="0"/>
      <line num="32" count="0" type="stmt"/>
      <line num="48" count="0" type="stmt"/>
      <line num="71" count="0" type="stmt"/>
      <line num="72" count="0" type="stmt"/>
      <line num="74" count="0" type="cond" truecount="0" falsecount="4"/>
      <line num="75" count="0" type="stmt"/>
      <line num="76" count="0" type="stmt"/>
      <line num="80" count="0" type="stmt"/>
      <line num="81" count="0" type="stmt"/>
      <line num="82" count="0" type="stmt"/>
      <line num="85" count="0" type="stmt"/>
      <line num="86" count="0" type="stmt"/>
      <line num="87" count="0" type="stmt"/>
      <line num="90" count="0" type="stmt"/>
      <line num="93" count="0" type="stmt"/>
      <line num="95" count="0" type="stmt"/>
      <line num="98" count="0" type="stmt"/>
      <line num="102" count="0" type="stmt"/>
      <line num="106" count="0" type="cond" truecount="0" falsecount="2"/>
      <line num="108" count="0" type="stmt"/>
      <line num="109" count="0" type="stmt"/>
      <line num="110" count="0" type="stmt"/>
      <line num="111" count="0" type="stmt"/>
      <line num="112" count="0" type="stmt"/>
      <line num="119" count="0" type="stmt"/>
      <line num="120" count="0" type="cond" truecount="0" falsecount="2"/>
      <line num="122" count="0" type="stmt"/>
      <line num="123" count="0" type="stmt"/>
      <line num="129" count="0" type="cond" truecount="0" falsecount="2"/>
      <line num="131" count="0" type="cond" truecount="0" falsecount="2"/>
      <line num="132" count="0" type="stmt"/>
      <line num="135" count="0" type="stmt"/>
      <line num="136" count="0" type="stmt"/>
      <line num="137" count="0" type="stmt"/>
      <line num="138" count="0" type="stmt"/>
      <line num="141" count="0" type="stmt"/>
      <line num="143" count="0" type="cond" truecount="0" falsecount="2"/>
      <line num="144" count="0" type="cond" truecount="0" falsecount="2"/>
      <line num="148" count="0" type="stmt"/>
      <line num="150" count="0" type="stmt"/>
      <line num="156" count="0" type="stmt"/>
      <line num="160" count="0" type="stmt"/>
      <line num="161" count="0" type="cond" truecount="0" falsecount="2"/>
      <line num="162" count="0" type="stmt"/>
      <line num="164" count="0" type="stmt"/>
      <line num="165" count="0" type="stmt"/>
      <line num="166" count="0" type="stmt"/>
      <line num="167" count="0" type="stmt"/>
      <line num="168" count="0" type="stmt"/>
      <line num="173" count="0" type="stmt"/>
      <line num="174" count="0" type="cond" truecount="0" falsecount="2"/>
      <line num="175" count="0" type="stmt"/>
      <line num="177" count="0" type="cond" truecount="0" falsecount="2"/>
      <line num="178" count="0" type="stmt"/>
      <line num="183" count="0" type="stmt"/>
      <line num="184" count="0" type="stmt"/>
      <line num="188" count="0" type="cond" truecount="0" falsecount="2"/>
      <line num="190" count="0" type="stmt"/>
      <line num="191" count="0" type="stmt"/>
      <line num="192" count="0" type="stmt"/>
      <line num="194" count="0" type="cond" truecount="0" falsecount="2"/>
      <line num="196" count="0" type="stmt"/>
      <line num="197" count="0" type="stmt"/>
      <line num="198" count="0" type="stmt"/>
      <line num="200" count="0" type="cond" truecount="0" falsecount="2"/>
      <line num="201" count="0" type="stmt"/>
      <line num="202" count="0" type="stmt"/>
      <line num="203" count="0" type="cond" truecount="0" falsecount="2"/>
      <line num="204" count="0" type="stmt"/>
      <line num="207" count="0" type="stmt"/>
      <line num="211" count="0" type="stmt"/>
      <line num="212" count="0" type="stmt"/>
      <line num="213" count="0" type="stmt"/>
      <line num="214" count="0" type="stmt"/>
      <line num="215" count="0" type="stmt"/>
      <line num="216" count="0" type="stmt"/>
      <line num="217" count="0" type="cond" truecount="0" falsecount="2"/>
      <line num="219" count="0" type="stmt"/>
      <line num="220" count="0" type="cond" truecount="0" falsecount="2"/>
      <line num="221" count="0" type="stmt"/>
      <line num="222" count="0" type="stmt"/>
      <line num="223" count="0" type="stmt"/>
      <line num="224" count="0" type="stmt"/>
      <line num="229" count="0" type="cond" truecount="0" falsecount="2"/>
      <line num="230" count="0" type="cond" truecount="0" falsecount="2"/>
      <line num="231" count="0" type="stmt"/>
      <line num="234" count="0" type="stmt"/>
      <line num="239" count="0" type="stmt"/>
      <line num="249" count="0" type="cond" truecount="0" falsecount="4"/>
      <line num="253" count="0" type="stmt"/>
      <line num="254" count="0" type="stmt"/>
      <line num="256" count="0" type="stmt"/>
      <line num="257" count="0" type="stmt"/>
      <line num="258" count="0" type="stmt"/>
      <line num="259" count="0" type="stmt"/>
      <line num="260" count="0" type="stmt"/>
      <line num="261" count="0" type="stmt"/>
      <line num="262" count="0" type="stmt"/>
      <line num="263" count="0" type="stmt"/>
      <line num="265" count="0" type="cond" truecount="0" falsecount="4"/>
      <line num="267" count="0" type="stmt"/>
      <line num="270" count="0" type="cond" truecount="0" falsecount="2"/>
      <line num="271" count="0" type="stmt"/>
      <line num="272" count="0" type="stmt"/>
      <line num="275" count="0" type="stmt"/>
      <line num="277" count="0" type="cond" truecount="0" falsecount="2"/>
      <line num="278" count="0" type="cond" truecount="0" falsecount="4"/>
      <line num="280" count="0" type="cond" truecount="0" falsecount="2"/>
      <line num="283" count="0" type="cond" truecount="0" falsecount="4"/>
      <line num="287" count="0" type="stmt"/>
      <line num="296" count="0" type="stmt"/>
      <line num="302" count="0" type="stmt"/>
      <line num="303" count="0" type="stmt"/>
      <line num="304" count="0" type="stmt"/>
      <line num="305" count="0" type="stmt"/>
      <line num="306" count="0" type="stmt"/>
      <line num="307" count="0" type="stmt"/>
      <line num="309" count="0" type="stmt"/>
      <line num="311" count="0" type="cond" truecount="0" falsecount="2"/>
      <line num="312" count="0" type="stmt"/>
      <line num="313" count="0" type="stmt"/>
      <line num="314" count="0" type="stmt"/>
      <line num="319" count="0" type="cond" truecount="0" falsecount="2"/>
      <line num="321" count="0" type="stmt"/>
      <line num="329" count="0" type="stmt"/>
      <line num="332" count="0" type="stmt"/>
      <line num="333" count="0" type="cond" truecount="0" falsecount="2"/>
      <line num="334" count="0" type="stmt"/>
      <line num="338" count="0" type="cond" truecount="0" falsecount="2"/>
      <line num="340" count="0" type="stmt"/>
      <line num="377" count="0" type="stmt"/>
      <line num="381" count="0" type="stmt"/>
      <line num="383" count="0" type="cond" truecount="0" falsecount="2"/>
      <line num="384" count="0" type="stmt"/>
      <line num="397" count="0" type="stmt"/>
      <line num="404" count="0" type="stmt"/>
      <line num="405" count="0" type="stmt"/>
      <line num="406" count="0" type="stmt"/>
      <line num="410" count="0" type="stmt"/>
      <line num="411" count="0" type="stmt"/>
      <line num="412" count="0" type="stmt"/>
      <line num="413" count="0" type="stmt"/>
      <line num="416" count="0" type="stmt"/>
      <line num="417" count="0" type="stmt"/>
      <line num="420" count="0" type="cond" truecount="0" falsecount="2"/>
      <line num="421" count="0" type="stmt"/>
      <line num="424" count="0" type="stmt"/>
      <line num="425" count="0" type="stmt"/>
      <line num="428" count="0" type="stmt"/>
      <line num="429" count="0" type="stmt"/>
      <line num="430" count="0" type="stmt"/>
      <line num="431" count="0" type="stmt"/>
      <line num="433" count="0" type="stmt"/>
      <line num="440" count="0" type="stmt"/>
      <line num="444" count="0" type="stmt"/>
      <line num="447" count="0" type="stmt"/>
      <line num="449" count="0" type="stmt"/>
      <line num="460" count="0" type="stmt"/>
      <line num="461" count="0" type="stmt"/>
      <line num="462" count="0" type="stmt"/>
      <line num="464" count="0" type="stmt"/>
      <line num="473" count="0" type="cond" truecount="0" falsecount="2"/>
      <line num="474" count="0" type="stmt"/>
      <line num="477" count="0" type="cond" truecount="0" falsecount="2"/>
      <line num="483" count="0" type="stmt"/>
      <line num="484" count="0" type="stmt"/>
      <line num="485" count="0" type="stmt"/>
      <line num="486" count="0" type="stmt"/>
      <line num="488" count="0" type="stmt"/>
      <line num="489" count="0" type="stmt"/>
      <line num="492" count="0" type="cond" truecount="0" falsecount="2"/>
      <line num="493" count="0" type="stmt"/>
      <line num="494" count="0" type="stmt"/>
      <line num="495" count="0" type="stmt"/>
      <line num="499" count="0" type="stmt"/>
      <line num="500" count="0" type="stmt"/>
      <line num="501" count="0" type="cond" truecount="0" falsecount="2"/>
      <line num="505" count="0" type="stmt"/>
      <line num="506" count="0" type="cond" truecount="0" falsecount="2"/>
      <line num="507" count="0" type="stmt"/>
      <line num="508" count="0" type="stmt"/>
      <line num="510" count="0" type="stmt"/>
      <line num="511" count="0" type="stmt"/>
      <line num="512" count="0" type="stmt"/>
      <line num="514" count="0" type="stmt"/>
      <line num="517" count="0" type="cond" truecount="0" falsecount="2"/>
      <line num="518" count="0" type="stmt"/>
      <line num="519" count="0" type="stmt"/>
      <line num="520" count="0" type="stmt"/>
      <line num="521" count="0" type="stmt"/>
      <line num="522" count="0" type="stmt"/>
      <line num="525" count="0" type="cond" truecount="0" falsecount="2"/>
      <line num="526" count="0" type="stmt"/>
      <line num="527" count="0" type="stmt"/>
      <line num="528" count="0" type="stmt"/>
      <line num="531" count="0" type="cond" truecount="0" falsecount="2"/>
      <line num="536" count="0" type="stmt"/>
      <line num="537" count="0" type="stmt"/>
      <line num="540" count="0" type="cond" truecount="0" falsecount="2"/>
      <line num="541" count="0" type="stmt"/>
      <line num="542" count="0" type="stmt"/>
      <line num="543" count="0" type="stmt"/>
      <line num="544" count="0" type="stmt"/>
      <line num="545" count="0" type="stmt"/>
      <line num="549" count="0" type="cond" truecount="0" falsecount="2"/>
      <line num="550" count="0" type="stmt"/>
      <line num="551" count="0" type="stmt"/>
      <line num="552" count="0" type="stmt"/>
      <line num="553" count="0" type="stmt"/>
      <line num="554" count="0" type="stmt"/>
      <line num="558" count="0" type="cond" truecount="0" falsecount="2"/>
      <line num="559" count="0" type="stmt"/>
      <line num="560" count="0" type="stmt"/>
      <line num="561" count="0" type="stmt"/>
      <line num="562" count="0" type="stmt"/>
      <line num="568" count="0" type="stmt"/>
      <line num="569" count="0" type="stmt"/>
      <line num="571" count="0" type="stmt"/>
      <line num="572" count="0" type="stmt"/>
      <line num="574" count="0" type="stmt"/>
      <line num="577" count="0" type="cond" truecount="0" falsecount="2"/>
      <line num="578" count="0" type="stmt"/>
      <line num="579" count="0" type="stmt"/>
      <line num="580" count="0" type="stmt"/>
      <line num="581" count="0" type="stmt"/>
      <line num="582" count="0" type="stmt"/>
      <line num="585" count="0" type="cond" truecount="0" falsecount="2"/>
      <line num="586" count="0" type="stmt"/>
      <line num="587" count="0" type="stmt"/>
      <line num="588" count="0" type="stmt"/>
      <line num="594" count="0" type="cond" truecount="0" falsecount="4"/>
      <line num="595" count="0" type="stmt"/>
      <line num="598" count="0" type="stmt"/>
      <line num="614" count="0" type="stmt"/>
      <line num="617" count="0" type="stmt"/>
      <line num="619" count="0" type="stmt"/>
      <line num="633" count="0" type="cond" truecount="0" falsecount="2"/>
      <line num="635" count="0" type="stmt"/>
      <line num="637" count="0" type="stmt"/>
      <line num="638" count="0" type="stmt"/>
      <line num="642" count="0" type="cond" truecount="0" falsecount="2"/>
      <line num="643" count="0" type="stmt"/>
      <line num="650" count="0" type="stmt"/>
      <line num="653" count="0" type="stmt"/>
      <line num="669" count="0" type="stmt"/>
      <line num="681" count="0" type="cond" truecount="0" falsecount="2"/>
      <line num="682" count="0" type="stmt"/>
      <line num="683" count="0" type="cond" truecount="0" falsecount="5"/>
      <line num="684" count="0" type="cond" truecount="0" falsecount="5"/>
      <line num="685" count="0" type="cond" truecount="0" falsecount="5"/>
      <line num="686" count="0" type="cond" truecount="0" falsecount="5"/>
      <line num="687" count="0" type="cond" truecount="0" falsecount="2"/>
      <line num="690" count="0" type="cond" truecount="0" falsecount="5"/>
      <line num="693" count="0" type="stmt"/>
      <line num="694" count="0" type="stmt"/>
      <line num="695" count="0" type="stmt"/>
      <line num="696" count="0" type="stmt"/>
      <line num="701" count="0" type="stmt"/>
      <line num="702" count="0" type="stmt"/>
      <line num="703" count="0" type="stmt"/>
      <line num="704" count="0" type="stmt"/>
      <line num="709" count="0" type="cond" truecount="0" falsecount="2"/>
      <line num="710" count="0" type="stmt"/>
      <line num="711" count="0" type="stmt"/>
      <line num="716" count="0" type="stmt"/>
      <line num="717" count="0" type="stmt"/>
      <line num="718" count="0" type="stmt"/>
      <line num="719" count="0" type="stmt"/>
      <line num="723" count="0" type="stmt"/>
      <line num="726" count="0" type="stmt"/>
      <line num="736" count="0" type="stmt"/>
      <line num="737" count="0" type="stmt"/>
      <line num="739" count="0" type="stmt"/>
      <line num="740" count="0" type="cond" truecount="0" falsecount="4"/>
      <line num="741" count="0" type="stmt"/>
      <line num="742" count="0" type="stmt"/>
      <line num="743" count="0" type="stmt"/>
      <line num="748" count="0" type="stmt"/>
      <line num="752" count="0" type="stmt"/>
      <line num="753" count="0" type="stmt"/>
      <line num="768" count="0" type="cond" truecount="0" falsecount="2"/>
      <line num="771" count="0" type="stmt"/>
      <line num="772" count="0" type="stmt"/>
      <line num="773" count="0" type="stmt"/>
      <line num="776" count="0" type="stmt"/>
      <line num="777" count="0" type="cond" truecount="0" falsecount="4"/>
      <line num="779" count="0" type="stmt"/>
      <line num="780" count="0" type="stmt"/>
      <line num="783" count="0" type="cond" truecount="0" falsecount="4"/>
      <line num="785" count="0" type="stmt"/>
      <line num="786" count="0" type="cond" truecount="0" falsecount="4"/>
      <line num="788" count="0" type="stmt"/>
      <line num="793" count="0" type="stmt"/>
      <line num="794" count="0" type="stmt"/>
      <line num="797" count="0" type="stmt"/>
      <line num="799" count="0" type="stmt"/>
      <line num="817" count="0" type="cond" truecount="0" falsecount="2"/>
      <line num="818" count="0" type="cond" truecount="0" falsecount="2"/>
      <line num="819" count="0" type="cond" truecount="0" falsecount="2"/>
      <line num="822" count="0" type="cond" truecount="0" falsecount="2"/>
      <line num="823" count="0" type="cond" truecount="0" falsecount="2"/>
      <line num="826" count="0" type="stmt"/>
      <line num="829" count="0" type="stmt"/>
      <line num="831" count="0" type="stmt"/>
      <line num="849" count="0" type="stmt"/>
      <line num="852" count="0" type="stmt"/>
      <line num="855" count="0" type="stmt"/>
      <line num="857" count="0" type="stmt"/>
      <line num="872" count="0" type="stmt"/>
      <line num="874" count="0" type="stmt"/>
      <line num="875" count="0" type="stmt"/>
      <line num="876" count="0" type="stmt"/>
      <line num="877" count="0" type="stmt"/>
      <line num="879" count="0" type="stmt"/>
      <line num="880" count="0" type="stmt"/>
      <line num="882" count="0" type="stmt"/>
      <line num="883" count="0" type="stmt"/>
      <line num="884" count="0" type="stmt"/>
      <line num="886" count="0" type="cond" truecount="0" falsecount="4"/>
      <line num="887" count="0" type="stmt"/>
      <line num="889" count="0" type="stmt"/>
      <line num="895" count="0" type="stmt"/>
      <line num="896" count="0" type="cond" truecount="0" falsecount="2"/>
      <line num="897" count="0" type="stmt"/>
      <line num="899" count="0" type="stmt"/>
      <line num="900" count="0" type="stmt"/>
      <line num="904" count="0" type="stmt"/>
      <line num="905" count="0" type="stmt"/>
      <line num="910" count="0" type="stmt"/>
      <line num="911" count="0" type="stmt"/>
      <line num="913" count="0" type="stmt"/>
      <line num="916" count="0" type="stmt"/>
      <line num="917" count="0" type="stmt"/>
      <line num="919" count="0" type="cond" truecount="0" falsecount="2"/>
      <line num="920" count="0" type="stmt"/>
      <line num="923" count="0" type="stmt"/>
      <line num="925" count="0" type="cond" truecount="0" falsecount="4"/>
      <line num="926" count="0" type="stmt"/>
      <line num="927" count="0" type="stmt"/>
      <line num="931" count="0" type="stmt"/>
      <line num="932" count="0" type="stmt"/>
      <line num="933" count="0" type="stmt"/>
      <line num="936" count="0" type="cond" truecount="0" falsecount="2"/>
      <line num="937" count="0" type="stmt"/>
      <line num="938" count="0" type="cond" truecount="0" falsecount="2"/>
      <line num="939" count="0" type="stmt"/>
      <line num="941" count="0" type="stmt"/>
      <line num="945" count="0" type="cond" truecount="0" falsecount="2"/>
      <line num="949" count="0" type="stmt"/>
      <line num="954" count="0" type="stmt"/>
      <line num="956" count="0" type="stmt"/>
      <line num="957" count="0" type="stmt"/>
      <line num="961" count="0" type="stmt"/>
      <line num="962" count="0" type="stmt"/>
      <line num="964" count="0" type="stmt"/>
      <line num="965" count="0" type="stmt"/>
      <line num="966" count="0" type="cond" truecount="0" falsecount="2"/>
      <line num="967" count="0" type="stmt"/>
      <line num="974" count="0" type="cond" truecount="0" falsecount="2"/>
      <line num="975" count="0" type="stmt"/>
      <line num="977" count="0" type="stmt"/>
      <line num="980" count="0" type="cond" truecount="0" falsecount="2"/>
      <line num="981" count="0" type="stmt"/>
      <line num="982" count="0" type="stmt"/>
      <line num="985" count="0" type="stmt"/>
      <line num="987" count="0" type="cond" truecount="0" falsecount="2"/>
      <line num="988" count="0" type="cond" truecount="0" falsecount="4"/>
      <line num="990" count="0" type="cond" truecount="0" falsecount="2"/>
      <line num="993" count="0" type="cond" truecount="0" falsecount="4"/>
      <line num="997" count="0" type="stmt"/>
      <line num="998" count="0" type="stmt"/>
      <line num="999" count="0" type="stmt"/>
      <line num="1007" count="0" type="stmt"/>
      <line num="1014" count="0" type="stmt"/>
      <line num="1015" count="0" type="stmt"/>
      <line num="1016" count="0" type="stmt"/>
      <line num="1018" count="0" type="cond" truecount="0" falsecount="2"/>
      <line num="1019" count="0" type="stmt"/>
      <line num="1035" count="0" type="stmt"/>
      <line num="1048" count="0" type="stmt"/>
      <line num="1056" count="0" type="stmt"/>
      <line num="1058" count="0" type="stmt"/>
      <line num="1059" count="0" type="stmt"/>
      <line num="1062" count="0" type="stmt"/>
      <line num="1064" count="0" type="stmt"/>
      <line num="1074" count="0" type="stmt"/>
      <line num="1075" count="0" type="cond" truecount="0" falsecount="2"/>
      <line num="1076" count="0" type="stmt"/>
      <line num="1077" count="0" type="cond" truecount="0" falsecount="2"/>
      <line num="1080" count="0" type="stmt"/>
      <line num="1081" count="0" type="cond" truecount="0" falsecount="2"/>
      <line num="1082" count="0" type="stmt"/>
      <line num="1083" count="0" type="stmt"/>
      <line num="1084" count="0" type="stmt"/>
      <line num="1086" count="0" type="stmt"/>
      <line num="1089" count="0" type="cond" truecount="0" falsecount="4"/>
      <line num="1090" count="0" type="stmt"/>
      <line num="1093" count="0" type="stmt"/>
      <line num="1094" count="0" type="stmt"/>
      <line num="1095" count="0" type="stmt"/>
      <line num="1096" count="0" type="stmt"/>
      <line num="1097" count="0" type="stmt"/>
      <line num="1099" count="0" type="stmt"/>
      <line num="1101" count="0" type="stmt"/>
      <line num="1102" count="0" type="stmt"/>
      <line num="1103" count="0" type="stmt"/>
      <line num="1104" count="0" type="stmt"/>
      <line num="1108" count="0" type="stmt"/>
      <line num="1123" count="0" type="cond" truecount="0" falsecount="4"/>
      <line num="1124" count="0" type="cond" truecount="0" falsecount="2"/>
      <line num="1125" count="0" type="cond" truecount="0" falsecount="5"/>
      <line num="1129" count="0" type="cond" truecount="0" falsecount="5"/>
      <line num="1130" count="0" type="stmt"/>
      <line num="1132" count="0" type="cond" truecount="0" falsecount="2"/>
      <line num="1133" count="0" type="stmt"/>
      <line num="1135" count="0" type="cond" truecount="0" falsecount="2"/>
      <line num="1136" count="0" type="stmt"/>
      <line num="1139" count="0" type="cond" truecount="0" falsecount="2"/>
      <line num="1140" count="0" type="stmt"/>
      <line num="1142" count="0" type="stmt"/>
      <line num="1155" count="0" type="stmt"/>
      <line num="1156" count="0" type="cond" truecount="0" falsecount="2"/>
      <line num="1157" count="0" type="stmt"/>
      <line num="1158" count="0" type="cond" truecount="0" falsecount="2"/>
      <line num="1159" count="0" type="stmt"/>
      <line num="1163" count="0" type="stmt"/>
      <line num="1164" count="0" type="stmt"/>
      <line num="1165" count="0" type="stmt"/>
      <line num="1167" count="0" type="stmt"/>
      <line num="1168" count="0" type="stmt"/>
      <line num="1169" count="0" type="stmt"/>
      <line num="1171" count="0" type="stmt"/>
      <line num="1172" count="0" type="stmt"/>
      <line num="1173" count="0" type="cond" truecount="0" falsecount="4"/>
      <line num="1174" count="0" type="stmt"/>
      <line num="1176" count="0" type="cond" truecount="0" falsecount="2"/>
      <line num="1177" count="0" type="stmt"/>
      <line num="1179" count="0" type="stmt"/>
      <line num="1182" count="0" type="stmt"/>
      <line num="1183" count="0" type="stmt"/>
      <line num="1186" count="0" type="stmt"/>
      <line num="1187" count="0" type="stmt"/>
      <line num="1188" count="0" type="stmt"/>
      <line num="1190" count="0" type="stmt"/>
      <line num="1200" count="0" type="stmt"/>
      <line num="1201" count="0" type="stmt"/>
      <line num="1203" count="0" type="stmt"/>
      <line num="1204" count="0" type="stmt"/>
      <line num="1205" count="0" type="stmt"/>
      <line num="1208" count="0" type="cond" truecount="0" falsecount="2"/>
      <line num="1211" count="0" type="cond" truecount="0" falsecount="2"/>
      <line num="1212" count="0" type="cond" truecount="0" falsecount="2"/>
      <line num="1214" count="0" type="cond" truecount="0" falsecount="4"/>
      <line num="1218" count="0" type="stmt"/>
      <line num="1242" count="0" type="stmt"/>
      <line num="1243" count="0" type="stmt"/>
      <line num="1244" count="0" type="stmt"/>
      <line num="1248" count="0" type="stmt"/>
      <line num="1249" count="0" type="stmt"/>
      <line num="1252" count="0" type="stmt"/>
      <line num="1253" count="0" type="stmt"/>
      <line num="1264" count="0" type="stmt"/>
      <line num="1265" count="0" type="cond" truecount="0" falsecount="2"/>
      <line num="1266" count="0" type="cond" truecount="0" falsecount="2"/>
      <line num="1267" count="0" type="stmt"/>
      <line num="1270" count="0" type="stmt"/>
      <line num="1273" count="0" type="stmt"/>
      <line num="1274" count="0" type="cond" truecount="0" falsecount="2"/>
      <line num="1275" count="0" type="cond" truecount="0" falsecount="2"/>
      <line num="1278" count="0" type="cond" truecount="0" falsecount="2"/>
      <line num="1279" count="0" type="stmt"/>
      <line num="1280" count="0" type="stmt"/>
      <line num="1282" count="0" type="cond" truecount="0" falsecount="2"/>
      <line num="1283" count="0" type="stmt"/>
      <line num="1287" count="0" type="stmt"/>
      <line num="1289" count="0" type="stmt"/>
      <line num="1290" count="0" type="stmt"/>
      <line num="1294" count="0" type="cond" truecount="0" falsecount="2"/>
      <line num="1295" count="0" type="cond" truecount="0" falsecount="2"/>
      <line num="1296" count="0" type="stmt"/>
      <line num="1297" count="0" type="stmt"/>
      <line num="1299" count="0" type="stmt"/>
      <line num="1301" count="0" type="stmt"/>
      <line num="1304" count="0" type="stmt"/>
      <line num="1305" count="0" type="stmt"/>
      <line num="1307" count="0" type="stmt"/>
      <line num="1321" count="0" type="stmt"/>
      <line num="1323" count="0" type="stmt"/>
      <line num="1324" count="0" type="stmt"/>
      <line num="1325" count="0" type="cond" truecount="0" falsecount="4"/>
      <line num="1326" count="0" type="stmt"/>
      <line num="1327" count="0" type="stmt"/>
      <line num="1331" count="0" type="stmt"/>
      <line num="1332" count="0" type="stmt"/>
      <line num="1333" count="0" type="stmt"/>
      <line num="1334" count="0" type="stmt"/>
      <line num="1335" count="0" type="stmt"/>
      <line num="1337" count="0" type="stmt"/>
      <line num="1338" count="0" type="stmt"/>
      <line num="1339" count="0" type="stmt"/>
      <line num="1340" count="0" type="stmt"/>
      <line num="1341" count="0" type="stmt"/>
      <line num="1346" count="0" type="stmt"/>
      <line num="1347" count="0" type="stmt"/>
      <line num="1348" count="0" type="stmt"/>
      <line num="1349" count="0" type="stmt"/>
      <line num="1350" count="0" type="stmt"/>
      <line num="1352" count="0" type="stmt"/>
      <line num="1353" count="0" type="stmt"/>
      <line num="1354" count="0" type="stmt"/>
      <line num="1355" count="0" type="stmt"/>
      <line num="1356" count="0" type="stmt"/>
      <line num="1359" count="0" type="cond" truecount="0" falsecount="3"/>
      <line num="1360" count="0" type="stmt"/>
      <line num="1361" count="0" type="stmt"/>
      <line num="1364" count="0" type="stmt"/>
      <line num="1374" count="0" type="stmt"/>
      <line num="1375" count="0" type="stmt"/>
      <line num="1376" count="0" type="stmt"/>
      <line num="1378" count="0" type="cond" truecount="0" falsecount="5"/>
      <line num="1379" count="0" type="stmt"/>
      <line num="1384" count="0" type="stmt"/>
      <line num="1386" count="0" type="cond" truecount="0" falsecount="2"/>
      <line num="1387" count="0" type="stmt"/>
      <line num="1389" count="0" type="stmt"/>
      <line num="1393" count="0" type="stmt"/>
      <line num="1402" count="0" type="stmt"/>
      <line num="1404" count="0" type="stmt"/>
      <line num="1405" count="0" type="stmt"/>
      <line num="1407" count="0" type="cond" truecount="0" falsecount="2"/>
      <line num="1408" count="0" type="stmt"/>
      <line num="1409" count="0" type="stmt"/>
      <line num="1411" count="0" type="stmt"/>
      <line num="1416" count="0" type="stmt"/>
      <line num="1417" count="0" type="stmt"/>
      <line num="1418" count="0" type="stmt"/>
      <line num="1419" count="0" type="cond" truecount="0" falsecount="2"/>
      <line num="1421" count="0" type="stmt"/>
      <line num="1423" count="0" type="stmt"/>
      <line num="1424" count="0" type="cond" truecount="0" falsecount="2"/>
      <line num="1425" count="0" type="stmt"/>
      <line num="1427" count="0" type="stmt"/>
      <line num="1432" count="0" type="stmt"/>
      <line num="1438" count="0" type="stmt"/>
      <line num="1439" count="0" type="stmt"/>
      <line num="1442" count="0" type="stmt"/>
      <line num="1444" count="0" type="stmt"/>
      <line num="1445" count="0" type="stmt"/>
      <line num="1448" count="0" type="cond" truecount="0" falsecount="2"/>
      <line num="1449" count="0" type="stmt"/>
      <line num="1450" count="0" type="cond" truecount="0" falsecount="2"/>
      <line num="1451" count="0" type="stmt"/>
      <line num="1452" count="0" type="stmt"/>
      <line num="1456" count="0" type="stmt"/>
      <line num="1457" count="0" type="cond" truecount="0" falsecount="4"/>
      <line num="1459" count="0" type="cond" truecount="0" falsecount="7"/>
      <line num="1461" count="0" type="cond" truecount="0" falsecount="2"/>
      <line num="1463" count="0" type="stmt"/>
      <line num="1464" count="0" type="stmt"/>
      <line num="1467" count="0" type="cond" truecount="0" falsecount="2"/>
      <line num="1468" count="0" type="cond" truecount="0" falsecount="2"/>
      <line num="1469" count="0" type="cond" truecount="0" falsecount="2"/>
      <line num="1470" count="0" type="cond" truecount="0" falsecount="2"/>
      <line num="1471" count="0" type="stmt"/>
      <line num="1473" count="0" type="stmt"/>
      <line num="1475" count="0" type="cond" truecount="0" falsecount="2"/>
      <line num="1476" count="0" type="stmt"/>
      <line num="1478" count="0" type="stmt"/>
      <line num="1480" count="0" type="stmt"/>
      <line num="1481" count="0" type="stmt"/>
      <line num="1484" count="0" type="stmt"/>
      <line num="1485" count="0" type="stmt"/>
      <line num="1490" count="0" type="stmt"/>
      <line num="1491" count="0" type="stmt"/>
      <line num="1492" count="0" type="cond" truecount="0" falsecount="2"/>
      <line num="1493" count="0" type="stmt"/>
      <line num="1497" count="0" type="stmt"/>
      <line num="1498" count="0" type="stmt"/>
      <line num="1499" count="0" type="cond" truecount="0" falsecount="2"/>
      <line num="1500" count="0" type="stmt"/>
      <line num="1505" count="0" type="stmt"/>
      <line num="1510" count="0" type="stmt"/>
      <line num="1511" count="0" type="cond" truecount="0" falsecount="2"/>
      <line num="1512" count="0" type="stmt"/>
      <line num="1513" count="0" type="stmt"/>
      <line num="1514" count="0" type="cond" truecount="0" falsecount="2"/>
      <line num="1515" count="0" type="cond" truecount="0" falsecount="2"/>
      <line num="1517" count="0" type="stmt"/>
      <line num="1518" count="0" type="stmt"/>
      <line num="1519" count="0" type="stmt"/>
      <line num="1521" count="0" type="stmt"/>
      <line num="1522" count="0" type="cond" truecount="0" falsecount="4"/>
      <line num="1523" count="0" type="cond" truecount="0" falsecount="4"/>
      <line num="1524" count="0" type="cond" truecount="0" falsecount="6"/>
      <line num="1525" count="0" type="cond" truecount="0" falsecount="4"/>
      <line num="1527" count="0" type="cond" truecount="0" falsecount="4"/>
      <line num="1530" count="0" type="stmt"/>
      <line num="1531" count="0" type="stmt"/>
      <line num="1532" count="0" type="stmt"/>
      <line num="1539" count="0" type="stmt"/>
      <line num="1541" count="0" type="stmt"/>
      <line num="1542" count="0" type="cond" truecount="0" falsecount="2"/>
      <line num="1543" count="0" type="cond" truecount="0" falsecount="2"/>
      <line num="1544" count="0" type="stmt"/>
      <line num="1547" count="0" type="stmt"/>
      <line num="1548" count="0" type="stmt"/>
      <line num="1549" count="0" type="stmt"/>
      <line num="1551" count="0" type="cond" truecount="0" falsecount="5"/>
      <line num="1552" count="0" type="stmt"/>
      <line num="1553" count="0" type="stmt"/>
      <line num="1557" count="0" type="stmt"/>
      <line num="1558" count="0" type="stmt"/>
      <line num="1560" count="0" type="cond" truecount="0" falsecount="2"/>
      <line num="1561" count="0" type="stmt"/>
      <line num="1564" count="0" type="stmt"/>
      <line num="1565" count="0" type="stmt"/>
      <line num="1571" count="0" type="cond" truecount="0" falsecount="2"/>
      <line num="1572" count="0" type="stmt"/>
      <line num="1574" count="0" type="stmt"/>
      <line num="1575" count="0" type="stmt"/>
      <line num="1576" count="0" type="stmt"/>
      <line num="1578" count="0" type="stmt"/>
      <line num="1579" count="0" type="stmt"/>
      <line num="1580" count="0" type="stmt"/>
      <line num="1582" count="0" type="stmt"/>
      <line num="1585" count="0" type="stmt"/>
      <line num="1590" count="0" type="cond" truecount="0" falsecount="2"/>
      <line num="1591" count="0" type="stmt"/>
      <line num="1600" count="0" type="stmt"/>
      <line num="1601" count="0" type="cond" truecount="0" falsecount="2"/>
      <line num="1602" count="0" type="stmt"/>
      <line num="1603" count="0" type="cond" truecount="0" falsecount="2"/>
      <line num="1605" count="0" type="stmt"/>
      <line num="1606" count="0" type="cond" truecount="0" falsecount="2"/>
      <line num="1607" count="0" type="stmt"/>
      <line num="1611" count="0" type="cond" truecount="0" falsecount="2"/>
      <line num="1612" count="0" type="stmt"/>
      <line num="1613" count="0" type="stmt"/>
      <line num="1617" count="0" type="stmt"/>
      <line num="1620" count="0" type="stmt"/>
      <line num="1629" count="0" type="stmt"/>
      <line num="1630" count="0" type="stmt"/>
      <line num="1631" count="0" type="stmt"/>
      <line num="1632" count="0" type="stmt"/>
      <line num="1633" count="0" type="cond" truecount="0" falsecount="4"/>
      <line num="1634" count="0" type="stmt"/>
      <line num="1636" count="0" type="cond" truecount="0" falsecount="2"/>
      <line num="1639" count="0" type="stmt"/>
      <line num="1640" count="0" type="stmt"/>
      <line num="1654" count="0" type="stmt"/>
      <line num="1655" count="0" type="stmt"/>
      <line num="1656" count="0" type="stmt"/>
      <line num="1659" count="0" type="stmt"/>
      <line num="1660" count="0" type="stmt"/>
      <line num="1661" count="0" type="cond" truecount="0" falsecount="2"/>
      <line num="1662" count="0" type="stmt"/>
      <line num="1666" count="0" type="stmt"/>
      <line num="1667" count="0" type="stmt"/>
      <line num="1668" count="0" type="stmt"/>
      <line num="1669" count="0" type="stmt"/>
      <line num="1673" count="0" type="stmt"/>
      <line num="1674" count="0" type="stmt"/>
      <line num="1677" count="0" type="stmt"/>
      <line num="1678" count="0" type="stmt"/>
      <line num="1679" count="0" type="stmt"/>
      <line num="1682" count="0" type="stmt"/>
      <line num="1683" count="0" type="cond" truecount="0" falsecount="2"/>
      <line num="1684" count="0" type="stmt"/>
      <line num="1685" count="0" type="cond" truecount="0" falsecount="2"/>
      <line num="1687" count="0" type="stmt"/>
      <line num="1688" count="0" type="cond" truecount="0" falsecount="2"/>
      <line num="1690" count="0" type="stmt"/>
      <line num="1703" count="0" type="stmt"/>
      <line num="1704" count="0" type="stmt"/>
      <line num="1705" count="0" type="cond" truecount="0" falsecount="4"/>
      <line num="1708" count="0" type="stmt"/>
      <line num="1709" count="0" type="stmt"/>
      <line num="1710" count="0" type="stmt"/>
      <line num="1712" count="0" type="stmt"/>
      <line num="1713" count="0" type="cond" truecount="0" falsecount="2"/>
      <line num="1714" count="0" type="cond" truecount="0" falsecount="2"/>
      <line num="1715" count="0" type="stmt"/>
      <line num="1716" count="0" type="cond" truecount="0" falsecount="2"/>
      <line num="1733" count="0" type="stmt"/>
      <line num="1736" count="0" type="cond" truecount="0" falsecount="2"/>
      <line num="1737" count="0" type="stmt"/>
      <line num="1738" count="0" type="stmt"/>
      <line num="1739" count="0" type="stmt"/>
      <line num="1742" count="0" type="stmt"/>
      <line num="1751" count="0" type="stmt"/>
      <line num="1755" count="0" type="stmt"/>
      <line num="1767" count="0" type="stmt"/>
      <line num="1768" count="0" type="cond" truecount="0" falsecount="4"/>
      <line num="1770" count="0" type="stmt"/>
      <line num="1771" count="0" type="stmt"/>
      <line num="1772" count="0" type="stmt"/>
      <line num="1773" count="0" type="stmt"/>
      <line num="1774" count="0" type="stmt"/>
      <line num="1777" count="0" type="cond" truecount="0" falsecount="4"/>
      <line num="1778" count="0" type="cond" truecount="0" falsecount="4"/>
      <line num="1781" count="0" type="cond" truecount="0" falsecount="4"/>
      <line num="1782" count="0" type="stmt"/>
      <line num="1794" count="0" type="cond" truecount="0" falsecount="2"/>
      <line num="1795" count="0" type="cond" truecount="0" falsecount="2"/>
      <line num="1796" count="0" type="cond" truecount="0" falsecount="2"/>
      <line num="1797" count="0" type="cond" truecount="0" falsecount="2"/>
      <line num="1798" count="0" type="cond" truecount="0" falsecount="2"/>
      <line num="1799" count="0" type="cond" truecount="0" falsecount="2"/>
      <line num="1800" count="0" type="cond" truecount="0" falsecount="2"/>
      <line num="1801" count="0" type="cond" truecount="0" falsecount="2"/>
      <line num="1802" count="0" type="cond" truecount="0" falsecount="2"/>
      <line num="1803" count="0" type="cond" truecount="0" falsecount="2"/>
      <line num="1808" count="0" type="stmt"/>
      <line num="1811" count="0" type="stmt"/>
      <line num="1812" count="0" type="stmt"/>
      <line num="1813" count="0" type="stmt"/>
      <line num="1816" count="0" type="stmt"/>
      <line num="1817" count="0" type="stmt"/>
      <line num="1818" count="0" type="cond" truecount="0" falsecount="2"/>
      <line num="1819" count="0" type="stmt"/>
      <line num="1820" count="0" type="stmt"/>
      <line num="1826" count="0" type="cond" truecount="0" falsecount="2"/>
      <line num="1827" count="0" type="stmt"/>
      <line num="1830" count="0" type="stmt"/>
      <line num="1831" count="0" type="stmt"/>
      <line num="1834" count="0" type="stmt"/>
      <line num="1837" count="0" type="stmt"/>
      <line num="1838" count="0" type="stmt"/>
      <line num="1840" count="0" type="cond" truecount="0" falsecount="2"/>
      <line num="1841" count="0" type="cond" truecount="0" falsecount="2"/>
      <line num="1842" count="0" type="cond" truecount="0" falsecount="2"/>
      <line num="1843" count="0" type="cond" truecount="0" falsecount="2"/>
      <line num="1844" count="0" type="cond" truecount="0" falsecount="2"/>
      <line num="1845" count="0" type="stmt"/>
      <line num="1847" count="0" type="stmt"/>
      <line num="1848" count="0" type="stmt"/>
      <line num="1849" count="0" type="stmt"/>
      <line num="1850" count="0" type="stmt"/>
      <line num="1852" count="0" type="stmt"/>
      <line num="1853" count="0" type="stmt"/>
      <line num="1856" count="0" type="stmt"/>
      <line num="1859" count="0" type="stmt"/>
      <line num="1860" count="0" type="stmt"/>
      <line num="1862" count="0" type="stmt"/>
      <line num="1875" count="0" type="stmt"/>
      <line num="1876" count="0" type="stmt"/>
      <line num="1878" count="0" type="stmt"/>
      <line num="1879" count="0" type="cond" truecount="0" falsecount="2"/>
      <line num="1880" count="0" type="cond" truecount="0" falsecount="2"/>
      <line num="1883" count="0" type="cond" truecount="0" falsecount="2"/>
      <line num="1884" count="0" type="stmt"/>
      <line num="1888" count="0" type="stmt"/>
      <line num="1889" count="0" type="stmt"/>
      <line num="1890" count="0" type="cond" truecount="0" falsecount="2"/>
      <line num="1891" count="0" type="stmt"/>
      <line num="1892" count="0" type="stmt"/>
      <line num="1893" count="0" type="stmt"/>
      <line num="1896" count="0" type="cond" truecount="0" falsecount="2"/>
      <line num="1897" count="0" type="cond" truecount="0" falsecount="2"/>
      <line num="1898" count="0" type="stmt"/>
      <line num="1901" count="0" type="stmt"/>
      <line num="1913" count="0" type="stmt"/>
      <line num="1914" count="0" type="stmt"/>
      <line num="1915" count="0" type="stmt"/>
      <line num="1918" count="0" type="stmt"/>
      <line num="1919" count="0" type="stmt"/>
      <line num="1920" count="0" type="stmt"/>
      <line num="1922" count="0" type="stmt"/>
      <line num="1942" count="0" type="stmt"/>
      <line num="1943" count="0" type="cond" truecount="0" falsecount="4"/>
      <line num="1945" count="0" type="cond" truecount="0" falsecount="2"/>
      <line num="1946" count="0" type="stmt"/>
      <line num="1947" count="0" type="cond" truecount="0" falsecount="2"/>
      <line num="1949" count="0" type="cond" truecount="0" falsecount="2"/>
      <line num="1950" count="0" type="cond" truecount="0" falsecount="2"/>
      <line num="1951" count="0" type="cond" truecount="0" falsecount="2"/>
      <line num="1952" count="0" type="stmt"/>
      <line num="1953" count="0" type="stmt"/>
      <line num="1954" count="0" type="cond" truecount="0" falsecount="2"/>
      <line num="1956" count="0" type="stmt"/>
      <line num="1957" count="0" type="cond" truecount="0" falsecount="2"/>
      <line num="1958" count="0" type="stmt"/>
      <line num="1959" count="0" type="stmt"/>
      <line num="1962" count="0" type="stmt"/>
      <line num="1963" count="0" type="cond" truecount="0" falsecount="4"/>
      <line num="1964" count="0" type="cond" truecount="0" falsecount="4"/>
      <line num="1966" count="0" type="stmt"/>
      <line num="1979" count="0" type="stmt"/>
      <line num="1980" count="0" type="stmt"/>
      <line num="1981" count="0" type="stmt"/>
      <line num="1982" count="0" type="cond" truecount="0" falsecount="2"/>
      <line num="1983" count="0" type="cond" truecount="0" falsecount="2"/>
      <line num="1985" count="0" type="stmt"/>
      <line num="1986" count="0" type="stmt"/>
      <line num="1987" count="0" type="stmt"/>
      <line num="1988" count="0" type="stmt"/>
      <line num="1989" count="0" type="stmt"/>
      <line num="1991" count="0" type="stmt"/>
      <line num="1992" count="0" type="stmt"/>
      <line num="1993" count="0" type="stmt"/>
      <line num="1994" count="0" type="stmt"/>
      <line num="1996" count="0" type="stmt"/>
      <line num="1997" count="0" type="stmt"/>
      <line num="1998" count="0" type="stmt"/>
      <line num="1999" count="0" type="stmt"/>
      <line num="2000" count="0" type="stmt"/>
      <line num="2001" count="0" type="stmt"/>
      <line num="2002" count="0" type="stmt"/>
      <line num="2003" count="0" type="stmt"/>
      <line num="2004" count="0" type="stmt"/>
      <line num="2005" count="0" type="stmt"/>
      <line num="2006" count="0" type="stmt"/>
      <line num="2008" count="0" type="stmt"/>
      <line num="2009" count="0" type="stmt"/>
      <line num="2010" count="0" type="stmt"/>
      <line num="2011" count="0" type="stmt"/>
      <line num="2013" count="0" type="cond" truecount="0" falsecount="2"/>
      <line num="2014" count="0" type="cond" truecount="0" falsecount="2"/>
      <line num="2015" count="0" type="cond" truecount="0" falsecount="2"/>
      <line num="2016" count="0" type="cond" truecount="0" falsecount="2"/>
      <line num="2017" count="0" type="cond" truecount="0" falsecount="2"/>
      <line num="2018" count="0" type="stmt"/>
      <line num="2020" count="0" type="stmt"/>
      <line num="2021" count="0" type="stmt"/>
      <line num="2022" count="0" type="stmt"/>
      <line num="2023" count="0" type="stmt"/>
      <line num="2024" count="0" type="stmt"/>
      <line num="2026" count="0" type="stmt"/>
      <line num="2027" count="0" type="stmt"/>
      <line num="2028" count="0" type="stmt"/>
      <line num="2029" count="0" type="stmt"/>
      <line num="2030" count="0" type="stmt"/>
      <line num="2031" count="0" type="stmt"/>
      <line num="2033" count="0" type="stmt"/>
      <line num="2037" count="0" type="stmt"/>
      <line num="2038" count="0" type="cond" truecount="0" falsecount="2"/>
      <line num="2040" count="0" type="stmt"/>
      <line num="2044" count="0" type="cond" truecount="0" falsecount="4"/>
      <line num="2045" count="0" type="stmt"/>
      <line num="2046" count="0" type="stmt"/>
      <line num="2047" count="0" type="cond" truecount="0" falsecount="2"/>
      <line num="2048" count="0" type="stmt"/>
      <line num="2049" count="0" type="cond" truecount="0" falsecount="2"/>
      <line num="2050" count="0" type="cond" truecount="0" falsecount="2"/>
      <line num="2051" count="0" type="stmt"/>
      <line num="2052" count="0" type="stmt"/>
      <line num="2053" count="0" type="stmt"/>
      <line num="2054" count="0" type="stmt"/>
      <line num="2056" count="0" type="stmt"/>
      <line num="2057" count="0" type="cond" truecount="0" falsecount="2"/>
      <line num="2059" count="0" type="stmt"/>
      <line num="2060" count="0" type="stmt"/>
      <line num="2061" count="0" type="cond" truecount="0" falsecount="4"/>
      <line num="2062" count="0" type="stmt"/>
      <line num="2063" count="0" type="cond" truecount="0" falsecount="2"/>
      <line num="2065" count="0" type="stmt"/>
      <line num="2069" count="0" type="stmt"/>
      <line num="2070" count="0" type="cond" truecount="0" falsecount="2"/>
      <line num="2071" count="0" type="cond" truecount="0" falsecount="6"/>
      <line num="2072" count="0" type="cond" truecount="0" falsecount="2"/>
      <line num="2073" count="0" type="stmt"/>
      <line num="2074" count="0" type="stmt"/>
      <line num="2078" count="0" type="cond" truecount="0" falsecount="4"/>
      <line num="2080" count="0" type="stmt"/>
      <line num="2081" count="0" type="cond" truecount="0" falsecount="2"/>
      <line num="2082" count="0" type="stmt"/>
      <line num="2083" count="0" type="stmt"/>
      <line num="2085" count="0" type="stmt"/>
      <line num="2086" count="0" type="stmt"/>
      <line num="2087" count="0" type="stmt"/>
      <line num="2090" count="0" type="stmt"/>
      <line num="2091" count="0" type="stmt"/>
      <line num="2094" count="0" type="stmt"/>
      <line num="2095" count="0" type="stmt"/>
      <line num="2097" count="0" type="stmt"/>
      <line num="2103" count="0" type="cond" truecount="0" falsecount="2"/>
      <line num="2104" count="0" type="stmt"/>
      <line num="2105" count="0" type="stmt"/>
      <line num="2109" count="0" type="cond" truecount="0" falsecount="2"/>
      <line num="2112" count="0" type="stmt"/>
      <line num="2117" count="0" type="stmt"/>
      <line num="2128" count="0" type="stmt"/>
      <line num="2131" count="0" type="stmt"/>
      <line num="2132" count="0" type="cond" truecount="0" falsecount="2"/>
      <line num="2134" count="0" type="stmt"/>
      <line num="2135" count="0" type="cond" truecount="0" falsecount="2"/>
      <line num="2138" count="0" type="stmt"/>
      <line num="2139" count="0" type="stmt"/>
      <line num="2141" count="0" type="cond" truecount="0" falsecount="2"/>
      <line num="2143" count="0" type="stmt"/>
      <line num="2144" count="0" type="stmt"/>
      <line num="2145" count="0" type="cond" truecount="0" falsecount="2"/>
      <line num="2146" count="0" type="stmt"/>
      <line num="2149" count="0" type="cond" truecount="0" falsecount="4"/>
      <line num="2151" count="0" type="stmt"/>
      <line num="2152" count="0" type="stmt"/>
      <line num="2153" count="0" type="stmt"/>
      <line num="2156" count="0" type="cond" truecount="0" falsecount="2"/>
      <line num="2157" count="0" type="cond" truecount="0" falsecount="2"/>
      <line num="2158" count="0" type="cond" truecount="0" falsecount="2"/>
      <line num="2159" count="0" type="cond" truecount="0" falsecount="6"/>
      <line num="2161" count="0" type="stmt"/>
      <line num="2172" count="0" type="stmt"/>
      <line num="2173" count="0" type="stmt"/>
      <line num="2176" count="0" type="stmt"/>
      <line num="2177" count="0" type="stmt"/>
      <line num="2178" count="0" type="cond" truecount="0" falsecount="2"/>
      <line num="2179" count="0" type="stmt"/>
      <line num="2180" count="0" type="cond" truecount="0" falsecount="2"/>
      <line num="2181" count="0" type="cond" truecount="0" falsecount="2"/>
      <line num="2182" count="0" type="stmt"/>
      <line num="2184" count="0" type="stmt"/>
      <line num="2188" count="0" type="stmt"/>
      <line num="2189" count="0" type="cond" truecount="0" falsecount="4"/>
      <line num="2194" count="0" type="cond" truecount="0" falsecount="5"/>
      <line num="2195" count="0" type="stmt"/>
      <line num="2196" count="0" type="stmt"/>
      <line num="2201" count="0" type="cond" truecount="0" falsecount="4"/>
      <line num="2202" count="0" type="cond" truecount="0" falsecount="2"/>
      <line num="2203" count="0" type="cond" truecount="0" falsecount="2"/>
      <line num="2204" count="0" type="stmt"/>
      <line num="2205" count="0" type="cond" truecount="0" falsecount="2"/>
      <line num="2206" count="0" type="stmt"/>
      <line num="2210" count="0" type="cond" truecount="0" falsecount="2"/>
      <line num="2214" count="0" type="stmt"/>
      <line num="2215" count="0" type="cond" truecount="0" falsecount="2"/>
      <line num="2216" count="0" type="cond" truecount="0" falsecount="4"/>
      <line num="2218" count="0" type="cond" truecount="0" falsecount="5"/>
      <line num="2219" count="0" type="cond" truecount="0" falsecount="4"/>
      <line num="2221" count="0" type="cond" truecount="0" falsecount="12"/>
      <line num="2222" count="0" type="stmt"/>
      <line num="2225" count="0" type="stmt"/>
      <line num="2226" count="0" type="cond" truecount="0" falsecount="2"/>
      <line num="2227" count="0" type="cond" truecount="0" falsecount="3"/>
      <line num="2230" count="0" type="cond" truecount="0" falsecount="3"/>
      <line num="2231" count="0" type="cond" truecount="0" falsecount="4"/>
      <line num="2232" count="0" type="stmt"/>
      <line num="2235" count="0" type="cond" truecount="0" falsecount="14"/>
      <line num="2236" count="0" type="stmt"/>
      <line num="2239" count="0" type="stmt"/>
      <line num="2242" count="0" type="cond" truecount="0" falsecount="5"/>
      <line num="2246" count="0" type="stmt"/>
      <line num="2249" count="0" type="cond" truecount="0" falsecount="5"/>
      <line num="2254" count="0" type="stmt"/>
      <line num="2255" count="0" type="stmt"/>
      <line num="2256" count="0" type="stmt"/>
      <line num="2257" count="0" type="cond" truecount="0" falsecount="2"/>
      <line num="2259" count="0" type="cond" truecount="0" falsecount="2"/>
      <line num="2262" count="0" type="cond" truecount="0" falsecount="2"/>
      <line num="2263" count="0" type="cond" truecount="0" falsecount="2"/>
      <line num="2266" count="0" type="cond" truecount="0" falsecount="2"/>
      <line num="2269" count="0" type="stmt"/>
      <line num="2270" count="0" type="cond" truecount="0" falsecount="2"/>
      <line num="2272" count="0" type="stmt"/>
      <line num="2273" count="0" type="stmt"/>
      <line num="2274" count="0" type="stmt"/>
      <line num="2275" count="0" type="stmt"/>
      <line num="2278" count="0" type="cond" truecount="0" falsecount="2"/>
      <line num="2279" count="0" type="cond" truecount="0" falsecount="2"/>
      <line num="2282" count="0" type="cond" truecount="0" falsecount="2"/>
      <line num="2283" count="0" type="cond" truecount="0" falsecount="2"/>
      <line num="2284" count="0" type="stmt"/>
      <line num="2285" count="0" type="cond" truecount="0" falsecount="2"/>
      <line num="2286" count="0" type="stmt"/>
      <line num="2290" count="0" type="cond" truecount="0" falsecount="2"/>
      <line num="2291" count="0" type="stmt"/>
      <line num="2293" count="0" type="cond" truecount="0" falsecount="2"/>
      <line num="2294" count="0" type="stmt"/>
      <line num="2296" count="0" type="cond" truecount="0" falsecount="2"/>
      <line num="2297" count="0" type="stmt"/>
      <line num="2301" count="0" type="stmt"/>
      <line num="2304" count="0" type="cond" truecount="0" falsecount="2"/>
      <line num="2305" count="0" type="cond" truecount="0" falsecount="2"/>
      <line num="2307" count="0" type="cond" truecount="0" falsecount="2"/>
      <line num="2308" count="0" type="cond" truecount="0" falsecount="2"/>
      <line num="2311" count="0" type="stmt"/>
      <line num="2312" count="0" type="cond" truecount="0" falsecount="2"/>
      <line num="2313" count="0" type="cond" truecount="0" falsecount="2"/>
      <line num="2314" count="0" type="stmt"/>
      <line num="2316" count="0" type="stmt"/>
      <line num="2317" count="0" type="stmt"/>
      <line num="2319" count="0" type="cond" truecount="0" falsecount="5"/>
      <line num="2320" count="0" type="stmt"/>
      <line num="2321" count="0" type="cond" truecount="0" falsecount="2"/>
      <line num="2322" count="0" type="cond" truecount="0" falsecount="2"/>
      <line num="2323" count="0" type="cond" truecount="0" falsecount="2"/>
      <line num="2324" count="0" type="cond" truecount="0" falsecount="2"/>
      <line num="2325" count="0" type="cond" truecount="0" falsecount="2"/>
      <line num="2326" count="0" type="cond" truecount="0" falsecount="2"/>
      <line num="2327" count="0" type="cond" truecount="0" falsecount="2"/>
      <line num="2328" count="0" type="cond" truecount="0" falsecount="2"/>
      <line num="2330" count="0" type="cond" truecount="0" falsecount="4"/>
      <line num="2331" count="0" type="cond" truecount="0" falsecount="2"/>
      <line num="2332" count="0" type="stmt"/>
      <line num="2333" count="0" type="cond" truecount="0" falsecount="2"/>
      <line num="2334" count="0" type="stmt"/>
      <line num="2335" count="0" type="cond" truecount="0" falsecount="2"/>
      <line num="2337" count="0" type="stmt"/>
      <line num="2341" count="0" type="cond" truecount="0" falsecount="4"/>
      <line num="2344" count="0" type="stmt"/>
      <line num="2345" count="0" type="cond" truecount="0" falsecount="4"/>
      <line num="2347" count="0" type="stmt"/>
      <line num="2348" count="0" type="stmt"/>
      <line num="2350" count="0" type="stmt"/>
      <line num="2351" count="0" type="stmt"/>
      <line num="2353" count="0" type="stmt"/>
      <line num="2354" count="0" type="stmt"/>
      <line num="2356" count="0" type="stmt"/>
      <line num="2360" count="0" type="stmt"/>
      <line num="2362" count="0" type="stmt"/>
      <line num="2382" count="0" type="cond" truecount="0" falsecount="2"/>
      <line num="2383" count="0" type="cond" truecount="0" falsecount="2"/>
      <line num="2384" count="0" type="cond" truecount="0" falsecount="2"/>
      <line num="2385" count="0" type="cond" truecount="0" falsecount="2"/>
      <line num="2386" count="0" type="stmt"/>
      <line num="2387" count="0" type="stmt"/>
      <line num="2391" count="0" type="stmt"/>
      <line num="2393" count="0" type="stmt"/>
      <line num="2394" count="0" type="stmt"/>
      <line num="2395" count="0" type="stmt"/>
      <line num="2396" count="0" type="stmt"/>
      <line num="2397" count="0" type="stmt"/>
      <line num="2398" count="0" type="stmt"/>
      <line num="2399" count="0" type="stmt"/>
      <line num="2400" count="0" type="stmt"/>
      <line num="2403" count="0" type="cond" truecount="0" falsecount="3"/>
      <line num="2404" count="0" type="cond" truecount="0" falsecount="4"/>
      <line num="2405" count="0" type="stmt"/>
      <line num="2406" count="0" type="cond" truecount="0" falsecount="4"/>
      <line num="2408" count="0" type="cond" truecount="0" falsecount="4"/>
      <line num="2409" count="0" type="stmt"/>
      <line num="2411" count="0" type="stmt"/>
      <line num="2412" count="0" type="stmt"/>
      <line num="2413" count="0" type="stmt"/>
      <line num="2414" count="0" type="stmt"/>
      <line num="2415" count="0" type="stmt"/>
      <line num="2416" count="0" type="stmt"/>
      <line num="2417" count="0" type="stmt"/>
      <line num="2418" count="0" type="stmt"/>
      <line num="2419" count="0" type="stmt"/>
      <line num="2421" count="0" type="stmt"/>
      <line num="2422" count="0" type="stmt"/>
      <line num="2425" count="0" type="stmt"/>
      <line num="2426" count="0" type="stmt"/>
      <line num="2441" count="0" type="cond" truecount="0" falsecount="4"/>
      <line num="2442" count="0" type="stmt"/>
      <line num="2444" count="0" type="stmt"/>
      <line num="2445" count="0" type="cond" truecount="0" falsecount="2"/>
      <line num="2446" count="0" type="stmt"/>
      <line num="2447" count="0" type="stmt"/>
      <line num="2450" count="0" type="stmt"/>
      <line num="2451" count="0" type="cond" truecount="0" falsecount="2"/>
      <line num="2453" count="0" type="stmt"/>
      <line num="2454" count="0" type="cond" truecount="0" falsecount="2"/>
      <line num="2455" count="0" type="stmt"/>
      <line num="2456" count="0" type="stmt"/>
      <line num="2458" count="0" type="stmt"/>
      <line num="2465" count="0" type="cond" truecount="0" falsecount="2"/>
      <line num="2466" count="0" type="cond" truecount="0" falsecount="2"/>
      <line num="2467" count="0" type="cond" truecount="0" falsecount="2"/>
      <line num="2468" count="0" type="cond" truecount="0" falsecount="2"/>
      <line num="2469" count="0" type="cond" truecount="0" falsecount="2"/>
      <line num="2470" count="0" type="stmt"/>
      <line num="2479" count="0" type="stmt"/>
      <line num="2480" count="0" type="cond" truecount="0" falsecount="4"/>
      <line num="2482" count="0" type="cond" truecount="0" falsecount="2"/>
      <line num="2483" count="0" type="cond" truecount="0" falsecount="2"/>
      <line num="2485" count="0" type="stmt"/>
      <line num="2486" count="0" type="stmt"/>
      <line num="2487" count="0" type="cond" truecount="0" falsecount="10"/>
      <line num="2489" count="0" type="stmt"/>
      <line num="2490" count="0" type="stmt"/>
      <line num="2491" count="0" type="cond" truecount="0" falsecount="10"/>
      <line num="2493" count="0" type="cond" truecount="0" falsecount="2"/>
      <line num="2494" count="0" type="cond" truecount="0" falsecount="2"/>
      <line num="2495" count="0" type="stmt"/>
      <line num="2502" count="0" type="cond" truecount="0" falsecount="2"/>
      <line num="2504" count="0" type="stmt"/>
      <line num="2505" count="0" type="cond" truecount="0" falsecount="4"/>
      <line num="2506" count="0" type="stmt"/>
      <line num="2507" count="0" type="stmt"/>
      <line num="2508" count="0" type="stmt"/>
      <line num="2511" count="0" type="stmt"/>
      <line num="2512" count="0" type="cond" truecount="0" falsecount="2"/>
      <line num="2519" count="0" type="cond" truecount="0" falsecount="7"/>
      <line num="2520" count="0" type="cond" truecount="0" falsecount="7"/>
      <line num="2521" count="0" type="stmt"/>
      <line num="2522" count="0" type="stmt"/>
      <line num="2523" count="0" type="cond" truecount="0" falsecount="4"/>
      <line num="2524" count="0" type="stmt"/>
      <line num="2525" count="0" type="cond" truecount="0" falsecount="2"/>
      <line num="2532" count="0" type="cond" truecount="0" falsecount="3"/>
      <line num="2533" count="0" type="cond" truecount="0" falsecount="3"/>
      <line num="2534" count="0" type="cond" truecount="0" falsecount="4"/>
      <line num="2535" count="0" type="cond" truecount="0" falsecount="3"/>
      <line num="2536" count="0" type="stmt"/>
      <line num="2537" count="0" type="cond" truecount="0" falsecount="2"/>
    </file>
    <file name="app.js" path="/Users/linjie/Documents/GitHub/wenhuistage-ops.github.io/js/app.js">
      <metrics statements="198" coveredstatements="0" conditionals="56" coveredconditionals="0" methods="28" coveredmethods="0"/>
      <line num="29" count="0" type="stmt"/>
      <line num="32" count="0" type="stmt"/>
      <line num="34" count="0" type="cond" truecount="0" falsecount="2"/>
      <line num="35" count="0" type="stmt"/>
      <line num="36" count="0" type="stmt"/>
      <line num="37" count="0" type="stmt"/>
      <line num="39" count="0" type="cond" truecount="0" falsecount="2"/>
      <line num="40" count="0" type="stmt"/>
      <line num="46" count="0" type="cond" truecount="0" falsecount="2"/>
      <line num="48" count="0" type="stmt"/>
      <line num="51" count="0" type="stmt"/>
      <line num="52" count="0" type="cond" truecount="0" falsecount="2"/>
      <line num="53" count="0" type="stmt"/>
      <line num="54" count="0" type="stmt"/>
      <line num="55" count="0" type="cond" truecount="0" falsecount="2"/>
      <line num="56" count="0" type="stmt"/>
      <line num="57" count="0" type="stmt"/>
      <line num="58" count="0" type="stmt"/>
      <line num="61" count="0" type="stmt"/>
      <line num="62" count="0" type="stmt"/>
      <line num="63" count="0" type="stmt"/>
      <line num="64" count="0" type="stmt"/>
      <line num="66" count="0" type="stmt"/>
      <line num="68" count="0" type="stmt"/>
      <line num="70" count="0" type="cond" truecount="0" falsecount="2"/>
      <line num="71" count="0" type="stmt"/>
      <line num="72" count="0" type="stmt"/>
      <line num="73" count="0" type="stmt"/>
      <line num="74" count="0" type="stmt"/>
      <line num="75" count="0" type="stmt"/>
      <line num="76" count="0" type="stmt"/>
      <line num="79" count="0" type="stmt"/>
      <line num="80" count="0" type="stmt"/>
      <line num="81" count="0" type="stmt"/>
      <line num="82" count="0" type="stmt"/>
      <line num="83" count="0" type="stmt"/>
      <line num="84" count="0" type="stmt"/>
      <line num="88" count="0" type="stmt"/>
      <line num="89" count="0" type="stmt"/>
      <line num="90" count="0" type="stmt"/>
      <line num="91" count="0" type="stmt"/>
      <line num="92" count="0" type="stmt"/>
      <line num="108" count="0" type="stmt"/>
      <line num="109" count="0" type="stmt"/>
      <line num="110" count="0" type="stmt"/>
      <line num="111" count="0" type="stmt"/>
      <line num="114" count="0" type="stmt"/>
      <line num="115" count="0" type="stmt"/>
      <line num="116" count="0" type="stmt"/>
      <line num="117" count="0" type="stmt"/>
      <line num="118" count="0" type="stmt"/>
      <line num="121" count="0" type="stmt"/>
      <line num="122" count="0" type="stmt"/>
      <line num="123" count="0" type="stmt"/>
      <line num="124" count="0" type="stmt"/>
      <line num="127" count="0" type="stmt"/>
      <line num="128" count="0" type="stmt"/>
      <line num="129" count="0" type="stmt"/>
      <line num="130" count="0" type="stmt"/>
      <line num="131" count="0" type="stmt"/>
      <line num="132" count="0" type="stmt"/>
      <line num="135" count="0" type="stmt"/>
      <line num="138" count="0" type="stmt"/>
      <line num="139" count="0" type="stmt"/>
      <line num="140" count="0" type="stmt"/>
      <line num="141" count="0" type="stmt"/>
      <line num="143" count="0" type="stmt"/>
      <line num="145" count="0" type="stmt"/>
      <line num="146" count="0" type="stmt"/>
      <line num="147" count="0" type="stmt"/>
      <line num="148" count="0" type="stmt"/>
      <line num="149" count="0" type="stmt"/>
      <line num="151" count="0" type="stmt"/>
      <line num="154" count="0" type="stmt"/>
      <line num="155" count="0" type="stmt"/>
      <line num="156" count="0" type="stmt"/>
      <line num="157" count="0" type="stmt"/>
      <line num="158" count="0" type="stmt"/>
      <line num="160" count="0" type="stmt"/>
      <line num="161" count="0" type="stmt"/>
      <line num="162" count="0" type="stmt"/>
      <line num="163" count="0" type="stmt"/>
      <line num="164" count="0" type="stmt"/>
      <line num="165" count="0" type="stmt"/>
      <line num="166" count="0" type="stmt"/>
      <line num="179" count="0" type="stmt"/>
      <line num="180" count="0" type="stmt"/>
      <line num="181" count="0" type="cond" truecount="0" falsecount="2"/>
      <line num="184" count="0" type="stmt"/>
      <line num="185" count="0" type="stmt"/>
      <line num="188" count="0" type="stmt"/>
      <line num="189" count="0" type="stmt"/>
      <line num="193" count="0" type="stmt"/>
      <line num="194" count="0" type="stmt"/>
      <line num="197" count="0" type="stmt"/>
      <line num="198" count="0" type="stmt"/>
      <line num="199" count="0" type="stmt"/>
      <line num="201" count="0" type="stmt"/>
      <line num="205" count="0" type="stmt"/>
      <line num="206" count="0" type="stmt"/>
      <line num="207" count="0" type="stmt"/>
      <line num="208" count="0" type="stmt"/>
      <line num="212" count="0" type="stmt"/>
      <line num="213" count="0" type="stmt"/>
      <line num="215" count="0" type="cond" truecount="0" falsecount="2"/>
      <line num="216" count="0" type="stmt"/>
      <line num="218" count="0" type="stmt"/>
      <line num="223" count="0" type="stmt"/>
      <line num="224" count="0" type="stmt"/>
      <line num="225" count="0" type="stmt"/>
      <line num="228" count="0" type="stmt"/>
      <line num="229" count="0" type="stmt"/>
      <line num="230" count="0" type="stmt"/>
      <line num="232" count="0" type="stmt"/>
      <line num="233" count="0" type="stmt"/>
      <line num="234" count="0" type="stmt"/>
      <line num="237" count="0" type="stmt"/>
      <line num="238" count="0" type="stmt"/>
      <line num="239" count="0" type="stmt"/>
      <line num="242" count="0" type="stmt"/>
      <line num="243" count="0" type="cond" truecount="0" falsecount="2"/>
      <line num="245" count="0" type="cond" truecount="0" falsecount="4"/>
      <line num="246" count="0" type="stmt"/>
      <line num="258" count="0" type="stmt"/>
      <line num="261" count="0" type="stmt"/>
      <line num="262" count="0" type="stmt"/>
      <line num="263" count="0" type="stmt"/>
      <line num="266" count="0" type="stmt"/>
      <line num="269" count="0" type="stmt"/>
      <line num="270" count="0" type="stmt"/>
      <line num="275" count="0" type="stmt"/>
      <line num="276" count="0" type="stmt"/>
      <line num="277" count="0" type="stmt"/>
      <line num="279" count="0" type="cond" truecount="0" falsecount="2"/>
      <line num="281" count="0" type="stmt"/>
      <line num="282" count="0" type="stmt"/>
      <line num="283" count="0" type="stmt"/>
      <line num="284" count="0" type="stmt"/>
      <line num="285" count="0" type="cond" truecount="0" falsecount="4"/>
      <line num="286" count="0" type="stmt"/>
      <line num="287" count="0" type="stmt"/>
      <line num="289" count="0" type="stmt"/>
      <line num="291" count="0" type="cond" truecount="0" falsecount="2"/>
      <line num="292" count="0" type="stmt"/>
      <line num="295" count="0" type="stmt"/>
      <line num="296" count="0" type="stmt"/>
      <line num="301" count="0" type="stmt"/>
      <line num="302" count="0" type="stmt"/>
      <line num="304" count="0" type="cond" truecount="0" falsecount="4"/>
      <line num="307" count="0" type="stmt"/>
      <line num="310" count="0" type="stmt"/>
      <line num="311" count="0" type="stmt"/>
      <line num="314" count="0" type="cond" truecount="0" falsecount="2"/>
      <line num="315" count="0" type="cond" truecount="0" falsecount="2"/>
      <line num="316" count="0" type="stmt"/>
      <line num="317" count="0" type="stmt"/>
      <line num="318" count="0" type="stmt"/>
      <line num="320" count="0" type="cond" truecount="0" falsecount="2"/>
      <line num="321" count="0" type="stmt"/>
      <line num="325" count="0" type="stmt"/>
      <line num="327" count="0" type="stmt"/>
      <line num="328" count="0" type="stmt"/>
      <line num="329" count="0" type="stmt"/>
      <line num="332" count="0" type="stmt"/>
      <line num="339" count="0" type="cond" truecount="0" falsecount="2"/>
      <line num="340" count="0" type="stmt"/>
      <line num="341" count="0" type="stmt"/>
      <line num="344" count="0" type="cond" truecount="0" falsecount="2"/>
      <line num="345" count="0" type="stmt"/>
      <line num="352" count="0" type="stmt"/>
      <line num="353" count="0" type="stmt"/>
      <line num="354" count="0" type="cond" truecount="0" falsecount="2"/>
      <line num="356" count="0" type="cond" truecount="0" falsecount="2"/>
      <line num="357" count="0" type="stmt"/>
      <line num="358" count="0" type="stmt"/>
      <line num="359" count="0" type="stmt"/>
      <line num="362" count="0" type="cond" truecount="0" falsecount="2"/>
      <line num="363" count="0" type="stmt"/>
      <line num="367" count="0" type="stmt"/>
      <line num="368" count="0" type="cond" truecount="0" falsecount="2"/>
      <line num="369" count="0" type="stmt"/>
      <line num="373" count="0" type="cond" truecount="0" falsecount="2"/>
      <line num="374" count="0" type="stmt"/>
      <line num="375" count="0" type="stmt"/>
      <line num="376" count="0" type="stmt"/>
      <line num="377" count="0" type="stmt"/>
      <line num="381" count="0" type="cond" truecount="0" falsecount="2"/>
      <line num="382" count="0" type="stmt"/>
      <line num="383" count="0" type="stmt"/>
      <line num="388" count="0" type="stmt"/>
      <line num="389" count="0" type="stmt"/>
      <line num="390" count="0" type="stmt"/>
      <line num="391" count="0" type="stmt"/>
      <line num="392" count="0" type="stmt"/>
      <line num="393" count="0" type="stmt"/>
      <line num="396" count="0" type="stmt"/>
      <line num="397" count="0" type="stmt"/>
      <line num="398" count="0" type="stmt"/>
    </file>
    <file name="core.js" path="/Users/linjie/Documents/GitHub/wenhuistage-ops.github.io/js/core.js">
      <metrics statements="135" coveredstatements="0" conditionals="59" coveredconditionals="0" methods="18" coveredmethods="0"/>
      <line num="25" count="0" type="stmt"/>
      <line num="26" count="0" type="stmt"/>
      <line num="27" count="0" type="cond" truecount="0" falsecount="2"/>
      <line num="28" count="0" type="stmt"/>
      <line num="30" count="0" type="stmt"/>
      <line num="31" count="0" type="stmt"/>
      <line num="32" count="0" type="stmt"/>
      <line num="35" count="0" type="stmt"/>
      <line num="37" count="0" type="stmt"/>
      <line num="39" count="0" type="stmt"/>
      <line num="49" count="0" type="stmt"/>
      <line num="57" count="0" type="stmt"/>
      <line num="58" count="0" type="stmt"/>
      <line num="59" count="0" type="cond" truecount="0" falsecount="2"/>
      <line num="60" count="0" type="stmt"/>
      <line num="64" count="0" type="cond" truecount="0" falsecount="2"/>
      <line num="65" count="0" type="stmt"/>
      <line num="66" count="0" type="stmt"/>
      <line num="68" count="0" type="stmt"/>
      <line num="72" count="0" type="stmt"/>
      <line num="73" count="0" type="stmt"/>
      <line num="79" count="0" type="cond" truecount="0" falsecount="2"/>
      <line num="82" count="0" type="stmt"/>
      <line num="84" count="0" type="stmt"/>
      <line num="85" count="0" type="cond" truecount="0" falsecount="2"/>
      <line num="86" count="0" type="stmt"/>
      <line num="89" count="0" type="stmt"/>
      <line num="91" count="0" type="stmt"/>
      <line num="96" count="0" type="cond" truecount="0" falsecount="2"/>
      <line num="97" count="0" type="stmt"/>
      <line num="101" count="0" type="stmt"/>
      <line num="102" count="0" type="stmt"/>
      <line num="103" count="0" type="stmt"/>
      <line num="104" count="0" type="stmt"/>
      <line num="107" count="0" type="cond" truecount="0" falsecount="2"/>
      <line num="108" count="0" type="cond" truecount="0" falsecount="2"/>
      <line num="109" count="0" type="stmt"/>
      <line num="111" count="0" type="stmt"/>
      <line num="117" count="0" type="stmt"/>
      <line num="118" count="0" type="stmt"/>
      <line num="119" count="0" type="stmt"/>
      <line num="120" count="0" type="cond" truecount="0" falsecount="2"/>
      <line num="121" count="0" type="stmt"/>
      <line num="124" count="0" type="cond" truecount="0" falsecount="2"/>
      <line num="125" count="0" type="stmt"/>
      <line num="145" count="0" type="stmt"/>
      <line num="148" count="0" type="stmt"/>
      <line num="151" count="0" type="stmt"/>
      <line num="154" count="0" type="stmt"/>
      <line num="155" count="0" type="stmt"/>
      <line num="158" count="0" type="stmt"/>
      <line num="161" count="0" type="stmt"/>
      <line num="162" count="0" type="cond" truecount="0" falsecount="2"/>
      <line num="164" count="0" type="stmt"/>
      <line num="166" count="0" type="stmt"/>
      <line num="176" count="0" type="cond" truecount="0" falsecount="2"/>
      <line num="177" count="0" type="stmt"/>
      <line num="181" count="0" type="stmt"/>
      <line num="182" count="0" type="stmt"/>
      <line num="183" count="0" type="stmt"/>
      <line num="186" count="0" type="stmt"/>
      <line num="187" count="0" type="cond" truecount="0" falsecount="4"/>
      <line num="188" count="0" type="stmt"/>
      <line num="190" count="0" type="stmt"/>
      <line num="194" count="0" type="stmt"/>
      <line num="195" count="0" type="stmt"/>
      <line num="197" count="0" type="stmt"/>
      <line num="200" count="0" type="cond" truecount="0" falsecount="2"/>
      <line num="217" count="0" type="stmt"/>
      <line num="219" count="0" type="stmt"/>
      <line num="220" count="0" type="cond" truecount="0" falsecount="2"/>
      <line num="221" count="0" type="stmt"/>
      <line num="225" count="0" type="stmt"/>
      <line num="226" count="0" type="cond" truecount="0" falsecount="5"/>
      <line num="227" count="0" type="stmt"/>
      <line num="229" count="0" type="cond" truecount="0" falsecount="2"/>
      <line num="230" count="0" type="stmt"/>
      <line num="232" count="0" type="stmt"/>
      <line num="234" count="0" type="stmt"/>
      <line num="236" count="0" type="stmt"/>
      <line num="237" count="0" type="stmt"/>
      <line num="248" count="0" type="stmt"/>
      <line num="249" count="0" type="cond" truecount="0" falsecount="2"/>
      <line num="250" count="0" type="cond" truecount="0" falsecount="2"/>
      <line num="251" count="0" type="stmt"/>
      <line num="254" count="0" type="stmt"/>
      <line num="255" count="0" type="stmt"/>
      <line num="256" count="0" type="stmt"/>
      <line num="258" count="0" type="stmt"/>
      <line num="259" count="0" type="cond" truecount="0" falsecount="2"/>
      <line num="260" count="0" type="stmt"/>
      <line num="268" count="0" type="cond" truecount="0" falsecount="1"/>
      <line num="269" count="0" type="stmt"/>
      <line num="270" count="0" type="stmt"/>
      <line num="271" count="0" type="stmt"/>
      <line num="272" count="0" type="stmt"/>
      <line num="273" count="0" type="cond" truecount="0" falsecount="2"/>
      <line num="274" count="0" type="stmt"/>
      <line num="275" count="0" type="cond" truecount="0" falsecount="2"/>
      <line num="276" count="0" type="stmt"/>
      <line num="278" count="0" type="stmt"/>
      <line num="280" count="0" type="stmt"/>
      <line num="281" count="0" type="stmt"/>
      <line num="282" count="0" type="stmt"/>
      <line num="296" count="0" type="stmt"/>
      <line num="297" count="0" type="stmt"/>
      <line num="298" count="0" type="stmt"/>
      <line num="299" count="0" type="stmt"/>
      <line num="300" count="0" type="stmt"/>
      <line num="302" count="0" type="cond" truecount="0" falsecount="4"/>
      <line num="303" count="0" type="stmt"/>
      <line num="304" count="0" type="stmt"/>
      <line num="305" count="0" type="stmt"/>
      <line num="308" count="0" type="stmt"/>
      <line num="309" count="0" type="stmt"/>
      <line num="312" count="0" type="stmt"/>
      <line num="315" count="0" type="stmt"/>
      <line num="316" count="0" type="stmt"/>
      <line num="317" count="0" type="stmt"/>
      <line num="318" count="0" type="stmt"/>
      <line num="319" count="0" type="stmt"/>
      <line num="321" count="0" type="stmt"/>
      <line num="324" count="0" type="stmt"/>
      <line num="325" count="0" type="stmt"/>
      <line num="326" count="0" type="stmt"/>
      <line num="329" count="0" type="stmt"/>
      <line num="330" count="0" type="stmt"/>
      <line num="331" count="0" type="stmt"/>
      <line num="334" count="0" type="stmt"/>
      <line num="335" count="0" type="cond" truecount="0" falsecount="2"/>
      <line num="336" count="0" type="stmt"/>
      <line num="337" count="0" type="stmt"/>
      <line num="341" count="0" type="stmt"/>
      <line num="342" count="0" type="stmt"/>
      <line num="343" count="0" type="stmt"/>
    </file>
    <file name="location.js" path="/Users/linjie/Documents/GitHub/wenhuistage-ops.github.io/js/location.js">
      <metrics statements="225" coveredstatements="0" conditionals="162" coveredconditionals="0" methods="35" coveredmethods="0"/>
      <line num="24" count="0" type="stmt"/>
      <line num="26" count="0" type="stmt"/>
      <line num="30" count="0" type="stmt"/>
      <line num="31" count="0" type="stmt"/>
      <line num="33" count="0" type="cond" truecount="0" falsecount="4"/>
      <line num="35" count="0" type="stmt"/>
      <line num="37" count="0" type="cond" truecount="0" falsecount="2"/>
      <line num="40" count="0" type="stmt"/>
      <line num="46" count="0" type="stmt"/>
      <line num="47" count="0" type="stmt"/>
      <line num="51" count="0" type="stmt"/>
      <line num="52" count="0" type="stmt"/>
      <line num="54" count="0" type="stmt"/>
      <line num="56" count="0" type="stmt"/>
      <line num="57" count="0" type="stmt"/>
      <line num="60" count="0" type="stmt"/>
      <line num="61" count="0" type="stmt"/>
      <line num="66" count="0" type="stmt"/>
      <line num="67" count="0" type="stmt"/>
      <line num="68" count="0" type="stmt"/>
      <line num="69" count="0" type="cond" truecount="0" falsecount="2"/>
      <line num="71" count="0" type="cond" truecount="0" falsecount="2"/>
      <line num="72" count="0" type="stmt"/>
      <line num="75" count="0" type="cond" truecount="0" falsecount="2"/>
      <line num="77" count="0" type="cond" truecount="0" falsecount="2"/>
      <line num="78" count="0" type="stmt"/>
      <line num="79" count="0" type="stmt"/>
      <line num="83" count="0" type="stmt"/>
      <line num="84" count="0" type="stmt"/>
      <line num="89" count="0" type="stmt"/>
      <line num="92" count="0" type="stmt"/>
[...]
      <line num="44" count="0" type="stmt"/>
      <line num="45" count="0" type="stmt"/>
      <line num="46" count="0" type="stmt"/>
      <line num="47" count="0" type="stmt"/>
      <line num="48" count="0" type="stmt"/>
      <line num="53" count="0" type="stmt"/>
      <line num="54" count="0" type="stmt"/>
      <line num="55" count="0" type="stmt"/>
      <line num="56" count="0" type="stmt"/>
      <line num="57" count="0" type="stmt"/>
      <line num="58" count="0" type="stmt"/>
      <line num="59" count="0" type="stmt"/>
      <line num="60" count="0" type="stmt"/>
      <line num="61" count="0" type="stmt"/>
      <line num="62" count="0" type="stmt"/>
      <line num="63" count="0" type="stmt"/>
      <line num="66" count="0" type="stmt"/>
      <line num="67" count="0" type="stmt"/>
      <line num="68" count="0" type="stmt"/>
      <line num="69" count="0" type="stmt"/>
      <line num="72" count="0" type="stmt"/>
      <line num="73" count="0" type="stmt"/>
      <line num="74" count="0" type="stmt"/>
      <line num="75" count="0" type="stmt"/>
      <line num="77" count="0" type="stmt"/>
      <line num="78" count="0" type="stmt"/>
      <line num="79" count="0" type="stmt"/>
      <line num="80" count="0" type="stmt"/>
      <line num="81" count="0" type="stmt"/>
      <line num="83" count="0" type="stmt"/>
      <line num="86" count="0" type="stmt"/>
      <line num="87" count="0" type="stmt"/>
      <line num="88" count="0" type="stmt"/>
      <line num="89" count="0" type="stmt"/>
      <line num="90" count="0" type="stmt"/>
      <line num="95" count="0" type="stmt"/>
      <line num="96" count="0" type="stmt"/>
      <line num="99" count="0" type="stmt"/>
      <line num="101" count="0" type="cond" truecount="0" falsecount="2"/>
      <line num="102" count="0" type="cond" truecount="0" falsecount="2"/>
      <line num="103" count="0" type="cond" truecount="0" falsecount="2"/>
      <line num="104" count="0" type="stmt"/>
      <line num="105" count="0" type="cond" truecount="0" falsecount="2"/>
      <line num="106" count="0" type="stmt"/>
      <line num="107" count="0" type="cond" truecount="0" falsecount="2"/>
      <line num="108" count="0" type="stmt"/>
      <line num="109" count="0" type="cond" truecount="0" falsecount="2"/>
      <line num="110" count="0" type="stmt"/>
      <line num="112" count="0" type="stmt"/>
      <line num="116" count="0" type="stmt"/>
      <line num="117" count="0" type="stmt"/>
      <line num="118" count="0" type="stmt"/>
      <line num="120" count="0" type="stmt"/>
      <line num="121" count="0" type="stmt"/>
      <line num="122" count="0" type="stmt"/>
      <line num="123" count="0" type="stmt"/>
      <line num="124" count="0" type="stmt"/>
      <line num="125" count="0" type="stmt"/>
      <line num="126" count="0" type="stmt"/>
      <line num="127" count="0" type="stmt"/>
      <line num="129" count="0" type="stmt"/>
      <line num="131" count="0" type="stmt"/>
      <line num="133" count="0" type="stmt"/>
      <line num="134" count="0" type="stmt"/>
      <line num="135" count="0" type="stmt"/>
      <line num="136" count="0" type="stmt"/>
      <line num="137" count="0" type="stmt"/>
      <line num="138" count="0" type="stmt"/>
      <line num="139" count="0" type="stmt"/>
      <line num="140" count="0" type="stmt"/>
      <line num="143" count="0" type="stmt"/>
      <line num="144" count="0" type="stmt"/>
      <line num="145" count="0" type="stmt"/>
      <line num="146" count="0" type="stmt"/>
      <line num="149" count="0" type="stmt"/>
      <line num="150" count="0" type="stmt"/>
      <line num="151" count="0" type="stmt"/>
      <line num="152" count="0" type="stmt"/>
      <line num="153" count="0" type="stmt"/>
      <line num="154" count="0" type="stmt"/>
    </file>
    <file name="ui.js" path="/Users/linjie/Documents/GitHub/wenhuistage-ops.github.io/js/ui.js">
      <metrics statements="306" coveredstatements="0" conditionals="158" coveredconditionals="0" methods="30" coveredmethods="0"/>
      <line num="27" count="0" type="stmt"/>
      <line num="28" count="0" type="stmt"/>
      <line num="29" count="0" type="stmt"/>
      <line num="30" count="0" type="stmt"/>
      <line num="31" count="0" type="stmt"/>
      <line num="34" count="0" type="stmt"/>
      <line num="37" count="0" type="cond" truecount="0" falsecount="4"/>
      <line num="39" count="0" type="stmt"/>
      <line num="40" count="0" type="stmt"/>
      <line num="41" count="0" type="stmt"/>
      <line num="43" count="0" type="stmt"/>
      <line num="45" count="0" type="stmt"/>
      <line num="50" count="0" type="stmt"/>
      <line num="51" count="0" type="stmt"/>
      <line num="52" count="0" type="stmt"/>
      <line num="53" count="0" type="stmt"/>
      <line num="58" count="0" type="cond" truecount="0" falsecount="2"/>
      <line num="59" count="0" type="stmt"/>
      <line num="63" count="0" type="stmt"/>
      <line num="65" count="0" type="cond" truecount="0" falsecount="2"/>
      <line num="66" count="0" type="stmt"/>
      <line num="67" count="0" type="stmt"/>
      <line num="70" count="0" type="stmt"/>
      <line num="73" count="0" type="stmt"/>
      <line num="75" count="0" type="stmt"/>
      <line num="76" count="0" type="stmt"/>
      <line num="79" count="0" type="stmt"/>
      <line num="91" count="0" type="stmt"/>
      <line num="92" count="0" type="stmt"/>
      <line num="93" count="0" type="cond" truecount="0" falsecount="2"/>
      <line num="96" count="0" type="stmt"/>
      <line num="97" count="0" type="stmt"/>
      <line num="100" count="0" type="stmt"/>
      <line num="101" count="0" type="stmt"/>
      <line num="102" count="0" type="stmt"/>
      <line num="103" count="0" type="cond" truecount="0" falsecount="2"/>
      <line num="105" count="0" type="stmt"/>
      <line num="106" count="0" type="cond" truecount="0" falsecount="2"/>
      <line num="107" count="0" type="stmt"/>
      <line num="108" count="0" type="stmt"/>
      <line num="109" count="0" type="stmt"/>
      <line num="110" count="0" type="stmt"/>
      <line num="116" count="0" type="cond" truecount="0" falsecount="2"/>
      <line num="117" count="0" type="stmt"/>
      <line num="118" count="0" type="stmt"/>
      <line num="121" count="0" type="stmt"/>
      <line num="126" count="0" type="stmt"/>
      <line num="131" count="0" type="stmt"/>
      <line num="132" count="0" type="cond" truecount="0" falsecount="2"/>
      <line num="133" count="0" type="stmt"/>
      <line num="135" count="0" type="stmt"/>
      <line num="136" count="0" type="stmt"/>
      <line num="137" count="0" type="stmt"/>
      <line num="138" count="0" type="stmt"/>
      <line num="139" count="0" type="stmt"/>
      <line num="144" count="0" type="stmt"/>
      <line num="145" count="0" type="cond" truecount="0" falsecount="2"/>
      <line num="146" count="0" type="stmt"/>
      <line num="148" count="0" type="stmt"/>
      <line num="149" count="0" type="stmt"/>
      <line num="150" count="0" type="stmt"/>
      <line num="151" count="0" type="stmt"/>
      <line num="152" count="0" type="stmt"/>
      <line num="157" count="0" type="cond" truecount="0" falsecount="3"/>
      <line num="158" count="0" type="cond" truecount="0" falsecount="2"/>
      <line num="159" count="0" type="stmt"/>
      <line num="161" count="0" type="cond" truecount="0" falsecount="2"/>
      <line num="162" count="0" type="cond" truecount="0" falsecount="2"/>
      <line num="164" count="0" type="stmt"/>
      <line num="169" count="0" type="cond" truecount="0" falsecount="2"/>
      <line num="170" count="0" type="cond" truecount="0" falsecount="2"/>
      <line num="172" count="0" type="stmt"/>
      <line num="174" count="0" type="stmt"/>
      <line num="177" count="0" type="stmt"/>
      <line num="181" count="0" type="cond" truecount="0" falsecount="3"/>
      <line num="182" count="0" type="cond" truecount="0" falsecount="2"/>
      <line num="183" count="0" type="stmt"/>
      <line num="185" count="0" type="cond" truecount="0" falsecount="2"/>
      <line num="186" count="0" type="stmt"/>
      <line num="188" count="0" type="cond" truecount="0" falsecount="2"/>
      <line num="189" count="0" type="stmt"/>
      <line num="190" count="0" type="cond" truecount="0" falsecount="4"/>
      <line num="193" count="0" type="stmt"/>
      <line num="194" count="0" type="stmt"/>
      <line num="199" count="0" type="cond" truecount="0" falsecount="2"/>
      <line num="200" count="0" type="cond" truecount="0" falsecount="2"/>
      <line num="201" count="0" type="stmt"/>
      <line num="202" count="0" type="stmt"/>
      <line num="205" count="0" type="stmt"/>
      <line num="207" count="0" type="stmt"/>
      <line num="211" count="0" type="stmt"/>
      <line num="215" count="0" type="stmt"/>
      <line num="216" count="0" type="stmt"/>
      <line num="220" count="0" type="stmt"/>
      <line num="221" count="0" type="cond" truecount="0" falsecount="2"/>
      <line num="222" count="0" type="stmt"/>
      <line num="224" count="0" type="cond" truecount="0" falsecount="2"/>
      <line num="225" count="0" type="stmt"/>
      <line num="230" count="0" type="cond" truecount="0" falsecount="2"/>
      <line num="232" count="0" type="stmt"/>
      <line num="233" count="0" type="stmt"/>
      <line num="234" count="0" type="stmt"/>
      <line num="236" count="0" type="cond" truecount="0" falsecount="2"/>
      <line num="238" count="0" type="stmt"/>
      <line num="239" count="0" type="stmt"/>
      <line num="240" count="0" type="stmt"/>
      <line num="243" count="0" type="cond" truecount="0" falsecount="2"/>
      <line num="244" count="0" type="stmt"/>
      <line num="245" count="0" type="stmt"/>
      <line num="246" count="0" type="cond" truecount="0" falsecount="2"/>
      <line num="247" count="0" type="stmt"/>
      <line num="250" count="0" type="stmt"/>
      <line num="256" count="0" type="stmt"/>
      <line num="257" count="0" type="stmt"/>
      <line num="263" count="0" type="stmt"/>
      <line num="264" count="0" type="stmt"/>
      <line num="267" count="0" type="stmt"/>
      <line num="268" count="0" type="stmt"/>
      <line num="269" count="0" type="stmt"/>
      <line num="270" count="0" type="cond" truecount="0" falsecount="2"/>
      <line num="271" count="0" type="cond" truecount="0" falsecount="2"/>
      <line num="274" count="0" type="stmt"/>
      <line num="277" count="0" type="stmt"/>
      <line num="278" count="0" type="stmt"/>
      <line num="280" count="0" type="stmt"/>
      <line num="281" count="0" type="cond" truecount="0" falsecount="2"/>
      <line num="282" count="0" type="stmt"/>
      <line num="283" count="0" type="stmt"/>
      <line num="286" count="0" type="stmt"/>
      <line num="289" count="0" type="stmt"/>
      <line num="290" count="0" type="stmt"/>
      <line num="291" count="0" type="stmt"/>
      <line num="292" count="0" type="stmt"/>
      <line num="296" count="0" type="stmt"/>
      <line num="297" count="0" type="stmt"/>
      <line num="298" count="0" type="stmt"/>
      <line num="299" count="0" type="stmt"/>
      <line num="300" count="0" type="stmt"/>
      <line num="301" count="0" type="stmt"/>
      <line num="303" count="0" type="cond" truecount="0" falsecount="2"/>
      <line num="305" count="0" type="stmt"/>
      <line num="307" count="0" type="cond" truecount="0" falsecount="2"/>
      <line num="308" count="0" type="stmt"/>
      <line num="309" count="0" type="stmt"/>
      <line num="313" count="0" type="cond" truecount="0" falsecount="2"/>
      <line num="316" count="0" type="cond" truecount="0" falsecount="10"/>
      <line num="318" count="0" type="stmt"/>
      <line num="319" count="0" type="stmt"/>
      <line num="321" count="0" type="stmt"/>
      <line num="322" count="0" type="stmt"/>
      <line num="324" count="0" type="stmt"/>
      <line num="325" count="0" type="stmt"/>
      <line num="327" count="0" type="stmt"/>
      <line num="328" count="0" type="stmt"/>
      <line num="330" count="0" type="stmt"/>
      <line num="331" count="0" type="stmt"/>
      <line num="333" count="0" type="stmt"/>
      <line num="334" count="0" type="stmt"/>
      <line num="336" count="0" type="stmt"/>
      <line num="337" count="0" type="stmt"/>
      <line num="339" count="0" type="stmt"/>
      <line num="340" count="0" type="stmt"/>
      <line num="342" count="0" type="stmt"/>
      <line num="343" count="0" type="stmt"/>
      <line num="345" count="0" type="cond" truecount="0" falsecount="4"/>
      <line num="346" count="0" type="stmt"/>
      <line num="348" count="0" type="stmt"/>
      <line num="351" count="0" type="cond" truecount="0" falsecount="2"/>
      <line num="353" count="0" type="stmt"/>
      <line num="356" count="0" type="cond" truecount="0" falsecount="3"/>
      <line num="357" count="0" type="cond" truecount="0" falsecount="2"/>
      <line num="358" count="0" type="stmt"/>
      <line num="359" count="0" type="cond" truecount="0" falsecount="2"/>
      <line num="360" count="0" type="stmt"/>
      <line num="361" count="0" type="stmt"/>
      <line num="363" count="0" type="stmt"/>
      <line num="366" count="0" type="stmt"/>
      <line num="367" count="0" type="stmt"/>
      <line num="368" count="0" type="stmt"/>
      <line num="371" count="0" type="stmt"/>
      <line num="373" count="0" type="cond" truecount="0" falsecount="2"/>
      <line num="376" count="0" type="cond" truecount="0" falsecount="4"/>
      <line num="378" count="0" type="stmt"/>
      <line num="379" count="0" type="cond" truecount="0" falsecount="2"/>
      <line num="381" count="0" type="stmt"/>
      <line num="385" count="0" type="stmt"/>
      <line num="389" count="0" type="stmt"/>
      <line num="390" count="0" type="stmt"/>
      <line num="391" count="0" type="stmt"/>
      <line num="392" count="0" type="stmt"/>
      <line num="394" count="0" type="stmt"/>
      <line num="395" count="0" type="stmt"/>
      <line num="396" count="0" type="stmt"/>
      <line num="397" count="0" type="stmt"/>
      <line num="400" count="0" type="stmt"/>
      <line num="403" count="0" type="stmt"/>
      <line num="404" count="0" type="stmt"/>
      <line num="406" count="0" type="stmt"/>
      <line num="410" count="0" type="stmt"/>
      <line num="411" count="0" type="stmt"/>
      <line num="416" count="0" type="stmt"/>
      <line num="417" count="0" type="stmt"/>
      <line num="418" count="0" type="stmt"/>
      <line num="419" count="0" type="stmt"/>
      <line num="420" count="0" type="stmt"/>
      <line num="422" count="0" type="stmt"/>
      <line num="426" count="0" type="stmt"/>
      <line num="427" count="0" type="stmt"/>
      <line num="428" count="0" type="stmt"/>
      <line num="429" count="0" type="cond" truecount="0" falsecount="2"/>
      <line num="430" count="0" type="stmt"/>
      <line num="434" count="0" type="stmt"/>
      <line num="435" count="0" type="stmt"/>
      <line num="436" count="0" type="stmt"/>
      <line num="438" count="0" type="stmt"/>
      <line num="439" count="0" type="stmt"/>
      <line num="440" count="0" type="cond" truecount="0" falsecount="2"/>
      <line num="441" count="0" type="cond" truecount="0" falsecount="2"/>
      <line num="442" count="0" type="stmt"/>
      <line num="445" count="0" type="stmt"/>
      <line num="446" count="0" type="cond" truecount="0" falsecount="2"/>
      <line num="447" count="0" type="stmt"/>
      <line num="449" count="0" type="cond" truecount="0" falsecount="2"/>
      <line num="450" count="0" type="stmt"/>
      <line num="451" count="0" type="stmt"/>
      <line num="462" count="0" type="stmt"/>
      <line num="463" count="0" type="stmt"/>
      <line num="466" count="0" type="stmt"/>
      <line num="469" count="0" type="stmt"/>
      <line num="472" count="0" type="stmt"/>
      <line num="473" count="0" type="stmt"/>
      <line num="475" count="0" type="cond" truecount="0" falsecount="2"/>
      <line num="476" count="0" type="stmt"/>
      <line num="479" count="0" type="stmt"/>
      <line num="480" count="0" type="stmt"/>
      <line num="482" count="0" type="cond" truecount="0" falsecount="4"/>
      <line num="483" count="0" type="stmt"/>
      <line num="484" count="0" type="stmt"/>
      <line num="488" count="0" type="stmt"/>
      <line num="489" count="0" type="stmt"/>
      <line num="490" count="0" type="stmt"/>
      <line num="493" count="0" type="cond" truecount="0" falsecount="2"/>
      <line num="495" count="0" type="stmt"/>
      <line num="496" count="0" type="cond" truecount="0" falsecount="2"/>
      <line num="497" count="0" type="cond" truecount="0" falsecount="2"/>
      <line num="499" count="0" type="stmt"/>
      <line num="501" count="0" type="stmt"/>
      <line num="505" count="0" type="stmt"/>
      <line num="509" count="0" type="cond" truecount="0" falsecount="2"/>
      <line num="510" count="0" type="stmt"/>
      <line num="511" count="0" type="cond" truecount="0" falsecount="2"/>
      <line num="512" count="0" type="stmt"/>
      <line num="514" count="0" type="stmt"/>
      <line num="518" count="0" type="cond" truecount="0" falsecount="2"/>
      <line num="522" count="0" type="stmt"/>
      <line num="527" count="0" type="stmt"/>
      <line num="530" count="0" type="stmt"/>
      <line num="531" count="0" type="stmt"/>
      <line num="535" count="0" type="stmt"/>
      <line num="536" count="0" type="stmt"/>
      <line num="538" count="0" type="stmt"/>
      <line num="539" count="0" type="cond" truecount="0" falsecount="2"/>
      <line num="540" count="0" type="stmt"/>
      <line num="549" count="0" type="stmt"/>
      <line num="556" count="0" type="stmt"/>
      <line num="559" count="0" type="stmt"/>
      <line num="560" count="0" type="stmt"/>
      <line num="563" count="0" type="stmt"/>
      <line num="565" count="0" type="stmt"/>
      <line num="573" count="0" type="stmt"/>
      <line num="574" count="0" type="stmt"/>
      <line num="575" count="0" type="stmt"/>
      <line num="578" count="0" type="stmt"/>
      <line num="579" count="0" type="stmt"/>
      <line num="580" count="0" type="stmt"/>
      <line num="581" count="0" type="stmt"/>
      <line num="585" count="0" type="stmt"/>
      <line num="586" count="0" type="stmt"/>
      <line num="587" count="0" type="stmt"/>
      <line num="588" count="0" type="stmt"/>
      <line num="592" count="0" type="stmt"/>
      <line num="593" count="0" type="stmt"/>
      <line num="594" count="0" type="stmt"/>
      <line num="597" count="0" type="stmt"/>
      <line num="598" count="0" type="stmt"/>
      <line num="599" count="0" type="stmt"/>
      <line num="602" count="0" type="cond" truecount="0" falsecount="2"/>
      <line num="603" count="0" type="stmt"/>
      <line num="604" count="0" type="cond" truecount="0" falsecount="4"/>
      <line num="605" count="0" type="stmt"/>
      <line num="606" count="0" type="cond" truecount="0" falsecount="2"/>
      <line num="607" count="0" type="stmt"/>
      <line num="612" count="0" type="cond" truecount="0" falsecount="2"/>
      <line num="613" count="0" type="stmt"/>
      <line num="615" count="0" type="cond" truecount="0" falsecount="2"/>
      <line num="619" count="0" type="stmt"/>
      <line num="623" count="0" type="stmt"/>
      <line num="626" count="0" type="stmt"/>
      <line num="627" count="0" type="stmt"/>
      <line num="630" count="0" type="stmt"/>
      <line num="639" count="0" type="cond" truecount="0" falsecount="2"/>
      <line num="640" count="0" type="stmt"/>
      <line num="644" count="0" type="stmt"/>
      <line num="647" count="0" type="cond" truecount="0" falsecount="2"/>
      <line num="648" count="0" type="stmt"/>
      <line num="649" count="0" type="stmt"/>
    </file>
  </project>
</coverage>
