{"/Users/linjie/Documents/GitHub/wenhuistage-ops.github.io/js/admin.js": {"path":"/Users/linjie/Documents/GitHub/wenhuistage-ops.github.io/js/admin.js","statementMap":{"0":{"start":{"line":32,"column":23},"end":{"line":42,"column":1}},"1":{"start":{"line":48,"column":24},"end":{"line":57,"column":1}},"2":{"start":{"line":71,"column":23},"end":{"line":71,"column":47}},"3":{"start":{"line":72,"column":25},"end":{"line":72,"column":42}},"4":{"start":{"line":74,"column":4},"end":{"line":77,"column":5}},"5":{"start":{"line":75,"column":8},"end":{"line":75,"column":97}},"6":{"start":{"line":76,"column":8},"end":{"line":76,"column":15}},"7":{"start":{"line":80,"column":17},"end":{"line":80,"column":35}},"8":{"start":{"line":81,"column":18},"end":{"line":81,"column":33}},"9":{"start":{"line":82,"column":18},"end":{"line":82,"column":28}},"10":{"start":{"line":85,"column":21},"end":{"line":85,"column":55}},"11":{"start":{"line":86,"column":26},"end":{"line":86,"column":47}},"12":{"start":{"line":87,"column":21},"end":{"line":87,"column":52}},"13":{"start":{"line":90,"column":29},"end":{"line":103,"column":5}},"14":{"start":{"line":93,"column":8},"end":{"line":93,"column":39}},"15":{"start":{"line":95,"column":8},"end":{"line":95,"column":92}},"16":{"start":{"line":98,"column":8},"end":{"line":98,"column":54}},"17":{"start":{"line":102,"column":8},"end":{"line":102,"column":50}},"18":{"start":{"line":106,"column":4},"end":{"line":152,"column":5}},"19":{"start":{"line":108,"column":8},"end":{"line":108,"column":64}},"20":{"start":{"line":109,"column":8},"end":{"line":109,"column":56}},"21":{"start":{"line":110,"column":8},"end":{"line":110,"column":41}},"22":{"start":{"line":111,"column":8},"end":{"line":111,"column":52}},"23":{"start":{"line":112,"column":8},"end":{"line":112,"column":49}},"24":{"start":{"line":119,"column":8},"end":{"line":119,"column":147}},"25":{"start":{"line":120,"column":8},"end":{"line":120,"column":87}},"26":{"start":{"line":120,"column":54},"end":{"line":120,"column":87}},"27":{"start":{"line":122,"column":8},"end":{"line":151,"column":9}},"28":{"start":{"line":123,"column":24},"end":{"line":127,"column":14}},"29":{"start":{"line":129,"column":12},"end":{"line":145,"column":13}},"30":{"start":{"line":131,"column":32},"end":{"line":131,"column":61}},"31":{"start":{"line":132,"column":16},"end":{"line":132,"column":55}},"32":{"start":{"line":135,"column":16},"end":{"line":135,"column":42}},"33":{"start":{"line":136,"column":16},"end":{"line":136,"column":49}},"34":{"start":{"line":137,"column":16},"end":{"line":137,"column":60}},"35":{"start":{"line":138,"column":16},"end":{"line":138,"column":57}},"36":{"start":{"line":141,"column":16},"end":{"line":141,"column":84}},"37":{"start":{"line":143,"column":16},"end":{"line":143,"column":149}},"38":{"start":{"line":144,"column":16},"end":{"line":144,"column":79}},"39":{"start":{"line":148,"column":12},"end":{"line":148,"column":71}},"40":{"start":{"line":150,"column":12},"end":{"line":150,"column":129}},"41":{"start":{"line":156,"column":4},"end":{"line":156,"column":83}},"42":{"start":{"line":160,"column":26},"end":{"line":160,"column":64}},"43":{"start":{"line":161,"column":4},"end":{"line":163,"column":5}},"44":{"start":{"line":162,"column":8},"end":{"line":162,"column":54}},"45":{"start":{"line":164,"column":4},"end":{"line":164,"column":40}},"46":{"start":{"line":165,"column":4},"end":{"line":165,"column":41}},"47":{"start":{"line":166,"column":4},"end":{"line":169,"column":5}},"48":{"start":{"line":167,"column":26},"end":{"line":167,"column":54}},"49":{"start":{"line":168,"column":8},"end":{"line":168,"column":46}},"50":{"start":{"line":173,"column":21},"end":{"line":173,"column":46}},"51":{"start":{"line":174,"column":4},"end":{"line":176,"column":5}},"52":{"start":{"line":175,"column":8},"end":{"line":175,"column":51}},"53":{"start":{"line":177,"column":4},"end":{"line":179,"column":5}},"54":{"start":{"line":178,"column":8},"end":{"line":178,"column":44}},"55":{"start":{"line":183,"column":26},"end":{"line":183,"column":57}},"56":{"start":{"line":184,"column":4},"end":{"line":184,"column":40}},"57":{"start":{"line":188,"column":4},"end":{"line":188,"column":58}},"58":{"start":{"line":188,"column":48},"end":{"line":188,"column":58}},"59":{"start":{"line":190,"column":17},"end":{"line":190,"column":104}},"60":{"start":{"line":191,"column":17},"end":{"line":191,"column":104}},"61":{"start":{"line":192,"column":22},"end":{"line":192,"column":106}},"62":{"start":{"line":194,"column":4},"end":{"line":194,"column":45}},"63":{"start":{"line":194,"column":35},"end":{"line":194,"column":45}},"64":{"start":{"line":196,"column":18},"end":{"line":196,"column":92}},"65":{"start":{"line":197,"column":18},"end":{"line":197,"column":96}},"66":{"start":{"line":198,"column":21},"end":{"line":198,"column":49}},"67":{"start":{"line":200,"column":4},"end":{"line":206,"column":5}},"68":{"start":{"line":201,"column":22},"end":{"line":201,"column":109}},"69":{"start":{"line":202,"column":27},"end":{"line":202,"column":113}},"70":{"start":{"line":203,"column":8},"end":{"line":205,"column":9}},"71":{"start":{"line":204,"column":12},"end":{"line":204,"column":54}},"72":{"start":{"line":207,"column":4},"end":{"line":207,"column":20}},"73":{"start":{"line":211,"column":4},"end":{"line":240,"column":5}},"74":{"start":{"line":212,"column":26},"end":{"line":212,"column":92}},"75":{"start":{"line":213,"column":26},"end":{"line":213,"column":92}},"76":{"start":{"line":214,"column":24},"end":{"line":214,"column":54}},"77":{"start":{"line":215,"column":24},"end":{"line":215,"column":54}},"78":{"start":{"line":216,"column":30},"end":{"line":216,"column":69}},"79":{"start":{"line":217,"column":27},"end":{"line":217,"column":122}},"80":{"start":{"line":217,"column":90},"end":{"line":217,"column":121}},"81":{"start":{"line":219,"column":8},"end":{"line":237,"column":11}},"82":{"start":{"line":220,"column":12},"end":{"line":220,"column":49}},"83":{"start":{"line":220,"column":42},"end":{"line":220,"column":49}},"84":{"start":{"line":221,"column":26},"end":{"line":221,"column":78}},"85":{"start":{"line":222,"column":12},"end":{"line":236,"column":22}},"86":{"start":{"line":223,"column":16},"end":{"line":235,"column":17}},"87":{"start":{"line":224,"column":32},"end":{"line":228,"column":22}},"88":{"start":{"line":229,"column":20},"end":{"line":232,"column":21}},"89":{"start":{"line":230,"column":24},"end":{"line":230,"column":80}},"90":{"start":{"line":231,"column":24},"end":{"line":231,"column":61}},"91":{"start":{"line":234,"column":20},"end":{"line":234,"column":73}},"92":{"start":{"line":239,"column":8},"end":{"line":239,"column":57}},"93":{"start":{"line":249,"column":26},"end":{"line":251,"column":15}},"94":{"start":{"line":253,"column":22},"end":{"line":253,"column":41}},"95":{"start":{"line":254,"column":30},"end":{"line":254,"column":51}},"96":{"start":{"line":256,"column":37},"end":{"line":256,"column":38}},"97":{"start":{"line":257,"column":29},"end":{"line":257,"column":31}},"98":{"start":{"line":258,"column":27},"end":{"line":258,"column":28}},"99":{"start":{"line":259,"column":29},"end":{"line":259,"column":30}},"100":{"start":{"line":260,"column":24},"end":{"line":260,"column":25}},"101":{"start":{"line":261,"column":25},"end":{"line":261,"column":26}},"102":{"start":{"line":262,"column":26},"end":{"line":262,"column":27}},"103":{"start":{"line":263,"column":4},"end":{"line":327,"column":7}},"104":{"start":{"line":265,"column":8},"end":{"line":326,"column":9}},"105":{"start":{"line":267,"column":31},"end":{"line":267,"column":57}},"106":{"start":{"line":270,"column":12},"end":{"line":273,"column":13}},"107":{"start":{"line":271,"column":16},"end":{"line":271,"column":66}},"108":{"start":{"line":272,"column":16},"end":{"line":272,"column":23}},"109":{"start":{"line":275,"column":30},"end":{"line":275,"column":49}},"110":{"start":{"line":277,"column":38},"end":{"line":277,"column":68}},"111":{"start":{"line":278,"column":36},"end":{"line":279,"column":85}},"112":{"start":{"line":280,"column":36},"end":{"line":282,"column":27}},"113":{"start":{"line":283,"column":37},"end":{"line":285,"column":61}},"114":{"start":{"line":287,"column":28},"end":{"line":287,"column":92}},"115":{"start":{"line":296,"column":16},"end":{"line":301,"column":13}},"116":{"start":{"line":302,"column":12},"end":{"line":302,"column":43}},"117":{"start":{"line":303,"column":12},"end":{"line":303,"column":80}},"118":{"start":{"line":304,"column":12},"end":{"line":304,"column":86}},"119":{"start":{"line":305,"column":12},"end":{"line":305,"column":66}},"120":{"start":{"line":306,"column":12},"end":{"line":306,"column":74}},"121":{"start":{"line":307,"column":12},"end":{"line":307,"column":61}},"122":{"start":{"line":309,"column":38},"end":{"line":309,"column":73}},"123":{"start":{"line":311,"column":12},"end":{"line":325,"column":13}},"124":{"start":{"line":312,"column":16},"end":{"line":312,"column":58}},"125":{"start":{"line":313,"column":44},"end":{"line":313,"column":69}},"126":{"start":{"line":314,"column":16},"end":{"line":318,"column":18}},"127":{"start":{"line":319,"column":19},"end":{"line":325,"column":13}},"128":{"start":{"line":321,"column":16},"end":{"line":324,"column":18}},"129":{"start":{"line":329,"column":4},"end":{"line":329,"column":71}},"130":{"start":{"line":332,"column":27},"end":{"line":332,"column":82}},"131":{"start":{"line":333,"column":26},"end":{"line":333,"column":121}},"132":{"start":{"line":334,"column":29},"end":{"line":337,"column":16}},"133":{"start":{"line":338,"column":4},"end":{"line":386,"column":5}},"134":{"start":{"line":340,"column":27},"end":{"line":380,"column":9}},"135":{"start":{"line":377,"column":55},"end":{"line":377,"column":75}},"136":{"start":{"line":381,"column":8},"end":{"line":381,"column":65}},"137":{"start":{"line":383,"column":8},"end":{"line":385,"column":9}},"138":{"start":{"line":384,"column":12},"end":{"line":384,"column":46}},"139":{"start":{"line":397,"column":23},"end":{"line":401,"column":5}},"140":{"start":{"line":404,"column":26},"end":{"line":407,"column":5}},"141":{"start":{"line":405,"column":33},"end":{"line":405,"column":60}},"142":{"start":{"line":406,"column":8},"end":{"line":406,"column":36}},"143":{"start":{"line":410,"column":30},"end":{"line":414,"column":5}},"144":{"start":{"line":411,"column":28},"end":{"line":411,"column":52}},"145":{"start":{"line":412,"column":28},"end":{"line":412,"column":48}},"146":{"start":{"line":413,"column":8},"end":{"line":413,"column":54}},"147":{"start":{"line":416,"column":22},"end":{"line":416,"column":48}},"148":{"start":{"line":417,"column":23},"end":{"line":417,"column":50}},"149":{"start":{"line":420,"column":4},"end":{"line":422,"column":5}},"150":{"start":{"line":421,"column":8},"end":{"line":421,"column":59}},"151":{"start":{"line":424,"column":31},"end":{"line":424,"column":53}},"152":{"start":{"line":425,"column":28},"end":{"line":425,"column":29}},"153":{"start":{"line":428,"column":4},"end":{"line":441,"column":7}},"154":{"start":{"line":429,"column":39},"end":{"line":429,"column":50}},"155":{"start":{"line":430,"column":34},"end":{"line":430,"column":59}},"156":{"start":{"line":431,"column":32},"end":{"line":431,"column":55}},"157":{"start":{"line":433,"column":24},"end":{"line":438,"column":9}},"158":{"start":{"line":440,"column":8},"end":{"line":440,"column":37}},"159":{"start":{"line":444,"column":29},"end":{"line":444,"column":69}},"160":{"start":{"line":447,"column":27},"end":{"line":447,"column":84}},"161":{"start":{"line":449,"column":4},"end":{"line":449,"column":49}},"162":{"start":{"line":460,"column":22},"end":{"line":460,"column":23}},"163":{"start":{"line":461,"column":22},"end":{"line":461,"column":24}},"164":{"start":{"line":462,"column":30},"end":{"line":462,"column":31}},"165":{"start":{"line":464,"column":23},"end":{"line":469,"column":5}},"166":{"start":{"line":473,"column":4},"end":{"line":475,"column":5}},"167":{"start":{"line":474,"column":8},"end":{"line":474,"column":61}},"168":{"start":{"line":477,"column":4},"end":{"line":591,"column":5}},"169":{"start":{"line":483,"column":8},"end":{"line":483,"column":41}},"170":{"start":{"line":484,"column":25},"end":{"line":484,"column":39}},"171":{"start":{"line":485,"column":8},"end":{"line":485,"column":32}},"172":{"start":{"line":486,"column":8},"end":{"line":486,"column":93}},"173":{"start":{"line":488,"column":22},"end":{"line":488,"column":27}},"174":{"start":{"line":489,"column":21},"end":{"line":489,"column":45}},"175":{"start":{"line":492,"column":8},"end":{"line":496,"column":9}},"176":{"start":{"line":493,"column":28},"end":{"line":493,"column":51}},"177":{"start":{"line":494,"column":12},"end":{"line":494,"column":35}},"178":{"start":{"line":495,"column":12},"end":{"line":495,"column":98}},"179":{"start":{"line":499,"column":8},"end":{"line":499,"column":32}},"180":{"start":{"line":500,"column":8},"end":{"line":500,"column":80}},"181":{"start":{"line":501,"column":11},"end":{"line":591,"column":5}},"182":{"start":{"line":505,"column":8},"end":{"line":505,"column":41}},"183":{"start":{"line":506,"column":8},"end":{"line":530,"column":9}},"184":{"start":{"line":507,"column":12},"end":{"line":507,"column":41}},"185":{"start":{"line":508,"column":12},"end":{"line":508,"column":109}},"186":{"start":{"line":510,"column":30},"end":{"line":510,"column":44}},"187":{"start":{"line":511,"column":12},"end":{"line":511,"column":37}},"188":{"start":{"line":512,"column":12},"end":{"line":512,"column":82}},"189":{"start":{"line":514,"column":32},"end":{"line":514,"column":41}},"190":{"start":{"line":517,"column":12},"end":{"line":523,"column":13}},"191":{"start":{"line":518,"column":34},"end":{"line":518,"column":60}},"192":{"start":{"line":519,"column":37},"end":{"line":519,"column":67}},"193":{"start":{"line":520,"column":16},"end":{"line":520,"column":44}},"194":{"start":{"line":521,"column":16},"end":{"line":521,"column":113}},"195":{"start":{"line":522,"column":16},"end":{"line":522,"column":43}},"196":{"start":{"line":525,"column":12},"end":{"line":529,"column":13}},"197":{"start":{"line":526,"column":37},"end":{"line":526,"column":71}},"198":{"start":{"line":527,"column":16},"end":{"line":527,"column":44}},"199":{"start":{"line":528,"column":16},"end":{"line":528,"column":116}},"200":{"start":{"line":531,"column":11},"end":{"line":591,"column":5}},"201":{"start":{"line":536,"column":8},"end":{"line":536,"column":41}},"202":{"start":{"line":537,"column":29},"end":{"line":537,"column":34}},"203":{"start":{"line":540,"column":8},"end":{"line":546,"column":9}},"204":{"start":{"line":541,"column":22},"end":{"line":541,"column":49}},"205":{"start":{"line":542,"column":24},"end":{"line":542,"column":46}},"206":{"start":{"line":543,"column":12},"end":{"line":543,"column":31}},"207":{"start":{"line":544,"column":12},"end":{"line":544,"column":89}},"208":{"start":{"line":545,"column":12},"end":{"line":545,"column":32}},"209":{"start":{"line":549,"column":8},"end":{"line":555,"column":9}},"210":{"start":{"line":550,"column":22},"end":{"line":550,"column":49}},"211":{"start":{"line":551,"column":24},"end":{"line":551,"column":46}},"212":{"start":{"line":552,"column":12},"end":{"line":552,"column":31}},"213":{"start":{"line":553,"column":12},"end":{"line":553,"column":89}},"214":{"start":{"line":554,"column":12},"end":{"line":554,"column":32}},"215":{"start":{"line":558,"column":8},"end":{"line":563,"column":9}},"216":{"start":{"line":559,"column":22},"end":{"line":559,"column":36}},"217":{"start":{"line":560,"column":24},"end":{"line":560,"column":46}},"218":{"start":{"line":561,"column":12},"end":{"line":561,"column":31}},"219":{"start":{"line":562,"column":12},"end":{"line":562,"column":88}},"220":{"start":{"line":568,"column":26},"end":{"line":568,"column":60}},"221":{"start":{"line":569,"column":28},"end":{"line":569,"column":66}},"222":{"start":{"line":571,"column":8},"end":{"line":571,"column":45}},"223":{"start":{"line":572,"column":8},"end":{"line":572,"column":49}},"224":{"start":{"line":574,"column":8},"end":{"line":574,"column":44}},"225":{"start":{"line":577,"column":8},"end":{"line":583,"column":9}},"226":{"start":{"line":578,"column":30},"end":{"line":578,"column":56}},"227":{"start":{"line":579,"column":33},"end":{"line":579,"column":63}},"228":{"start":{"line":580,"column":12},"end":{"line":580,"column":40}},"229":{"start":{"line":581,"column":12},"end":{"line":581,"column":107}},"230":{"start":{"line":582,"column":12},"end":{"line":582,"column":39}},"231":{"start":{"line":585,"column":8},"end":{"line":589,"column":9}},"232":{"start":{"line":586,"column":33},"end":{"line":586,"column":67}},"233":{"start":{"line":587,"column":12},"end":{"line":587,"column":40}},"234":{"start":{"line":588,"column":12},"end":{"line":588,"column":110}},"235":{"start":{"line":594,"column":4},"end":{"line":596,"column":5}},"236":{"start":{"line":595,"column":8},"end":{"line":595,"column":56}},"237":{"start":{"line":598,"column":4},"end":{"line":601,"column":6}},"238":{"start":{"line":614,"column":50},"end":{"line":614,"column":100}},"239":{"start":{"line":617,"column":22},"end":{"line":617,"column":69}},"240":{"start":{"line":619,"column":17},"end":{"line":631,"column":5}},"241":{"start":{"line":633,"column":4},"end":{"line":651,"column":5}},"242":{"start":{"line":635,"column":29},"end":{"line":635,"column":86}},"243":{"start":{"line":637,"column":8},"end":{"line":637,"column":54}},"244":{"start":{"line":638,"column":8},"end":{"line":638,"column":54}},"245":{"start":{"line":642,"column":8},"end":{"line":647,"column":9}},"246":{"start":{"line":643,"column":12},"end":{"line":646,"column":14}},"247":{"start":{"line":650,"column":8},"end":{"line":650,"column":59}},"248":{"start":{"line":653,"column":4},"end":{"line":653,"column":18}},"249":{"start":{"line":669,"column":28},"end":{"line":679,"column":5}},"250":{"start":{"line":681,"column":24},"end":{"line":681,"column":60}},"251":{"start":{"line":682,"column":30},"end":{"line":688,"column":8}},"252":{"start":{"line":683,"column":8},"end":{"line":683,"column":97}},"253":{"start":{"line":683,"column":85},"end":{"line":683,"column":97}},"254":{"start":{"line":684,"column":8},"end":{"line":684,"column":103}},"255":{"start":{"line":684,"column":90},"end":{"line":684,"column":103}},"256":{"start":{"line":685,"column":8},"end":{"line":685,"column":109}},"257":{"start":{"line":685,"column":96},"end":{"line":685,"column":109}},"258":{"start":{"line":686,"column":8},"end":{"line":686,"column":103}},"259":{"start":{"line":686,"column":89},"end":{"line":686,"column":103}},"260":{"start":{"line":687,"column":8},"end":{"line":687,"column":37}},"261":{"start":{"line":690,"column":4},"end":{"line":724,"column":5}},"262":{"start":{"line":693,"column":34},"end":{"line":693,"column":70}},"263":{"start":{"line":694,"column":12},"end":{"line":694,"column":67}},"264":{"start":{"line":695,"column":12},"end":{"line":695,"column":86}},"265":{"start":{"line":696,"column":12},"end":{"line":696,"column":18}},"266":{"start":{"line":701,"column":12},"end":{"line":701,"column":66}},"267":{"start":{"line":702,"column":12},"end":{"line":702,"column":83}},"268":{"start":{"line":703,"column":12},"end":{"line":703,"column":70}},"269":{"start":{"line":704,"column":12},"end":{"line":704,"column":18}},"270":{"start":{"line":709,"column":12},"end":{"line":709,"column":73}},"271":{"start":{"line":710,"column":12},"end":{"line":710,"column":78}},"272":{"start":{"line":711,"column":12},"end":{"line":711,"column":18}},"273":{"start":{"line":716,"column":34},"end":{"line":716,"column":70}},"274":{"start":{"line":717,"column":12},"end":{"line":717,"column":70}},"275":{"start":{"line":718,"column":12},"end":{"line":718,"column":77}},"276":{"start":{"line":719,"column":12},"end":{"line":719,"column":18}},"277":{"start":{"line":723,"column":12},"end":{"line":723,"column":48}},"278":{"start":{"line":726,"column":4},"end":{"line":726,"column":27}},"279":{"start":{"line":736,"column":17},"end":{"line":736,"column":19}},"280":{"start":{"line":737,"column":20},"end":{"line":737,"column":21}},"281":{"start":{"line":739,"column":4},"end":{"line":750,"column":5}},"282":{"start":{"line":740,"column":8},"end":{"line":749,"column":9}},"283":{"start":{"line":741,"column":25},"end":{"line":741,"column":49}},"284":{"start":{"line":742,"column":24},"end":{"line":742,"column":53}},"285":{"start":{"line":743,"column":12},"end":{"line":747,"column":14}},"286":{"start":{"line":748,"column":12},"end":{"line":748,"column":29}},"287":{"start":{"line":752,"column":4},"end":{"line":752,"column":50}},"288":{"start":{"line":753,"column":4},"end":{"line":753,"column":16}},"289":{"start":{"line":768,"column":23},"end":{"line":768,"column":47}},"290":{"start":{"line":771,"column":28},"end":{"line":771,"column":29}},"291":{"start":{"line":772,"column":31},"end":{"line":772,"column":32}},"292":{"start":{"line":773,"column":28},"end":{"line":773,"column":29}},"293":{"start":{"line":776,"column":4},"end":{"line":790,"column":7}},"294":{"start":{"line":777,"column":8},"end":{"line":777,"column":44}},"295":{"start":{"line":777,"column":37},"end":{"line":777,"column":44}},"296":{"start":{"line":779,"column":24},"end":{"line":779,"column":45}},"297":{"start":{"line":780,"column":26},"end":{"line":780,"column":42}},"298":{"start":{"line":783,"column":8},"end":{"line":789,"column":9}},"299":{"start":{"line":785,"column":12},"end":{"line":785,"column":32}},"300":{"start":{"line":786,"column":15},"end":{"line":789,"column":9}},"301":{"start":{"line":788,"column":12},"end":{"line":788,"column":35}},"302":{"start":{"line":793,"column":23},"end":{"line":793,"column":65}},"303":{"start":{"line":794,"column":25},"end":{"line":794,"column":70}},"304":{"start":{"line":797,"column":24},"end":{"line":797,"column":82}},"305":{"start":{"line":799,"column":4},"end":{"line":807,"column":6}},"306":{"start":{"line":817,"column":27},"end":{"line":817,"column":78}},"307":{"start":{"line":818,"column":28},"end":{"line":818,"column":80}},"308":{"start":{"line":819,"column":27},"end":{"line":819,"column":70}},"309":{"start":{"line":822,"column":30},"end":{"line":822,"column":93}},"310":{"start":{"line":823,"column":31},"end":{"line":823,"column":95}},"311":{"start":{"line":826,"column":22},"end":{"line":826,"column":40}},"312":{"start":{"line":829,"column":28},"end":{"line":829,"column":95}},"313":{"start":{"line":831,"column":4},"end":{"line":837,"column":6}},"314":{"start":{"line":849,"column":19},"end":{"line":849,"column":85}},"315":{"start":{"line":852,"column":23},"end":{"line":852,"column":83}},"316":{"start":{"line":855,"column":22},"end":{"line":855,"column":69}},"317":{"start":{"line":857,"column":4},"end":{"line":862,"column":6}},"318":{"start":{"line":872,"column":4},"end":{"line":872,"column":88}},"319":{"start":{"line":874,"column":4},"end":{"line":874,"column":44}},"320":{"start":{"line":875,"column":4},"end":{"line":875,"column":50}},"321":{"start":{"line":876,"column":4},"end":{"line":876,"column":50}},"322":{"start":{"line":877,"column":4},"end":{"line":877,"column":48}},"323":{"start":{"line":879,"column":23},"end":{"line":879,"column":40}},"324":{"start":{"line":880,"column":21},"end":{"line":880,"column":104}},"325":{"start":{"line":882,"column":4},"end":{"line":906,"column":5}},"326":{"start":{"line":883,"column":24},"end":{"line":883,"column":67}},"327":{"start":{"line":884,"column":8},"end":{"line":884,"column":51}},"328":{"start":{"line":886,"column":8},"end":{"line":902,"column":9}},"329":{"start":{"line":887,"column":12},"end":{"line":887,"column":35}},"330":{"start":{"line":889,"column":24},"end":{"line":893,"column":39}},"331":{"start":{"line":895,"column":12},"end":{"line":895,"column":55}},"332":{"start":{"line":896,"column":12},"end":{"line":901,"column":13}},"333":{"start":{"line":897,"column":16},"end":{"line":897,"column":55}},"334":{"start":{"line":899,"column":16},"end":{"line":899,"column":85}},"335":{"start":{"line":900,"column":16},"end":{"line":900,"column":68}},"336":{"start":{"line":904,"column":8},"end":{"line":904,"column":51}},"337":{"start":{"line":905,"column":8},"end":{"line":905,"column":27}},"338":{"start":{"line":910,"column":29},"end":{"line":910,"column":78}},"339":{"start":{"line":910,"column":54},"end":{"line":910,"column":77}},"340":{"start":{"line":911,"column":8},"end":{"line":911,"column":34}},"341":{"start":{"line":913,"column":8},"end":{"line":913,"column":48}},"342":{"start":{"line":916,"column":34},"end":{"line":916,"column":101}},"343":{"start":{"line":917,"column":8},"end":{"line":917,"column":63}},"344":{"start":{"line":917,"column":45},"end":{"line":917,"column":61}},"345":{"start":{"line":919,"column":8},"end":{"line":1063,"column":9}},"346":{"start":{"line":920,"column":12},"end":{"line":920,"column":58}},"347":{"start":{"line":923,"column":12},"end":{"line":1060,"column":15}},"348":{"start":{"line":925,"column":16},"end":{"line":928,"column":17}},"349":{"start":{"line":926,"column":20},"end":{"line":926,"column":59}},"350":{"start":{"line":927,"column":20},"end":{"line":927,"column":27}},"351":{"start":{"line":931,"column":16},"end":{"line":958,"column":19}},"352":{"start":{"line":932,"column":31},"end":{"line":932,"column":59}},"353":{"start":{"line":933,"column":20},"end":{"line":933,"column":52}},"354":{"start":{"line":936,"column":20},"end":{"line":942,"column":21}},"355":{"start":{"line":937,"column":24},"end":{"line":937,"column":75}},"356":{"start":{"line":938,"column":27},"end":{"line":942,"column":21}},"357":{"start":{"line":939,"column":24},"end":{"line":939,"column":77}},"358":{"start":{"line":941,"column":24},"end":{"line":941,"column":75}},"359":{"start":{"line":945,"column":36},"end":{"line":945,"column":78}},"360":{"start":{"line":949,"column":39},"end":{"line":953,"column":21}},"361":{"start":{"line":954,"column":20},"end":{"line":954,"column":66}},"362":{"start":{"line":956,"column":20},"end":{"line":956,"column":58}},"363":{"start":{"line":957,"column":20},"end":{"line":957,"column":43}},"364":{"start":{"line":961,"column":37},"end":{"line":961,"column":66}},"365":{"start":{"line":962,"column":16},"end":{"line":962,"column":106}},"366":{"start":{"line":964,"column":32},"end":{"line":964,"column":34}},"367":{"start":{"line":965,"column":33},"end":{"line":965,"column":35}},"368":{"start":{"line":966,"column":16},"end":{"line":1045,"column":17}},"369":{"start":{"line":967,"column":20},"end":{"line":972,"column":22}},"370":{"start":{"line":974,"column":42},"end":{"line":974,"column":81}},"371":{"start":{"line":975,"column":40},"end":{"line":975,"column":59}},"372":{"start":{"line":977,"column":39},"end":{"line":977,"column":65}},"373":{"start":{"line":980,"column":20},"end":{"line":983,"column":21}},"374":{"start":{"line":981,"column":24},"end":{"line":981,"column":74}},"375":{"start":{"line":982,"column":24},"end":{"line":982,"column":31}},"376":{"start":{"line":985,"column":38},"end":{"line":985,"column":57}},"377":{"start":{"line":987,"column":46},"end":{"line":987,"column":76}},"378":{"start":{"line":988,"column":44},"end":{"line":989,"column":93}},"379":{"start":{"line":990,"column":44},"end":{"line":992,"column":35}},"380":{"start":{"line":993,"column":45},"end":{"line":995,"column":69}},"381":{"start":{"line":997,"column":36},"end":{"line":997,"column":100}},"382":{"start":{"line":998,"column":20},"end":{"line":998,"column":100}},"383":{"start":{"line":999,"column":46},"end":{"line":999,"column":67}},"384":{"start":{"line":1007,"column":24},"end":{"line":1012,"column":21}},"385":{"start":{"line":1014,"column":46},"end":{"line":1014,"column":81}},"386":{"start":{"line":1015,"column":48},"end":{"line":1015,"column":73}},"387":{"start":{"line":1016,"column":45},"end":{"line":1016,"column":67}},"388":{"start":{"line":1018,"column":20},"end":{"line":1044,"column":21}},"389":{"start":{"line":1019,"column":24},"end":{"line":1032,"column":6}},"390":{"start":{"line":1035,"column":24},"end":{"line":1043,"column":6}},"391":{"start":{"line":1048,"column":41},"end":{"line":1055,"column":17}},"392":{"start":{"line":1056,"column":16},"end":{"line":1056,"column":78}},"393":{"start":{"line":1058,"column":16},"end":{"line":1058,"column":75}},"394":{"start":{"line":1059,"column":16},"end":{"line":1059,"column":49}},"395":{"start":{"line":1062,"column":12},"end":{"line":1062,"column":59}},"396":{"start":{"line":1064,"column":8},"end":{"line":1064,"column":51}},"397":{"start":{"line":1074,"column":17},"end":{"line":1074,"column":63}},"398":{"start":{"line":1075,"column":4},"end":{"line":1075,"column":22}},"399":{"start":{"line":1075,"column":15},"end":{"line":1075,"column":22}},"400":{"start":{"line":1076,"column":19},"end":{"line":1076,"column":34}},"401":{"start":{"line":1077,"column":4},"end":{"line":1077,"column":24}},"402":{"start":{"line":1077,"column":17},"end":{"line":1077,"column":24}},"403":{"start":{"line":1080,"column":17},"end":{"line":1080,"column":62}},"404":{"start":{"line":1081,"column":4},"end":{"line":1087,"column":5}},"405":{"start":{"line":1082,"column":8},"end":{"line":1082,"column":47}},"406":{"start":{"line":1083,"column":8},"end":{"line":1083,"column":131}},"407":{"start":{"line":1084,"column":8},"end":{"line":1084,"column":42}},"408":{"start":{"line":1086,"column":8},"end":{"line":1086,"column":33}},"409":{"start":{"line":1089,"column":17},"end":{"line":1089,"column":92}},"410":{"start":{"line":1090,"column":25},"end":{"line":1090,"column":60}},"411":{"start":{"line":1093,"column":4},"end":{"line":1105,"column":5}},"412":{"start":{"line":1093,"column":17},"end":{"line":1093,"column":18}},"413":{"start":{"line":1094,"column":20},"end":{"line":1094,"column":22}},"414":{"start":{"line":1095,"column":8},"end":{"line":1100,"column":9}},"415":{"start":{"line":1096,"column":22},"end":{"line":1096,"column":56}},"416":{"start":{"line":1097,"column":12},"end":{"line":1097,"column":69}},"417":{"start":{"line":1099,"column":12},"end":{"line":1099,"column":42}},"418":{"start":{"line":1101,"column":21},"end":{"line":1101,"column":50}},"419":{"start":{"line":1102,"column":8},"end":{"line":1102,"column":32}},"420":{"start":{"line":1103,"column":8},"end":{"line":1103,"column":33}},"421":{"start":{"line":1104,"column":8},"end":{"line":1104,"column":33}},"422":{"start":{"line":1108,"column":17},"end":{"line":1113,"column":1}},"423":{"start":{"line":1123,"column":4},"end":{"line":1123,"column":52}},"424":{"start":{"line":1123,"column":40},"end":{"line":1123,"column":52}},"425":{"start":{"line":1124,"column":23},"end":{"line":1124,"column":63}},"426":{"start":{"line":1125,"column":4},"end":{"line":1125,"column":123}},"427":{"start":{"line":1129,"column":4},"end":{"line":1131,"column":5}},"428":{"start":{"line":1130,"column":8},"end":{"line":1130,"column":31}},"429":{"start":{"line":1132,"column":4},"end":{"line":1134,"column":5}},"430":{"start":{"line":1133,"column":8},"end":{"line":1133,"column":36}},"431":{"start":{"line":1135,"column":4},"end":{"line":1137,"column":5}},"432":{"start":{"line":1136,"column":8},"end":{"line":1136,"column":33}},"433":{"start":{"line":1139,"column":4},"end":{"line":1141,"column":5}},"434":{"start":{"line":1140,"column":8},"end":{"line":1140,"column":32}},"435":{"start":{"line":1142,"column":4},"end":{"line":1142,"column":27}},"436":{"start":{"line":1155,"column":20},"end":{"line":1155,"column":49}},"437":{"start":{"line":1156,"column":4},"end":{"line":1160,"column":5}},"438":{"start":{"line":1157,"column":8},"end":{"line":1157,"column":41}},"439":{"start":{"line":1158,"column":8},"end":{"line":1158,"column":72}},"440":{"start":{"line":1159,"column":8},"end":{"line":1159,"column":15}},"441":{"start":{"line":1163,"column":22},"end":{"line":1163,"column":37}},"442":{"start":{"line":1164,"column":20},"end":{"line":1164,"column":33}},"443":{"start":{"line":1165,"column":19},"end":{"line":1165,"column":38}},"444":{"start":{"line":1167,"column":4},"end":{"line":1167,"column":38}},"445":{"start":{"line":1168,"column":4},"end":{"line":1168,"column":35}},"446":{"start":{"line":1169,"column":4},"end":{"line":1169,"column":29}},"447":{"start":{"line":1171,"column":4},"end":{"line":1191,"column":5}},"448":{"start":{"line":1172,"column":20},"end":{"line":1172,"column":70}},"449":{"start":{"line":1173,"column":8},"end":{"line":1184,"column":9}},"450":{"start":{"line":1174,"column":12},"end":{"line":1174,"column":48}},"451":{"start":{"line":1176,"column":12},"end":{"line":1180,"column":13}},"452":{"start":{"line":1177,"column":16},"end":{"line":1177,"column":48}},"453":{"start":{"line":1179,"column":16},"end":{"line":1179,"column":54}},"454":{"start":{"line":1182,"column":12},"end":{"line":1182,"column":62}},"455":{"start":{"line":1183,"column":12},"end":{"line":1183,"column":44}},"456":{"start":{"line":1186,"column":8},"end":{"line":1186,"column":54}},"457":{"start":{"line":1187,"column":8},"end":{"line":1187,"column":40}},"458":{"start":{"line":1188,"column":8},"end":{"line":1188,"column":65}},"459":{"start":{"line":1190,"column":8},"end":{"line":1190,"column":41}},"460":{"start":{"line":1200,"column":19},"end":{"line":1200,"column":38}},"461":{"start":{"line":1201,"column":4},"end":{"line":1201,"column":29}},"462":{"start":{"line":1203,"column":4},"end":{"line":1245,"column":7}},"463":{"start":{"line":1204,"column":19},"end":{"line":1204,"column":47}},"464":{"start":{"line":1205,"column":8},"end":{"line":1205,"column":102}},"465":{"start":{"line":1208,"column":31},"end":{"line":1208,"column":65}},"466":{"start":{"line":1211,"column":25},"end":{"line":1211,"column":43}},"467":{"start":{"line":1212,"column":8},"end":{"line":1215,"column":9}},"468":{"start":{"line":1214,"column":12},"end":{"line":1214,"column":76}},"469":{"start":{"line":1218,"column":32},"end":{"line":1241,"column":9}},"470":{"start":{"line":1242,"column":8},"end":{"line":1242,"column":59}},"471":{"start":{"line":1243,"column":8},"end":{"line":1243,"column":31}},"472":{"start":{"line":1244,"column":8},"end":{"line":1244,"column":31}},"473":{"start":{"line":1248,"column":4},"end":{"line":1250,"column":7}},"474":{"start":{"line":1249,"column":8},"end":{"line":1249,"column":127}},"475":{"start":{"line":1249,"column":48},"end":{"line":1249,"column":125}},"476":{"start":{"line":1252,"column":4},"end":{"line":1254,"column":7}},"477":{"start":{"line":1253,"column":8},"end":{"line":1253,"column":126}},"478":{"start":{"line":1253,"column":48},"end":{"line":1253,"column":124}},"479":{"start":{"line":1264,"column":20},"end":{"line":1264,"column":49}},"480":{"start":{"line":1265,"column":4},"end":{"line":1268,"column":5}},"481":{"start":{"line":1266,"column":8},"end":{"line":1266,"column":72}},"482":{"start":{"line":1267,"column":8},"end":{"line":1267,"column":15}},"483":{"start":{"line":1270,"column":20},"end":{"line":1270,"column":42}},"484":{"start":{"line":1273,"column":21},"end":{"line":1273,"column":31}},"485":{"start":{"line":1274,"column":21},"end":{"line":1274,"column":76}},"486":{"start":{"line":1275,"column":24},"end":{"line":1275,"column":48}},"487":{"start":{"line":1278,"column":23},"end":{"line":1278,"column":57}},"488":{"start":{"line":1279,"column":23},"end":{"line":1279,"column":47}},"489":{"start":{"line":1280,"column":22},"end":{"line":1280,"column":57}},"490":{"start":{"line":1282,"column":4},"end":{"line":1284,"column":5}},"491":{"start":{"line":1283,"column":8},"end":{"line":1283,"column":15}},"492":{"start":{"line":1287,"column":4},"end":{"line":1287,"column":58}},"493":{"start":{"line":1289,"column":4},"end":{"line":1308,"column":5}},"494":{"start":{"line":1290,"column":20},"end":{"line":1293,"column":10}},"495":{"start":{"line":1294,"column":8},"end":{"line":1302,"column":9}},"496":{"start":{"line":1295,"column":35},"end":{"line":1295,"column":97}},"497":{"start":{"line":1296,"column":12},"end":{"line":1296,"column":59}},"498":{"start":{"line":1297,"column":12},"end":{"line":1297,"column":67}},"499":{"start":{"line":1297,"column":41},"end":{"line":1297,"column":65}},"500":{"start":{"line":1299,"column":12},"end":{"line":1299,"column":43}},"501":{"start":{"line":1301,"column":12},"end":{"line":1301,"column":76}},"502":{"start":{"line":1304,"column":8},"end":{"line":1304,"column":61}},"503":{"start":{"line":1305,"column":8},"end":{"line":1305,"column":27}},"504":{"start":{"line":1307,"column":8},"end":{"line":1307,"column":43}},"505":{"start":{"line":1321,"column":22},"end":{"line":1321,"column":41}},"506":{"start":{"line":1323,"column":4},"end":{"line":1365,"column":5}},"507":{"start":{"line":1324,"column":21},"end":{"line":1324,"column":81}},"508":{"start":{"line":1325,"column":8},"end":{"line":1362,"column":9}},"509":{"start":{"line":1326,"column":30},"end":{"line":1326,"column":48}},"510":{"start":{"line":1327,"column":12},"end":{"line":1327,"column":40}},"511":{"start":{"line":1331,"column":12},"end":{"line":1331,"column":50}},"512":{"start":{"line":1332,"column":28},"end":{"line":1332,"column":60}},"513":{"start":{"line":1333,"column":12},"end":{"line":1333,"column":31}},"514":{"start":{"line":1334,"column":12},"end":{"line":1334,"column":50}},"515":{"start":{"line":1335,"column":12},"end":{"line":1335,"column":53}},"516":{"start":{"line":1337,"column":12},"end":{"line":1342,"column":15}},"517":{"start":{"line":1338,"column":31},"end":{"line":1338,"column":63}},"518":{"start":{"line":1339,"column":16},"end":{"line":1339,"column":47}},"519":{"start":{"line":1340,"column":16},"end":{"line":1340,"column":96}},"520":{"start":{"line":1341,"column":16},"end":{"line":1341,"column":56}},"521":{"start":{"line":1346,"column":12},"end":{"line":1346,"column":54}},"522":{"start":{"line":1347,"column":32},"end":{"line":1347,"column":64}},"523":{"start":{"line":1348,"column":12},"end":{"line":1348,"column":35}},"524":{"start":{"line":1349,"column":12},"end":{"line":1349,"column":54}},"525":{"start":{"line":1350,"column":12},"end":{"line":1350,"column":61}},"526":{"start":{"line":1352,"column":12},"end":{"line":1357,"column":15}},"527":{"start":{"line":1353,"column":31},"end":{"line":1353,"column":63}},"528":{"start":{"line":1354,"column":16},"end":{"line":1354,"column":47}},"529":{"start":{"line":1355,"column":16},"end":{"line":1355,"column":96}},"530":{"start":{"line":1356,"column":16},"end":{"line":1356,"column":60}},"531":{"start":{"line":1359,"column":33},"end":{"line":1359,"column":93}},"532":{"start":{"line":1360,"column":12},"end":{"line":1360,"column":67}},"533":{"start":{"line":1361,"column":12},"end":{"line":1361,"column":52}},"534":{"start":{"line":1364,"column":8},"end":{"line":1364,"column":53}},"535":{"start":{"line":1374,"column":25},"end":{"line":1374,"column":42}},"536":{"start":{"line":1375,"column":23},"end":{"line":1375,"column":45}},"537":{"start":{"line":1376,"column":21},"end":{"line":1376,"column":39}},"538":{"start":{"line":1378,"column":4},"end":{"line":1380,"column":5}},"539":{"start":{"line":1379,"column":8},"end":{"line":1379,"column":15}},"540":{"start":{"line":1384,"column":8},"end":{"line":1384,"column":46}},"541":{"start":{"line":1386,"column":8},"end":{"line":1390,"column":9}},"542":{"start":{"line":1387,"column":12},"end":{"line":1387,"column":53}},"543":{"start":{"line":1389,"column":12},"end":{"line":1389,"column":56}},"544":{"start":{"line":1393,"column":4},"end":{"line":1393,"column":59}},"545":{"start":{"line":1402,"column":4},"end":{"line":1413,"column":7}},"546":{"start":{"line":1404,"column":8},"end":{"line":1404,"column":45}},"547":{"start":{"line":1405,"column":8},"end":{"line":1405,"column":98}},"548":{"start":{"line":1405,"column":62},"end":{"line":1405,"column":96}},"549":{"start":{"line":1407,"column":8},"end":{"line":1412,"column":9}},"550":{"start":{"line":1408,"column":12},"end":{"line":1408,"column":62}},"551":{"start":{"line":1409,"column":12},"end":{"line":1409,"column":77}},"552":{"start":{"line":1411,"column":12},"end":{"line":1411,"column":61}},"553":{"start":{"line":1416,"column":4},"end":{"line":1487,"column":7}},"554":{"start":{"line":1417,"column":31},"end":{"line":1417,"column":45}},"555":{"start":{"line":1418,"column":25},"end":{"line":1418,"column":83}},"556":{"start":{"line":1418,"column":53},"end":{"line":1418,"column":82}},"557":{"start":{"line":1419,"column":8},"end":{"line":1486,"column":9}},"558":{"start":{"line":1421,"column":12},"end":{"line":1421,"column":57}},"559":{"start":{"line":1423,"column":35},"end":{"line":1423,"column":58}},"560":{"start":{"line":1424,"column":12},"end":{"line":1465,"column":13}},"561":{"start":{"line":1425,"column":33},"end":{"line":1425,"column":57}},"562":{"start":{"line":1427,"column":38},"end":{"line":1431,"column":18}},"563":{"start":{"line":1432,"column":38},"end":{"line":1437,"column":18}},"564":{"start":{"line":1438,"column":16},"end":{"line":1438,"column":87}},"565":{"start":{"line":1439,"column":30},"end":{"line":1439,"column":40}},"566":{"start":{"line":1442,"column":36},"end":{"line":1442,"column":130}},"567":{"start":{"line":1444,"column":28},"end":{"line":1444,"column":56}},"568":{"start":{"line":1445,"column":29},"end":{"line":1445,"column":45}},"569":{"start":{"line":1448,"column":16},"end":{"line":1454,"column":17}},"570":{"start":{"line":1449,"column":20},"end":{"line":1449,"column":29}},"571":{"start":{"line":1450,"column":20},"end":{"line":1453,"column":21}},"572":{"start":{"line":1451,"column":24},"end":{"line":1451,"column":37}},"573":{"start":{"line":1452,"column":24},"end":{"line":1452,"column":32}},"574":{"start":{"line":1456,"column":36},"end":{"line":1456,"column":38}},"575":{"start":{"line":1457,"column":16},"end":{"line":1457,"column":79}},"576":{"start":{"line":1457,"column":31},"end":{"line":1457,"column":79}},"577":{"start":{"line":1459,"column":16},"end":{"line":1459,"column":116}},"578":{"start":{"line":1459,"column":65},"end":{"line":1459,"column":116}},"579":{"start":{"line":1461,"column":16},"end":{"line":1461,"column":82}},"580":{"start":{"line":1463,"column":16},"end":{"line":1463,"column":57}},"581":{"start":{"line":1464,"column":16},"end":{"line":1464,"column":58}},"582":{"start":{"line":1467,"column":12},"end":{"line":1467,"column":68}},"583":{"start":{"line":1468,"column":12},"end":{"line":1468,"column":62}},"584":{"start":{"line":1469,"column":12},"end":{"line":1469,"column":58}},"585":{"start":{"line":1470,"column":12},"end":{"line":1473,"column":45}},"586":{"start":{"line":1471,"column":16},"end":{"line":1471,"column":44}},"587":{"start":{"line":1473,"column":16},"end":{"line":1473,"column":45}},"588":{"start":{"line":1475,"column":12},"end":{"line":1478,"column":44}},"589":{"start":{"line":1476,"column":16},"end":{"line":1476,"column":43}},"590":{"start":{"line":1478,"column":16},"end":{"line":1478,"column":44}},"591":{"start":{"line":1480,"column":12},"end":{"line":1480,"column":55}},"592":{"start":{"line":1481,"column":12},"end":{"line":1481,"column":51}},"593":{"start":{"line":1484,"column":12},"end":{"line":1484,"column":54}},"594":{"start":{"line":1485,"column":12},"end":{"line":1485,"column":52}},"595":{"start":{"line":1490,"column":4},"end":{"line":1495,"column":7}},"596":{"start":{"line":1491,"column":8},"end":{"line":1491,"column":67}},"597":{"start":{"line":1492,"column":8},"end":{"line":1494,"column":9}},"598":{"start":{"line":1493,"column":12},"end":{"line":1493,"column":71}},"599":{"start":{"line":1497,"column":4},"end":{"line":1502,"column":7}},"600":{"start":{"line":1498,"column":8},"end":{"line":1498,"column":67}},"601":{"start":{"line":1499,"column":8},"end":{"line":1501,"column":9}},"602":{"start":{"line":1500,"column":12},"end":{"line":1500,"column":71}},"603":{"start":{"line":1505,"column":4},"end":{"line":1505,"column":25}},"604":{"start":{"line":1510,"column":23},"end":{"line":1510,"column":70}},"605":{"start":{"line":1511,"column":4},"end":{"line":1534,"column":5}},"606":{"start":{"line":1512,"column":8},"end":{"line":1533,"column":11}},"607":{"start":{"line":1513,"column":29},"end":{"line":1513,"column":72}},"608":{"start":{"line":1514,"column":12},"end":{"line":1514,"column":34}},"609":{"start":{"line":1514,"column":27},"end":{"line":1514,"column":34}},"610":{"start":{"line":1515,"column":12},"end":{"line":1515,"column":43}},"611":{"start":{"line":1515,"column":36},"end":{"line":1515,"column":43}},"612":{"start":{"line":1517,"column":27},"end":{"line":1517,"column":67}},"613":{"start":{"line":1518,"column":26},"end":{"line":1518,"column":65}},"614":{"start":{"line":1519,"column":26},"end":{"line":1519,"column":65}},"615":{"start":{"line":1521,"column":22},"end":{"line":1521,"column":24}},"616":{"start":{"line":1522,"column":12},"end":{"line":1528,"column":13}},"617":{"start":{"line":1523,"column":16},"end":{"line":1523,"column":109}},"618":{"start":{"line":1524,"column":19},"end":{"line":1528,"column":13}},"619":{"start":{"line":1525,"column":16},"end":{"line":1525,"column":127}},"620":{"start":{"line":1527,"column":16},"end":{"line":1527,"column":105}},"621":{"start":{"line":1530,"column":12},"end":{"line":1530,"column":42}},"622":{"start":{"line":1531,"column":12},"end":{"line":1531,"column":31}},"623":{"start":{"line":1532,"column":12},"end":{"line":1532,"column":32}},"624":{"start":{"line":1539,"column":4},"end":{"line":1587,"column":7}},"625":{"start":{"line":1541,"column":24},"end":{"line":1541,"column":53}},"626":{"start":{"line":1542,"column":8},"end":{"line":1545,"column":9}},"627":{"start":{"line":1543,"column":12},"end":{"line":1543,"column":76}},"628":{"start":{"line":1544,"column":12},"end":{"line":1544,"column":19}},"629":{"start":{"line":1547,"column":21},"end":{"line":1547,"column":39}},"630":{"start":{"line":1548,"column":20},"end":{"line":1548,"column":42}},"631":{"start":{"line":1549,"column":20},"end":{"line":1549,"column":42}},"632":{"start":{"line":1551,"column":8},"end":{"line":1554,"column":9}},"633":{"start":{"line":1552,"column":12},"end":{"line":1552,"column":54}},"634":{"start":{"line":1553,"column":12},"end":{"line":1553,"column":19}},"635":{"start":{"line":1557,"column":27},"end":{"line":1557,"column":49}},"636":{"start":{"line":1558,"column":26},"end":{"line":1558,"column":61}},"637":{"start":{"line":1560,"column":8},"end":{"line":1562,"column":9}},"638":{"start":{"line":1561,"column":12},"end":{"line":1561,"column":19}},"639":{"start":{"line":1564,"column":8},"end":{"line":1586,"column":9}},"640":{"start":{"line":1565,"column":24},"end":{"line":1570,"column":14}},"641":{"start":{"line":1571,"column":12},"end":{"line":1583,"column":13}},"642":{"start":{"line":1572,"column":16},"end":{"line":1572,"column":55}},"643":{"start":{"line":1574,"column":16},"end":{"line":1574,"column":40}},"644":{"start":{"line":1575,"column":16},"end":{"line":1575,"column":44}},"645":{"start":{"line":1576,"column":16},"end":{"line":1576,"column":44}},"646":{"start":{"line":1578,"column":16},"end":{"line":1578,"column":54}},"647":{"start":{"line":1579,"column":16},"end":{"line":1579,"column":48}},"648":{"start":{"line":1580,"column":16},"end":{"line":1580,"column":47}},"649":{"start":{"line":1582,"column":16},"end":{"line":1582,"column":63}},"650":{"start":{"line":1585,"column":12},"end":{"line":1585,"column":31}},"651":{"start":{"line":1590,"column":4},"end":{"line":1590,"column":55}},"652":{"start":{"line":1591,"column":4},"end":{"line":1591,"column":23}},"653":{"start":{"line":1600,"column":20},"end":{"line":1600,"column":49}},"654":{"start":{"line":1601,"column":4},"end":{"line":1608,"column":5}},"655":{"start":{"line":1602,"column":8},"end":{"line":1602,"column":42}},"656":{"start":{"line":1603,"column":8},"end":{"line":1603,"column":72}},"657":{"start":{"line":1605,"column":28},"end":{"line":1605,"column":68}},"658":{"start":{"line":1606,"column":8},"end":{"line":1606,"column":60}},"659":{"start":{"line":1606,"column":25},"end":{"line":1606,"column":60}},"660":{"start":{"line":1607,"column":8},"end":{"line":1607,"column":15}},"661":{"start":{"line":1611,"column":4},"end":{"line":1614,"column":5}},"662":{"start":{"line":1612,"column":8},"end":{"line":1612,"column":26}},"663":{"start":{"line":1613,"column":8},"end":{"line":1613,"column":32}},"664":{"start":{"line":1617,"column":4},"end":{"line":1617,"column":29}},"665":{"start":{"line":1620,"column":4},"end":{"line":1620,"column":41}},"666":{"start":{"line":1629,"column":0},"end":{"line":1642,"column":3}},"667":{"start":{"line":1630,"column":23},"end":{"line":1630,"column":37}},"668":{"start":{"line":1631,"column":4},"end":{"line":1641,"column":5}},"669":{"start":{"line":1632,"column":20},"end":{"line":1632,"column":62}},"670":{"start":{"line":1633,"column":8},"end":{"line":1637,"column":9}},"671":{"start":{"line":1634,"column":12},"end":{"line":1634,"column":78}},"672":{"start":{"line":1636,"column":12},"end":{"line":1636,"column":79}},"673":{"start":{"line":1639,"column":8},"end":{"line":1639,"column":44}},"674":{"start":{"line":1640,"column":8},"end":{"line":1640,"column":60}},"675":{"start":{"line":1654,"column":26},"end":{"line":1692,"column":1}},"676":{"start":{"line":1655,"column":20},"end":{"line":1655,"column":100}},"677":{"start":{"line":1656,"column":20},"end":{"line":1656,"column":112}},"678":{"start":{"line":1659,"column":4},"end":{"line":1664,"column":7}},"679":{"start":{"line":1660,"column":27},"end":{"line":1660,"column":54}},"680":{"start":{"line":1661,"column":8},"end":{"line":1663,"column":9}},"681":{"start":{"line":1662,"column":12},"end":{"line":1662,"column":46}},"682":{"start":{"line":1666,"column":4},"end":{"line":1670,"column":7}},"683":{"start":{"line":1667,"column":27},"end":{"line":1667,"column":54}},"684":{"start":{"line":1668,"column":8},"end":{"line":1668,"column":69}},"685":{"start":{"line":1669,"column":8},"end":{"line":1669,"column":68}},"686":{"start":{"line":1673,"column":26},"end":{"line":1673,"column":59}},"687":{"start":{"line":1674,"column":4},"end":{"line":1674,"column":42}},"688":{"start":{"line":1677,"column":26},"end":{"line":1677,"column":93}},"689":{"start":{"line":1678,"column":4},"end":{"line":1678,"column":68}},"690":{"start":{"line":1679,"column":4},"end":{"line":1679,"column":67}},"691":{"start":{"line":1682,"column":4},"end":{"line":1682,"column":42}},"692":{"start":{"line":1683,"column":4},"end":{"line":1691,"column":5}},"693":{"start":{"line":1684,"column":8},"end":{"line":1684,"column":39}},"694":{"start":{"line":1685,"column":11},"end":{"line":1691,"column":5}},"695":{"start":{"line":1687,"column":8},"end":{"line":1687,"column":35}},"696":{"start":{"line":1688,"column":11},"end":{"line":1691,"column":5}},"697":{"start":{"line":1690,"column":8},"end":{"line":1690,"column":37}},"698":{"start":{"line":1703,"column":16},"end":{"line":1703,"column":66}},"699":{"start":{"line":1704,"column":18},"end":{"line":1704,"column":73}},"700":{"start":{"line":1705,"column":4},"end":{"line":1705,"column":31}},"701":{"start":{"line":1705,"column":24},"end":{"line":1705,"column":31}},"702":{"start":{"line":1708,"column":4},"end":{"line":1708,"column":33}},"703":{"start":{"line":1709,"column":4},"end":{"line":1709,"column":47}},"704":{"start":{"line":1710,"column":4},"end":{"line":1710,"column":33}},"705":{"start":{"line":1712,"column":4},"end":{"line":1717,"column":7}},"706":{"start":{"line":1713,"column":25},"end":{"line":1713,"column":85}},"707":{"start":{"line":1714,"column":8},"end":{"line":1714,"column":58}},"708":{"start":{"line":1715,"column":8},"end":{"line":1715,"column":60}},"709":{"start":{"line":1716,"column":8},"end":{"line":1716,"column":61}},"710":{"start":{"line":1733,"column":22},"end":{"line":1733,"column":24}},"711":{"start":{"line":1736,"column":4},"end":{"line":1736,"column":51}},"712":{"start":{"line":1737,"column":4},"end":{"line":1737,"column":45}},"713":{"start":{"line":1738,"column":4},"end":{"line":1738,"column":46}},"714":{"start":{"line":1739,"column":4},"end":{"line":1739,"column":48}},"715":{"start":{"line":1742,"column":4},"end":{"line":1742,"column":23}},"716":{"start":{"line":1751,"column":4},"end":{"line":1751,"column":62}},"717":{"start":{"line":1755,"column":31},"end":{"line":1765,"column":5}},"718":{"start":{"line":1767,"column":4},"end":{"line":1805,"column":7}},"719":{"start":{"line":1768,"column":8},"end":{"line":1768,"column":48}},"720":{"start":{"line":1768,"column":41},"end":{"line":1768,"column":48}},"721":{"start":{"line":1770,"column":24},"end":{"line":1770,"column":30}},"722":{"start":{"line":1771,"column":24},"end":{"line":1771,"column":30}},"723":{"start":{"line":1772,"column":25},"end":{"line":1772,"column":31}},"724":{"start":{"line":1773,"column":23},"end":{"line":1773,"column":29}},"725":{"start":{"line":1774,"column":24},"end":{"line":1774,"column":30}},"726":{"start":{"line":1777,"column":26},"end":{"line":1777,"column":94}},"727":{"start":{"line":1778,"column":27},"end":{"line":1778,"column":99}},"728":{"start":{"line":1781,"column":8},"end":{"line":1791,"column":9}},"729":{"start":{"line":1782,"column":12},"end":{"line":1790,"column":15}},"730":{"start":{"line":1794,"column":8},"end":{"line":1804,"column":9}},"731":{"start":{"line":1795,"column":12},"end":{"line":1795,"column":71}},"732":{"start":{"line":1796,"column":12},"end":{"line":1796,"column":73}},"733":{"start":{"line":1797,"column":12},"end":{"line":1797,"column":72}},"734":{"start":{"line":1798,"column":12},"end":{"line":1798,"column":72}},"735":{"start":{"line":1799,"column":12},"end":{"line":1799,"column":72}},"736":{"start":{"line":1800,"column":12},"end":{"line":1800,"column":72}},"737":{"start":{"line":1801,"column":12},"end":{"line":1801,"column":72}},"738":{"start":{"line":1802,"column":12},"end":{"line":1802,"column":74}},"739":{"start":{"line":1803,"column":12},"end":{"line":1803,"column":77}},"740":{"start":{"line":1808,"column":4},"end":{"line":1808,"column":23}},"741":{"start":{"line":1811,"column":4},"end":{"line":1811,"column":33}},"742":{"start":{"line":1812,"column":4},"end":{"line":1812,"column":67}},"743":{"start":{"line":1813,"column":4},"end":{"line":1813,"column":44}},"744":{"start":{"line":1816,"column":27},"end":{"line":1816,"column":28}},"745":{"start":{"line":1817,"column":4},"end":{"line":1824,"column":5}},"746":{"start":{"line":1818,"column":8},"end":{"line":1823,"column":9}},"747":{"start":{"line":1819,"column":24},"end":{"line":1819,"column":59}},"748":{"start":{"line":1820,"column":12},"end":{"line":1820,"column":36}},"749":{"start":{"line":1826,"column":4},"end":{"line":1828,"column":5}},"750":{"start":{"line":1827,"column":8},"end":{"line":1827,"column":73}},"751":{"start":{"line":1830,"column":24},"end":{"line":1830,"column":73}},"752":{"start":{"line":1831,"column":4},"end":{"line":1831,"column":44}},"753":{"start":{"line":1834,"column":4},"end":{"line":1834,"column":23}},"754":{"start":{"line":1837,"column":4},"end":{"line":1837,"column":33}},"755":{"start":{"line":1838,"column":4},"end":{"line":1838,"column":37}},"756":{"start":{"line":1840,"column":32},"end":{"line":1840,"column":84}},"757":{"start":{"line":1841,"column":33},"end":{"line":1841,"column":86}},"758":{"start":{"line":1842,"column":30},"end":{"line":1842,"column":98}},"759":{"start":{"line":1843,"column":31},"end":{"line":1843,"column":100}},"760":{"start":{"line":1844,"column":27},"end":{"line":1844,"column":63}},"761":{"start":{"line":1845,"column":22},"end":{"line":1845,"column":40}},"762":{"start":{"line":1847,"column":4},"end":{"line":1847,"column":90}},"763":{"start":{"line":1848,"column":4},"end":{"line":1848,"column":71}},"764":{"start":{"line":1849,"column":4},"end":{"line":1849,"column":47}},"765":{"start":{"line":1850,"column":4},"end":{"line":1850,"column":62}},"766":{"start":{"line":1852,"column":28},"end":{"line":1852,"column":152}},"767":{"start":{"line":1853,"column":4},"end":{"line":1853,"column":49}},"768":{"start":{"line":1856,"column":4},"end":{"line":1856,"column":23}},"769":{"start":{"line":1859,"column":4},"end":{"line":1859,"column":44}},"770":{"start":{"line":1860,"column":4},"end":{"line":1860,"column":63}},"771":{"start":{"line":1862,"column":4},"end":{"line":1862,"column":21}},"772":{"start":{"line":1875,"column":17},"end":{"line":1875,"column":19}},"773":{"start":{"line":1876,"column":20},"end":{"line":1876,"column":39}},"774":{"start":{"line":1878,"column":31},"end":{"line":1899,"column":5}},"775":{"start":{"line":1879,"column":8},"end":{"line":1879,"column":33}},"776":{"start":{"line":1879,"column":22},"end":{"line":1879,"column":33}},"777":{"start":{"line":1880,"column":8},"end":{"line":1880,"column":64}},"778":{"start":{"line":1880,"column":41},"end":{"line":1880,"column":64}},"779":{"start":{"line":1883,"column":8},"end":{"line":1885,"column":9}},"780":{"start":{"line":1884,"column":12},"end":{"line":1884,"column":27}},"781":{"start":{"line":1888,"column":31},"end":{"line":1888,"column":56}},"782":{"start":{"line":1889,"column":19},"end":{"line":1889,"column":43}},"783":{"start":{"line":1890,"column":8},"end":{"line":1894,"column":9}},"784":{"start":{"line":1891,"column":22},"end":{"line":1891,"column":60}},"785":{"start":{"line":1892,"column":22},"end":{"line":1892,"column":62}},"786":{"start":{"line":1893,"column":12},"end":{"line":1893,"column":31}},"787":{"start":{"line":1896,"column":8},"end":{"line":1896,"column":80}},"788":{"start":{"line":1896,"column":35},"end":{"line":1896,"column":80}},"789":{"start":{"line":1897,"column":8},"end":{"line":1897,"column":80}},"790":{"start":{"line":1897,"column":35},"end":{"line":1897,"column":80}},"791":{"start":{"line":1898,"column":8},"end":{"line":1898,"column":23}},"792":{"start":{"line":1901,"column":23},"end":{"line":1911,"column":5}},"793":{"start":{"line":1913,"column":27},"end":{"line":1913,"column":29}},"794":{"start":{"line":1914,"column":4},"end":{"line":1916,"column":7}},"795":{"start":{"line":1915,"column":8},"end":{"line":1915,"column":34}},"796":{"start":{"line":1918,"column":30},"end":{"line":1918,"column":31}},"797":{"start":{"line":1919,"column":31},"end":{"line":1919,"column":32}},"798":{"start":{"line":1920,"column":28},"end":{"line":1920,"column":29}},"799":{"start":{"line":1922,"column":4},"end":{"line":1940,"column":7}},"800":{"start":{"line":1942,"column":4},"end":{"line":1977,"column":7}},"801":{"start":{"line":1943,"column":8},"end":{"line":1943,"column":36}},"802":{"start":{"line":1943,"column":29},"end":{"line":1943,"column":36}},"803":{"start":{"line":1945,"column":24},"end":{"line":1945,"column":44}},"804":{"start":{"line":1946,"column":22},"end":{"line":1946,"column":40}},"805":{"start":{"line":1947,"column":19},"end":{"line":1947,"column":91}},"806":{"start":{"line":1949,"column":27},"end":{"line":1949,"column":47}},"807":{"start":{"line":1950,"column":24},"end":{"line":1950,"column":64}},"808":{"start":{"line":1951,"column":24},"end":{"line":1951,"column":61}},"809":{"start":{"line":1952,"column":23},"end":{"line":1952,"column":49}},"810":{"start":{"line":1953,"column":24},"end":{"line":1953,"column":50}},"811":{"start":{"line":1954,"column":31},"end":{"line":1954,"column":50}},"812":{"start":{"line":1956,"column":31},"end":{"line":1960,"column":10}},"813":{"start":{"line":1957,"column":22},"end":{"line":1957,"column":45}},"814":{"start":{"line":1958,"column":12},"end":{"line":1958,"column":39}},"815":{"start":{"line":1959,"column":12},"end":{"line":1959,"column":40}},"816":{"start":{"line":1962,"column":8},"end":{"line":1962,"column":46}},"817":{"start":{"line":1963,"column":8},"end":{"line":1963,"column":80}},"818":{"start":{"line":1963,"column":54},"end":{"line":1963,"column":80}},"819":{"start":{"line":1964,"column":8},"end":{"line":1964,"column":77}},"820":{"start":{"line":1964,"column":54},"end":{"line":1964,"column":77}},"821":{"start":{"line":1966,"column":8},"end":{"line":1976,"column":11}},"822":{"start":{"line":1979,"column":31},"end":{"line":1979,"column":92}},"823":{"start":{"line":1979,"column":51},"end":{"line":1979,"column":91}},"824":{"start":{"line":1980,"column":31},"end":{"line":1980,"column":92}},"825":{"start":{"line":1980,"column":51},"end":{"line":1980,"column":91}},"826":{"start":{"line":1981,"column":30},"end":{"line":1981,"column":115}},"827":{"start":{"line":1981,"column":50},"end":{"line":1981,"column":114}},"828":{"start":{"line":1982,"column":31},"end":{"line":1982,"column":93}},"829":{"start":{"line":1982,"column":69},"end":{"line":1982,"column":89}},"830":{"start":{"line":1983,"column":29},"end":{"line":1983,"column":90}},"831":{"start":{"line":1983,"column":66},"end":{"line":1983,"column":86}},"832":{"start":{"line":1985,"column":4},"end":{"line":1985,"column":149}},"833":{"start":{"line":1986,"column":4},"end":{"line":1986,"column":75}},"834":{"start":{"line":1987,"column":4},"end":{"line":1987,"column":110}},"835":{"start":{"line":1988,"column":4},"end":{"line":1988,"column":18}},"836":{"start":{"line":1989,"column":4},"end":{"line":1989,"column":18}},"837":{"start":{"line":1991,"column":38},"end":{"line":1991,"column":73}},"838":{"start":{"line":1992,"column":35},"end":{"line":1992,"column":70}},"839":{"start":{"line":1993,"column":32},"end":{"line":1993,"column":80}},"840":{"start":{"line":1994,"column":29},"end":{"line":1994,"column":71}},"841":{"start":{"line":1996,"column":4},"end":{"line":1996,"column":28}},"842":{"start":{"line":1997,"column":4},"end":{"line":1997,"column":62}},"843":{"start":{"line":1998,"column":4},"end":{"line":1998,"column":146}},"844":{"start":{"line":1999,"column":4},"end":{"line":1999,"column":160}},"845":{"start":{"line":2000,"column":4},"end":{"line":2000,"column":161}},"846":{"start":{"line":2001,"column":4},"end":{"line":2001,"column":112}},"847":{"start":{"line":2002,"column":4},"end":{"line":2002,"column":116}},"848":{"start":{"line":2003,"column":4},"end":{"line":2003,"column":122}},"849":{"start":{"line":2004,"column":4},"end":{"line":2004,"column":116}},"850":{"start":{"line":2005,"column":4},"end":{"line":2005,"column":124}},"851":{"start":{"line":2006,"column":4},"end":{"line":2006,"column":119}},"852":{"start":{"line":2008,"column":24},"end":{"line":2008,"column":133}},"853":{"start":{"line":2009,"column":4},"end":{"line":2009,"column":175}},"854":{"start":{"line":2010,"column":4},"end":{"line":2010,"column":18}},"855":{"start":{"line":2011,"column":4},"end":{"line":2011,"column":76}},"856":{"start":{"line":2013,"column":32},"end":{"line":2013,"column":84}},"857":{"start":{"line":2014,"column":33},"end":{"line":2014,"column":86}},"858":{"start":{"line":2015,"column":30},"end":{"line":2015,"column":119}},"859":{"start":{"line":2016,"column":31},"end":{"line":2016,"column":121}},"860":{"start":{"line":2017,"column":27},"end":{"line":2017,"column":71}},"861":{"start":{"line":2018,"column":22},"end":{"line":2018,"column":61}},"862":{"start":{"line":2020,"column":4},"end":{"line":2020,"column":56}},"863":{"start":{"line":2021,"column":4},"end":{"line":2021,"column":57}},"864":{"start":{"line":2022,"column":4},"end":{"line":2022,"column":47}},"865":{"start":{"line":2023,"column":4},"end":{"line":2023,"column":43}},"866":{"start":{"line":2024,"column":4},"end":{"line":2024,"column":18}},"867":{"start":{"line":2026,"column":28},"end":{"line":2026,"column":95}},"868":{"start":{"line":2027,"column":19},"end":{"line":2027,"column":48}},"869":{"start":{"line":2028,"column":4},"end":{"line":2028,"column":48}},"870":{"start":{"line":2029,"column":4},"end":{"line":2029,"column":18}},"871":{"start":{"line":2030,"column":4},"end":{"line":2030,"column":38}},"872":{"start":{"line":2031,"column":4},"end":{"line":2031,"column":39}},"873":{"start":{"line":2033,"column":4},"end":{"line":2033,"column":16}},"874":{"start":{"line":2037,"column":16},"end":{"line":2037,"column":71}},"875":{"start":{"line":2038,"column":4},"end":{"line":2038,"column":21}},"876":{"start":{"line":2038,"column":14},"end":{"line":2038,"column":21}},"877":{"start":{"line":2040,"column":16},"end":{"line":2040,"column":47}},"878":{"start":{"line":2040,"column":21},"end":{"line":2040,"column":47}},"879":{"start":{"line":2044,"column":8},"end":{"line":2044,"column":45}},"880":{"start":{"line":2044,"column":33},"end":{"line":2044,"column":45}},"881":{"start":{"line":2045,"column":8},"end":{"line":2066,"column":9}},"882":{"start":{"line":2046,"column":25},"end":{"line":2046,"column":42}},"883":{"start":{"line":2047,"column":12},"end":{"line":2047,"column":82}},"884":{"start":{"line":2047,"column":39},"end":{"line":2047,"column":82}},"885":{"start":{"line":2048,"column":26},"end":{"line":2058,"column":13}},"886":{"start":{"line":2049,"column":16},"end":{"line":2049,"column":36}},"887":{"start":{"line":2049,"column":24},"end":{"line":2049,"column":36}},"888":{"start":{"line":2050,"column":16},"end":{"line":2055,"column":17}},"889":{"start":{"line":2051,"column":37},"end":{"line":2051,"column":61}},"890":{"start":{"line":2052,"column":30},"end":{"line":2052,"column":44}},"891":{"start":{"line":2053,"column":20},"end":{"line":2053,"column":45}},"892":{"start":{"line":2054,"column":20},"end":{"line":2054,"column":29}},"893":{"start":{"line":2056,"column":26},"end":{"line":2056,"column":37}},"894":{"start":{"line":2057,"column":16},"end":{"line":2057,"column":53}},"895":{"start":{"line":2059,"column":22},"end":{"line":2059,"column":35}},"896":{"start":{"line":2060,"column":22},"end":{"line":2060,"column":36}},"897":{"start":{"line":2061,"column":12},"end":{"line":2061,"column":38}},"898":{"start":{"line":2061,"column":26},"end":{"line":2061,"column":38}},"899":{"start":{"line":2062,"column":26},"end":{"line":2062,"column":43}},"900":{"start":{"line":2063,"column":12},"end":{"line":2063,"column":64}},"901":{"start":{"line":2065,"column":12},"end":{"line":2065,"column":24}},"902":{"start":{"line":2069,"column":4},"end":{"line":2428,"column":7}},"903":{"start":{"line":2070,"column":25},"end":{"line":2070,"column":130}},"904":{"start":{"line":2071,"column":23},"end":{"line":2071,"column":128}},"905":{"start":{"line":2072,"column":8},"end":{"line":2075,"column":9}},"906":{"start":{"line":2073,"column":12},"end":{"line":2073,"column":28}},"907":{"start":{"line":2074,"column":12},"end":{"line":2074,"column":19}},"908":{"start":{"line":2078,"column":26},"end":{"line":2078,"column":143}},"909":{"start":{"line":2080,"column":18},"end":{"line":2080,"column":56}},"910":{"start":{"line":2081,"column":8},"end":{"line":2088,"column":9}},"911":{"start":{"line":2082,"column":12},"end":{"line":2082,"column":38}},"912":{"start":{"line":2083,"column":12},"end":{"line":2083,"column":43}},"913":{"start":{"line":2085,"column":22},"end":{"line":2085,"column":32}},"914":{"start":{"line":2086,"column":12},"end":{"line":2086,"column":35}},"915":{"start":{"line":2087,"column":12},"end":{"line":2087,"column":33}},"916":{"start":{"line":2090,"column":27},"end":{"line":2090,"column":54}},"917":{"start":{"line":2091,"column":44},"end":{"line":2091,"column":72}},"918":{"start":{"line":2094,"column":8},"end":{"line":2427,"column":9}},"919":{"start":{"line":2095,"column":26},"end":{"line":2095,"column":62}},"920":{"start":{"line":2097,"column":29},"end":{"line":2102,"column":14}},"921":{"start":{"line":2103,"column":12},"end":{"line":2106,"column":13}},"922":{"start":{"line":2104,"column":16},"end":{"line":2104,"column":37}},"923":{"start":{"line":2105,"column":16},"end":{"line":2105,"column":23}},"924":{"start":{"line":2109,"column":31},"end":{"line":2109,"column":86}},"925":{"start":{"line":2112,"column":39},"end":{"line":2114,"column":13}},"926":{"start":{"line":2117,"column":32},"end":{"line":2126,"column":13}},"927":{"start":{"line":2128,"column":32},"end":{"line":2128,"column":70}},"928":{"start":{"line":2131,"column":12},"end":{"line":2169,"column":15}},"929":{"start":{"line":2132,"column":16},"end":{"line":2132,"column":41}},"930":{"start":{"line":2132,"column":34},"end":{"line":2132,"column":41}},"931":{"start":{"line":2134,"column":32},"end":{"line":2134,"column":61}},"932":{"start":{"line":2135,"column":16},"end":{"line":2135,"column":37}},"933":{"start":{"line":2135,"column":30},"end":{"line":2135,"column":37}},"934":{"start":{"line":2138,"column":30},"end":{"line":2138,"column":32}},"935":{"start":{"line":2139,"column":30},"end":{"line":2139,"column":34}},"936":{"start":{"line":2141,"column":16},"end":{"line":2147,"column":17}},"937":{"start":{"line":2143,"column":43},"end":{"line":2143,"column":72}},"938":{"start":{"line":2144,"column":20},"end":{"line":2144,"column":55}},"939":{"start":{"line":2145,"column":23},"end":{"line":2147,"column":17}},"940":{"start":{"line":2146,"column":20},"end":{"line":2146,"column":42}},"941":{"start":{"line":2149,"column":16},"end":{"line":2154,"column":17}},"942":{"start":{"line":2151,"column":30},"end":{"line":2151,"column":73}},"943":{"start":{"line":2152,"column":30},"end":{"line":2152,"column":75}},"944":{"start":{"line":2153,"column":20},"end":{"line":2153,"column":42}},"945":{"start":{"line":2156,"column":34},"end":{"line":2156,"column":53}},"946":{"start":{"line":2157,"column":33},"end":{"line":2157,"column":54}},"947":{"start":{"line":2158,"column":35},"end":{"line":2158,"column":52}},"948":{"start":{"line":2159,"column":36},"end":{"line":2159,"column":135}},"949":{"start":{"line":2161,"column":16},"end":{"line":2168,"column":19}},"950":{"start":{"line":2172,"column":29},"end":{"line":2172,"column":30}},"951":{"start":{"line":2172,"column":48},"end":{"line":2172,"column":49}},"952":{"start":{"line":2172,"column":71},"end":{"line":2172,"column":72}},"953":{"start":{"line":2172,"column":88},"end":{"line":2172,"column":89}},"954":{"start":{"line":2173,"column":35},"end":{"line":2173,"column":36}},"955":{"start":{"line":2173,"column":59},"end":{"line":2173,"column":60}},"956":{"start":{"line":2176,"column":34},"end":{"line":2176,"column":36}},"957":{"start":{"line":2177,"column":12},"end":{"line":2185,"column":15}},"958":{"start":{"line":2178,"column":16},"end":{"line":2178,"column":41}},"959":{"start":{"line":2178,"column":34},"end":{"line":2178,"column":41}},"960":{"start":{"line":2179,"column":32},"end":{"line":2179,"column":61}},"961":{"start":{"line":2180,"column":16},"end":{"line":2180,"column":37}},"962":{"start":{"line":2180,"column":30},"end":{"line":2180,"column":37}},"963":{"start":{"line":2181,"column":16},"end":{"line":2183,"column":17}},"964":{"start":{"line":2182,"column":20},"end":{"line":2182,"column":48}},"965":{"start":{"line":2184,"column":16},"end":{"line":2184,"column":52}},"966":{"start":{"line":2188,"column":34},"end":{"line":2188,"column":71}},"967":{"start":{"line":2189,"column":36},"end":{"line":2191,"column":20}},"968":{"start":{"line":2194,"column":12},"end":{"line":2212,"column":13}},"969":{"start":{"line":2195,"column":16},"end":{"line":2211,"column":17}},"970":{"start":{"line":2196,"column":44},"end":{"line":2200,"column":22}},"971":{"start":{"line":2201,"column":20},"end":{"line":2208,"column":21}},"972":{"start":{"line":2202,"column":24},"end":{"line":2202,"column":87}},"973":{"start":{"line":2203,"column":24},"end":{"line":2207,"column":25}},"974":{"start":{"line":2204,"column":28},"end":{"line":2204,"column":82}},"975":{"start":{"line":2205,"column":31},"end":{"line":2207,"column":25}},"976":{"start":{"line":2206,"column":28},"end":{"line":2206,"column":83}},"977":{"start":{"line":2210,"column":20},"end":{"line":2210,"column":79}},"978":{"start":{"line":2214,"column":44},"end":{"line":2223,"column":13}},"979":{"start":{"line":2215,"column":16},"end":{"line":2215,"column":37}},"980":{"start":{"line":2215,"column":24},"end":{"line":2215,"column":37}},"981":{"start":{"line":2216,"column":16},"end":{"line":2216,"column":76}},"982":{"start":{"line":2216,"column":64},"end":{"line":2216,"column":76}},"983":{"start":{"line":2218,"column":35},"end":{"line":2218,"column":117}},"984":{"start":{"line":2219,"column":16},"end":{"line":2219,"column":77}},"985":{"start":{"line":2219,"column":65},"end":{"line":2219,"column":77}},"986":{"start":{"line":2221,"column":29},"end":{"line":2221,"column":143}},"987":{"start":{"line":2222,"column":16},"end":{"line":2222,"column":84}},"988":{"start":{"line":2225,"column":43},"end":{"line":2237,"column":13}},"989":{"start":{"line":2226,"column":16},"end":{"line":2226,"column":37}},"990":{"start":{"line":2226,"column":24},"end":{"line":2226,"column":37}},"991":{"start":{"line":2227,"column":40},"end":{"line":2229,"column":76}},"992":{"start":{"line":2230,"column":35},"end":{"line":2230,"column":78}},"993":{"start":{"line":2231,"column":16},"end":{"line":2233,"column":17}},"994":{"start":{"line":2232,"column":20},"end":{"line":2232,"column":32}},"995":{"start":{"line":2235,"column":29},"end":{"line":2235,"column":162}},"996":{"start":{"line":2236,"column":16},"end":{"line":2236,"column":61}},"997":{"start":{"line":2239,"column":39},"end":{"line":2244,"column":13}},"998":{"start":{"line":2242,"column":30},"end":{"line":2242,"column":100}},"999":{"start":{"line":2246,"column":38},"end":{"line":2251,"column":13}},"1000":{"start":{"line":2249,"column":30},"end":{"line":2249,"column":100}},"1001":{"start":{"line":2254,"column":12},"end":{"line":2388,"column":13}},"1002":{"start":{"line":2254,"column":25},"end":{"line":2254,"column":26}},"1003":{"start":{"line":2255,"column":32},"end":{"line":2255,"column":69}},"1004":{"start":{"line":2256,"column":32},"end":{"line":2256,"column":56}},"1005":{"start":{"line":2257,"column":32},"end":{"line":2257,"column":104}},"1006":{"start":{"line":2259,"column":35},"end":{"line":2259,"column":63}},"1007":{"start":{"line":2262,"column":33},"end":{"line":2262,"column":93}},"1008":{"start":{"line":2262,"column":54},"end":{"line":2262,"column":92}},"1009":{"start":{"line":2263,"column":34},"end":{"line":2263,"column":96}},"1010":{"start":{"line":2263,"column":55},"end":{"line":2263,"column":95}},"1011":{"start":{"line":2266,"column":38},"end":{"line":2266,"column":100}},"1012":{"start":{"line":2266,"column":59},"end":{"line":2266,"column":99}},"1013":{"start":{"line":2269,"column":36},"end":{"line":2302,"column":17}},"1014":{"start":{"line":2270,"column":20},"end":{"line":2270,"column":44}},"1015":{"start":{"line":2270,"column":34},"end":{"line":2270,"column":44}},"1016":{"start":{"line":2272,"column":42},"end":{"line":2276,"column":21}},"1017":{"start":{"line":2273,"column":34},"end":{"line":2273,"column":72}},"1018":{"start":{"line":2274,"column":34},"end":{"line":2274,"column":74}},"1019":{"start":{"line":2275,"column":24},"end":{"line":2275,"column":43}},"1020":{"start":{"line":2278,"column":20},"end":{"line":2280,"column":21}},"1021":{"start":{"line":2279,"column":24},"end":{"line":2279,"column":86}},"1022":{"start":{"line":2282,"column":20},"end":{"line":2299,"column":21}},"1023":{"start":{"line":2283,"column":43},"end":{"line":2283,"column":102}},"1024":{"start":{"line":2284,"column":39},"end":{"line":2284,"column":59}},"1025":{"start":{"line":2285,"column":24},"end":{"line":2287,"column":25}},"1026":{"start":{"line":2286,"column":28},"end":{"line":2286,"column":57}},"1027":{"start":{"line":2290,"column":24},"end":{"line":2292,"column":25}},"1028":{"start":{"line":2291,"column":28},"end":{"line":2291,"column":59}},"1029":{"start":{"line":2293,"column":24},"end":{"line":2295,"column":25}},"1030":{"start":{"line":2294,"column":28},"end":{"line":2294,"column":73}},"1031":{"start":{"line":2296,"column":24},"end":{"line":2298,"column":25}},"1032":{"start":{"line":2297,"column":28},"end":{"line":2297,"column":73}},"1033":{"start":{"line":2301,"column":20},"end":{"line":2301,"column":30}},"1034":{"start":{"line":2304,"column":31},"end":{"line":2304,"column":73}},"1035":{"start":{"line":2305,"column":30},"end":{"line":2305,"column":54}},"1036":{"start":{"line":2307,"column":32},"end":{"line":2307,"column":76}},"1037":{"start":{"line":2308,"column":31},"end":{"line":2308,"column":56}},"1038":{"start":{"line":2311,"column":34},"end":{"line":2311,"column":50}},"1039":{"start":{"line":2312,"column":42},"end":{"line":2312,"column":117}},"1040":{"start":{"line":2313,"column":41},"end":{"line":2313,"column":114}},"1041":{"start":{"line":2314,"column":32},"end":{"line":2314,"column":96}},"1042":{"start":{"line":2316,"column":31},"end":{"line":2316,"column":32}},"1043":{"start":{"line":2316,"column":51},"end":{"line":2316,"column":52}},"1044":{"start":{"line":2316,"column":69},"end":{"line":2316,"column":70}},"1045":{"start":{"line":2316,"column":86},"end":{"line":2316,"column":87}},"1046":{"start":{"line":2317,"column":34},"end":{"line":2317,"column":35}},"1047":{"start":{"line":2317,"column":53},"end":{"line":2317,"column":54}},"1048":{"start":{"line":2317,"column":68},"end":{"line":2317,"column":69}},"1049":{"start":{"line":2319,"column":16},"end":{"line":2339,"column":17}},"1050":{"start":{"line":2320,"column":32},"end":{"line":2320,"column":101}},"1051":{"start":{"line":2321,"column":20},"end":{"line":2321,"column":109}},"1052":{"start":{"line":2322,"column":20},"end":{"line":2322,"column":69}},"1053":{"start":{"line":2323,"column":20},"end":{"line":2323,"column":70}},"1054":{"start":{"line":2324,"column":20},"end":{"line":2324,"column":63}},"1055":{"start":{"line":2325,"column":20},"end":{"line":2329,"column":21}},"1056":{"start":{"line":2326,"column":24},"end":{"line":2326,"column":85}},"1057":{"start":{"line":2327,"column":24},"end":{"line":2327,"column":89}},"1058":{"start":{"line":2328,"column":24},"end":{"line":2328,"column":81}},"1059":{"start":{"line":2330,"column":23},"end":{"line":2339,"column":17}},"1060":{"start":{"line":2331,"column":20},"end":{"line":2331,"column":109}},"1061":{"start":{"line":2332,"column":20},"end":{"line":2332,"column":46}},"1062":{"start":{"line":2333,"column":20},"end":{"line":2338,"column":21}},"1063":{"start":{"line":2334,"column":38},"end":{"line":2334,"column":95}},"1064":{"start":{"line":2335,"column":24},"end":{"line":2335,"column":117}},"1065":{"start":{"line":2337,"column":24},"end":{"line":2337,"column":66}},"1066":{"start":{"line":2341,"column":31},"end":{"line":2341,"column":95}},"1067":{"start":{"line":2344,"column":34},"end":{"line":2344,"column":36}},"1068":{"start":{"line":2345,"column":16},"end":{"line":2357,"column":17}},"1069":{"start":{"line":2347,"column":24},"end":{"line":2347,"column":42}},"1070":{"start":{"line":2348,"column":24},"end":{"line":2348,"column":30}},"1071":{"start":{"line":2350,"column":24},"end":{"line":2350,"column":42}},"1072":{"start":{"line":2351,"column":24},"end":{"line":2351,"column":30}},"1073":{"start":{"line":2353,"column":24},"end":{"line":2353,"column":42}},"1074":{"start":{"line":2354,"column":24},"end":{"line":2354,"column":30}},"1075":{"start":{"line":2356,"column":24},"end":{"line":2356,"column":41}},"1076":{"start":{"line":2360,"column":40},"end":{"line":2360,"column":93}},"1077":{"start":{"line":2362,"column":16},"end":{"line":2380,"column":19}},"1078":{"start":{"line":2382,"column":16},"end":{"line":2382,"column":55}},"1079":{"start":{"line":2383,"column":16},"end":{"line":2383,"column":58}},"1080":{"start":{"line":2384,"column":16},"end":{"line":2384,"column":63}},"1081":{"start":{"line":2385,"column":16},"end":{"line":2385,"column":56}},"1082":{"start":{"line":2386,"column":16},"end":{"line":2386,"column":48}},"1083":{"start":{"line":2387,"column":16},"end":{"line":2387,"column":52}},"1084":{"start":{"line":2391,"column":43},"end":{"line":2391,"column":144}},"1085":{"start":{"line":2393,"column":12},"end":{"line":2423,"column":13}},"1086":{"start":{"line":2394,"column":28},"end":{"line":2394,"column":71}},"1087":{"start":{"line":2395,"column":28},"end":{"line":2395,"column":75}},"1088":{"start":{"line":2396,"column":27},"end":{"line":2396,"column":48}},"1089":{"start":{"line":2397,"column":16},"end":{"line":2397,"column":64}},"1090":{"start":{"line":2398,"column":16},"end":{"line":2398,"column":68}},"1091":{"start":{"line":2399,"column":30},"end":{"line":2399,"column":81}},"1092":{"start":{"line":2400,"column":29},"end":{"line":2400,"column":84}},"1093":{"start":{"line":2403,"column":35},"end":{"line":2403,"column":98}},"1094":{"start":{"line":2404,"column":16},"end":{"lin
[...]
ocations":[{"start":{"line":93,"column":8},"end":{"line":93,"column":28}},{"start":{},"end":{}}],"line":93},"6":{"loc":{"start":{"line":103,"column":90},"end":{"line":103,"column":121}},"type":"binary-expr","locations":[{"start":{"line":103,"column":90},"end":{"line":103,"column":93}},{"start":{"line":103,"column":97},"end":{"line":103,"column":121}}],"line":103},"7":{"loc":{"start":{"line":106,"column":12},"end":{"line":106,"column":44}},"type":"if","locations":[{"start":{"line":106,"column":12},"end":{"line":106,"column":44}},{"start":{},"end":{}}],"line":106},"8":{"loc":{"start":{"line":116,"column":20},"end":{"line":119,"column":21}},"type":"if","locations":[{"start":{"line":116,"column":20},"end":{"line":119,"column":21}},{"start":{},"end":{}}],"line":116},"9":{"loc":{"start":{"line":132,"column":4},"end":{"line":134,"column":5}},"type":"if","locations":[{"start":{"line":132,"column":4},"end":{"line":134,"column":5}},{"start":{},"end":{}}],"line":132},"10":{"loc":{"start":{"line":145,"column":4},"end":{"line":147,"column":5}},"type":"if","locations":[{"start":{"line":145,"column":4},"end":{"line":147,"column":5}},{"start":{},"end":{}}],"line":145},"11":{"loc":{"start":{"line":156,"column":46},"end":{"line":156,"column":65}},"type":"default-arg","locations":[{"start":{"line":156,"column":61},"end":{"line":156,"column":65}}],"line":156},"12":{"loc":{"start":{"line":157,"column":19},"end":{"line":157,"column":89}},"type":"binary-expr","locations":[{"start":{"line":157,"column":19},"end":{"line":157,"column":31}},{"start":{"line":157,"column":35},"end":{"line":157,"column":72}},{"start":{"line":157,"column":76},"end":{"line":157,"column":89}}],"line":157},"13":{"loc":{"start":{"line":158,"column":4},"end":{"line":158,"column":24}},"type":"if","locations":[{"start":{"line":158,"column":4},"end":{"line":158,"column":24}},{"start":{},"end":{}}],"line":158},"14":{"loc":{"start":{"line":161,"column":4},"end":{"line":161,"column":47}},"type":"if","locations":[{"start":{"line":161,"column":4},"end":{"line":161,"column":47}},{"start":{},"end":{}}],"line":161},"15":{"loc":{"start":{"line":162,"column":4},"end":{"line":162,"column":50}},"type":"if","locations":[{"start":{"line":162,"column":4},"end":{"line":162,"column":50}},{"start":{},"end":{}}],"line":162},"16":{"loc":{"start":{"line":169,"column":8},"end":{"line":171,"column":9}},"type":"if","locations":[{"start":{"line":169,"column":8},"end":{"line":171,"column":9}},{"start":{},"end":{}}],"line":169},"17":{"loc":{"start":{"line":170,"column":43},"end":{"line":170,"column":72}},"type":"binary-expr","locations":[{"start":{"line":170,"column":43},"end":{"line":170,"column":66}},{"start":{"line":170,"column":70},"end":{"line":170,"column":72}}],"line":170},"18":{"loc":{"start":{"line":180,"column":45},"end":{"line":180,"column":64}},"type":"default-arg","locations":[{"start":{"line":180,"column":60},"end":{"line":180,"column":64}}],"line":180},"19":{"loc":{"start":{"line":181,"column":19},"end":{"line":181,"column":89}},"type":"binary-expr","locations":[{"start":{"line":181,"column":19},"end":{"line":181,"column":31}},{"start":{"line":181,"column":35},"end":{"line":181,"column":72}},{"start":{"line":181,"column":76},"end":{"line":181,"column":89}}],"line":181},"20":{"loc":{"start":{"line":182,"column":4},"end":{"line":182,"column":27}},"type":"if","locations":[{"start":{"line":182,"column":4},"end":{"line":182,"column":27}},{"start":{},"end":{}}],"line":182},"21":{"loc":{"start":{"line":185,"column":4},"end":{"line":187,"column":5}},"type":"if","locations":[{"start":{"line":185,"column":4},"end":{"line":187,"column":5}},{"start":{},"end":{}}],"line":185},"22":{"loc":{"start":{"line":188,"column":4},"end":{"line":191,"column":5}},"type":"if","locations":[{"start":{"line":188,"column":4},"end":{"line":191,"column":5}},{"start":{},"end":{}}],"line":188},"23":{"loc":{"start":{"line":190,"column":15},"end":{"line":190,"column":60}},"type":"cond-expr","locations":[{"start":{"line":190,"column":25},"end":{"line":190,"column":54}},{"start":{"line":190,"column":58},"end":{"line":190,"column":60}}],"line":190},"24":{"loc":{"start":{"line":190,"column":25},"end":{"line":190,"column":54}},"type":"binary-expr","locations":[{"start":{"line":190,"column":25},"end":{"line":190,"column":48}},{"start":{"line":190,"column":52},"end":{"line":190,"column":54}}],"line":190},"25":{"loc":{"start":{"line":199,"column":8},"end":{"line":203,"column":9}},"type":"if","locations":[{"start":{"line":199,"column":8},"end":{"line":203,"column":9}},{"start":{},"end":{}}],"line":199},"26":{"loc":{"start":{"line":200,"column":28},"end":{"line":200,"column":57}},"type":"binary-expr","locations":[{"start":{"line":200,"column":28},"end":{"line":200,"column":51}},{"start":{"line":200,"column":55},"end":{"line":200,"column":57}}],"line":200},"27":{"loc":{"start":{"line":221,"column":4},"end":{"line":223,"column":5}},"type":"if","locations":[{"start":{"line":221,"column":4},"end":{"line":223,"column":5}},{"start":{},"end":{}}],"line":221},"28":{"loc":{"start":{"line":224,"column":4},"end":{"line":226,"column":5}},"type":"if","locations":[{"start":{"line":224,"column":4},"end":{"line":226,"column":5}},{"start":{},"end":{}}],"line":224},"29":{"loc":{"start":{"line":230,"column":4},"end":{"line":230,"column":53}},"type":"if","locations":[{"start":{"line":230,"column":4},"end":{"line":230,"column":53}},{"start":{},"end":{}}],"line":230},"30":{"loc":{"start":{"line":236,"column":4},"end":{"line":236,"column":45}},"type":"if","locations":[{"start":{"line":236,"column":4},"end":{"line":236,"column":45}},{"start":{},"end":{}}],"line":236},"31":{"loc":{"start":{"line":243,"column":4},"end":{"line":249,"column":5}},"type":"if","locations":[{"start":{"line":243,"column":4},"end":{"line":249,"column":5}},{"start":{},"end":{}}],"line":243},"32":{"loc":{"start":{"line":246,"column":8},"end":{"line":248,"column":9}},"type":"if","locations":[{"start":{"line":246,"column":8},"end":{"line":248,"column":9}},{"start":{},"end":{}}],"line":246},"33":{"loc":{"start":{"line":254,"column":87},"end":{"line":254,"column":105}},"type":"default-arg","locations":[{"start":{"line":254,"column":100},"end":{"line":254,"column":105}}],"line":254},"34":{"loc":{"start":{"line":270,"column":8},"end":{"line":272,"column":9}},"type":"if","locations":[{"start":{"line":270,"column":8},"end":{"line":272,"column":9}},{"start":{},"end":{}}],"line":270},"35":{"loc":{"start":{"line":271,"column":37},"end":{"line":271,"column":49}},"type":"binary-expr","locations":[{"start":{"line":271,"column":37},"end":{"line":271,"column":44}},{"start":{"line":271,"column":48},"end":{"line":271,"column":49}}],"line":271},"36":{"loc":{"start":{"line":281,"column":8},"end":{"line":281,"column":53}},"type":"if","locations":[{"start":{"line":281,"column":8},"end":{"line":281,"column":53}},{"start":{},"end":{}}],"line":281},"37":{"loc":{"start":{"line":303,"column":29},"end":{"line":303,"column":57}},"type":"binary-expr","locations":[{"start":{"line":303,"column":29},"end":{"line":303,"column":51}},{"start":{"line":303,"column":55},"end":{"line":303,"column":57}}],"line":303},"38":{"loc":{"start":{"line":307,"column":8},"end":{"line":350,"column":9}},"type":"if","locations":[{"start":{"line":307,"column":8},"end":{"line":350,"column":9}},{"start":{},"end":{}}],"line":307},"39":{"loc":{"start":{"line":313,"column":24},"end":{"line":313,"column":49}},"type":"binary-expr","locations":[{"start":{"line":313,"column":24},"end":{"line":313,"column":40}},{"start":{"line":313,"column":44},"end":{"line":313,"column":49}}],"line":313},"40":{"loc":{"start":{"line":316,"column":12},"end":{"line":349,"column":13}},"type":"switch","locations":[{"start":{"line":317,"column":16},"end":{"line":319,"column":26}},{"start":{"line":320,"column":16},"end":{"line":322,"column":26}},{"start":{"line":323,"column":16},"end":{"line":325,"column":26}},{"start":{"line":326,"column":16},"end":{"line":328,"column":26}},{"start":{"line":329,"column":16},"end":{"line":331,"column":26}},{"start":{"line":332,"column":16},"end":{"line":334,"column":26}},{"start":{"line":335,"column":16},"end":{"line":337,"column":26}},{"start":{"line":338,"column":16},"end":{"line":340,"column":26}},{"start":{"line":341,"column":16},"end":{"line":343,"column":26}},{"start":{"line":344,"column":16},"end":{"line":348,"column":26}}],"line":316},"41":{"loc":{"start":{"line":345,"column":20},"end":{"line":347,"column":21}},"type":"if","locations":[{"start":{"line":345,"column":20},"end":{"line":347,"column":21}},{"start":{},"end":{}}],"line":345},"42":{"loc":{"start":{"line":345,"column":24},"end":{"line":345,"column":47}},"type":"binary-expr","locations":[{"start":{"line":345,"column":24},"end":{"line":345,"column":30}},{"start":{"line":345,"column":34},"end":{"line":345,"column":47}}],"line":345},"43":{"loc":{"start":{"line":351,"column":8},"end":{"line":354,"column":9}},"type":"if","locations":[{"start":{"line":351,"column":8},"end":{"line":354,"column":9}},{"start":{},"end":{}}],"line":351},"44":{"loc":{"start":{"line":356,"column":25},"end":{"line":356,"column":108}},"type":"binary-expr","locations":[{"start":{"line":356,"column":25},"end":{"line":356,"column":53}},{"start":{"line":356,"column":57},"end":{"line":356,"column":83}},{"start":{"line":356,"column":87},"end":{"line":356,"column":108}}],"line":356},"45":{"loc":{"start":{"line":357,"column":8},"end":{"line":364,"column":9}},"type":"if","locations":[{"start":{"line":357,"column":8},"end":{"line":364,"column":9}},{"start":{"line":359,"column":15},"end":{"line":364,"column":9}}],"line":357},"46":{"loc":{"start":{"line":359,"column":15},"end":{"line":364,"column":9}},"type":"if","locations":[{"start":{"line":359,"column":15},"end":{"line":364,"column":9}},{"start":{"line":362,"column":15},"end":{"line":364,"column":9}}],"line":359},"47":{"loc":{"start":{"line":373,"column":12},"end":{"line":373,"column":41}},"type":"if","locations":[{"start":{"line":373,"column":12},"end":{"line":373,"column":41}},{"start":{},"end":{}}],"line":373},"48":{"loc":{"start":{"line":376,"column":12},"end":{"line":382,"column":13}},"type":"if","locations":[{"start":{"line":376,"column":12},"end":{"line":382,"column":13}},{"start":{"line":379,"column":19},"end":{"line":382,"column":13}}],"line":376},"49":{"loc":{"start":{"line":376,"column":16},"end":{"line":376,"column":49}},"type":"binary-expr","locations":[{"start":{"line":376,"column":16},"end":{"line":376,"column":26}},{"start":{"line":376,"column":30},"end":{"line":376,"column":49}}],"line":376},"50":{"loc":{"start":{"line":379,"column":19},"end":{"line":382,"column":13}},"type":"if","locations":[{"start":{"line":379,"column":19},"end":{"line":382,"column":13}},{"start":{},"end":{}}],"line":379},"51":{"loc":{"start":{"line":429,"column":4},"end":{"line":431,"column":5}},"type":"if","locations":[{"start":{"line":429,"column":4},"end":{"line":431,"column":5}},{"start":{},"end":{}}],"line":429},"52":{"loc":{"start":{"line":440,"column":8},"end":{"line":443,"column":9}},"type":"if","locations":[{"start":{"line":440,"column":8},"end":{"line":443,"column":9}},{"start":{},"end":{}}],"line":440},"53":{"loc":{"start":{"line":441,"column":12},"end":{"line":441,"column":80}},"type":"if","locations":[{"start":{"line":441,"column":12},"end":{"line":441,"column":80}},{"start":{},"end":{}}],"line":441},"54":{"loc":{"start":{"line":446,"column":8},"end":{"line":446,"column":76}},"type":"if","locations":[{"start":{"line":446,"column":8},"end":{"line":446,"column":76}},{"start":{},"end":{}}],"line":446},"55":{"loc":{"start":{"line":449,"column":8},"end":{"line":449,"column":76}},"type":"if","locations":[{"start":{"line":449,"column":8},"end":{"line":449,"column":76}},{"start":{},"end":{}}],"line":449},"56":{"loc":{"start":{"line":475,"column":8},"end":{"line":564,"column":9}},"type":"if","locations":[{"start":{"line":475,"column":8},"end":{"line":564,"column":9}},{"start":{"line":562,"column":15},"end":{"line":564,"column":9}}],"line":475},"57":{"loc":{"start":{"line":482,"column":16},"end":{"line":485,"column":17}},"type":"if","locations":[{"start":{"line":482,"column":16},"end":{"line":485,"column":17}},{"start":{},"end":{}}],"line":482},"58":{"loc":{"start":{"line":482,"column":20},"end":{"line":482,"column":77}},"type":"binary-expr","locations":[{"start":{"line":482,"column":20},"end":{"line":482,"column":39}},{"start":{"line":482,"column":43},"end":{"line":482,"column":77}}],"line":482},"59":{"loc":{"start":{"line":493,"column":20},"end":{"line":528,"column":21}},"type":"if","locations":[{"start":{"line":493,"column":20},"end":{"line":528,"column":21}},{"start":{"line":506,"column":27},"end":{"line":528,"column":21}}],"line":493},"60":{"loc":{"start":{"line":496,"column":42},"end":{"line":496,"column":56}},"type":"binary-expr","locations":[{"start":{"line":496,"column":42},"end":{"line":496,"column":48}},{"start":{"line":496,"column":52},"end":{"line":496,"column":56}}],"line":496},"61":{"loc":{"start":{"line":497,"column":43},"end":{"line":497,"column":69}},"type":"cond-expr","locations":[{"start":{"line":497,"column":56},"end":{"line":497,"column":61}},{"start":{"line":497,"column":64},"end":{"line":497,"column":69}}],"line":497},"62":{"loc":{"start":{"line":502,"column":114},"end":{"line":502,"column":145}},"type":"cond-expr","locations":[{"start":{"line":502,"column":127},"end":{"line":502,"column":134}},{"start":{"line":502,"column":137},"end":{"line":502,"column":145}}],"line":502},"63":{"loc":{"start":{"line":509,"column":24},"end":{"line":515,"column":25}},"type":"if","locations":[{"start":{"line":509,"column":24},"end":{"line":515,"column":25}},{"start":{"line":511,"column":31},"end":{"line":515,"column":25}}],"line":509},"64":{"loc":{"start":{"line":511,"column":31},"end":{"line":515,"column":25}},"type":"if","locations":[{"start":{"line":511,"column":31},"end":{"line":515,"column":25}},{"start":{"line":513,"column":31},"end":{"line":515,"column":25}}],"line":511},"65":{"loc":{"start":{"line":518,"column":40},"end":{"line":518,"column":82}},"type":"cond-expr","locations":[{"start":{"line":518,"column":58},"end":{"line":518,"column":68}},{"start":{"line":518,"column":71},"end":{"line":518,"column":82}}],"line":518},"66":{"loc":{"start":{"line":539,"column":16},"end":{"line":546,"column":17}},"type":"if","locations":[{"start":{"line":539,"column":16},"end":{"line":546,"column":17}},{"start":{},"end":{}}],"line":539},"67":{"loc":{"start":{"line":602,"column":4},"end":{"line":608,"column":5}},"type":"if","locations":[{"start":{"line":602,"column":4},"end":{"line":608,"column":5}},{"start":{"line":604,"column":11},"end":{"line":608,"column":5}}],"line":602},"68":{"loc":{"start":{"line":604,"column":11},"end":{"line":608,"column":5}},"type":"if","locations":[{"start":{"line":604,"column":11},"end":{"line":608,"column":5}},{"start":{"line":606,"column":11},"end":{"line":608,"column":5}}],"line":604},"69":{"loc":{"start":{"line":604,"column":15},"end":{"line":604,"column":70}},"type":"binary-expr","locations":[{"start":{"line":604,"column":15},"end":{"line":604,"column":40}},{"start":{"line":604,"column":44},"end":{"line":604,"column":70}}],"line":604},"70":{"loc":{"start":{"line":606,"column":11},"end":{"line":608,"column":5}},"type":"if","locations":[{"start":{"line":606,"column":11},"end":{"line":608,"column":5}},{"start":{},"end":{}}],"line":606},"71":{"loc":{"start":{"line":611,"column":43},"end":{"line":611,"column":65}},"type":"default-arg","locations":[{"start":{"line":611,"column":57},"end":{"line":611,"column":65}}],"line":611},"72":{"loc":{"start":{"line":612,"column":4},"end":{"line":612,"column":24}},"type":"if","locations":[{"start":{"line":612,"column":4},"end":{"line":612,"column":24}},{"start":{},"end":{}}],"line":612},"73":{"loc":{"start":{"line":615,"column":4},"end":{"line":651,"column":5}},"type":"if","locations":[{"start":{"line":615,"column":4},"end":{"line":651,"column":5}},{"start":{"line":635,"column":11},"end":{"line":651,"column":5}}],"line":615},"74":{"loc":{"start":{"line":639,"column":8},"end":{"line":641,"column":9}},"type":"if","locations":[{"start":{"line":639,"column":8},"end":{"line":641,"column":9}},{"start":{},"end":{}}],"line":639},"75":{"loc":{"start":{"line":647,"column":8},"end":{"line":650,"column":9}},"type":"if","locations":[{"start":{"line":647,"column":8},"end":{"line":650,"column":9}},{"start":{},"end":{}}],"line":647}},"s":{"0":0,"1":0,"2":0,"3":0,"4":0,"5":0,"6":0,"7":0,"8":0,"9":0,"10":0,"11":0,"12":0,"13":0,"14":0,"15":0,"16":0,"17":0,"18":0,"19":0,"20":0,"21":0,"22":0,"23":0,"24":0,"25":0,"26":0,"27":0,"28":0,"29":0,"30":0,"31":0,"32":0,"33":0,"34":0,"35":0,"36":0,"37":0,"38":0,"39":0,"40":0,"41":0,"42":0,"43":0,"44":0,"45":0,"46":0,"47":0,"48":0,"49":0,"50":0,"51":0,"52":0,"53":0,"54":0,"55":0,"56":0,"57":0,"58":0,"59":0,"60":0,"61":0,"62":0,"63":0,"64":0,"65":0,"66":0,"67":0,"68":0,"69":0,"70":0,"71":0,"72":0,"73":0,"74":0,"75":0,"76":0,"77":0,"78":0,"79":0,"80":0,"81":0,"82":0,"83":0,"84":0,"85":0,"86":0,"87":0,"88":0,"89":0,"90":0,"91":0,"92":0,"93":0,"94":0,"95":0,"96":0,"97":0,"98":0,"99":0,"100":0,"101":0,"102":0,"103":0,"104":0,"105":0,"106":0,"107":0,"108":0,"109":0,"110":0,"111":0,"112":0,"113":0,"114":0,"115":0,"116":0,"117":0,"118":0,"119":0,"120":0,"121":0,"122":0,"123":0,"124":0,"125":0,"126":0,"127":0,"128":0,"129":0,"130":0,"131":0,"132":0,"133":0,"134":0,"135":0,"136":0,"137":0,"138":0,"139":0,"140":0,"141":0,"142":0,"143":0,"144":0,"145":0,"146":0,"147":0,"148":0,"149":0,"150":0,"151":0,"152":0,"153":0,"154":0,"155":0,"156":0,"157":0,"158":0,"159":0,"160":0,"161":0,"162":0,"163":0,"164":0,"165":0,"166":0,"167":0,"168":0,"169":0,"170":0,"171":0,"172":0,"173":0,"174":0,"175":0,"176":0,"177":0,"178":0,"179":0,"180":0,"181":0,"182":0,"183":0,"184":0,"185":0,"186":0,"187":0,"188":0,"189":0,"190":0,"191":0,"192":0,"193":0,"194":0,"195":0,"196":0,"197":0,"198":0,"199":0,"200":0,"201":0,"202":0,"203":0,"204":0,"205":0,"206":0,"207":0,"208":0,"209":0,"210":0,"211":0,"212":0,"213":0,"214":0,"215":0,"216":0,"217":0,"218":0,"219":0,"220":0,"221":0,"222":0,"223":0,"224":0,"225":0,"226":0,"227":0,"228":0,"229":0,"230":0,"231":0,"232":0,"233":0,"234":0,"235":0,"236":0,"237":0,"238":0,"239":0,"240":0,"241":0,"242":0,"243":0,"244":0,"245":0,"246":0,"247":0,"248":0,"249":0,"250":0,"251":0,"252":0,"253":0,"254":0,"255":0,"256":0,"257":0,"258":0,"259":0,"260":0,"261":0,"262":0,"263":0,"264":0,"265":0,"266":0,"267":0,"268":0,"269":0,"270":0,"271":0,"272":0,"273":0,"274":0,"275":0,"276":0,"277":0,"278":0,"279":0,"280":0,"281":0,"282":0,"283":0,"284":0,"285":0,"286":0,"287":0,"288":0,"289":0,"290":0,"291":0,"292":0,"293":0,"294":0,"295":0,"296":0,"297":0,"298":0,"299":0,"300":0,"301":0,"302":0,"303":0,"304":0,"305":0,"306":0,"307":0,"308":0,"309":0,"310":0,"311":0,"312":0,"313":0,"314":0,"315":0,"316":0,"317":0,"318":0,"319":0,"320":0,"321":0,"322":0,"323":0,"324":0,"325":0},"f":{"0":0,"1":0,"2":0,"3":0,"4":0,"5":0,"6":0,"7":0,"8":0,"9":0,"10":0,"11":0,"12":0,"13":0,"14":0,"15":0,"16":0,"17":0,"18":0,"19":0,"20":0,"21":0,"22":0,"23":0,"24":0,"25":0,"26":0,"27":0,"28":0,"29":0},"b":{"0":[0],"1":[0,0],"2":[0,0],"3":[0,0],"4":[0,0],"5":[0,0],"6":[0,0],"7":[0,0],"8":[0,0],"9":[0,0],"10":[0,0],"11":[0],"12":[0,0,0],"13":[0,0],"14":[0,0],"15":[0,0],"16":[0,0],"17":[0,0],"18":[0],"19":[0,0,0],"20":[0,0],"21":[0,0],"22":[0,0],"23":[0,0],"24":[0,0],"25":[0,0],"26":[0,0],"27":[0,0],"28":[0,0],"29":[0,0],"30":[0,0],"31":[0,0],"32":[0,0],"33":[0],"34":[0,0],"35":[0,0],"36":[0,0],"37":[0,0],"38":[0,0],"39":[0,0],"40":[0,0,0,0,0,0,0,0,0,0],"41":[0,0],"42":[0,0],"43":[0,0],"44":[0,0,0],"45":[0,0],"46":[0,0],"47":[0,0],"48":[0,0],"49":[0,0],"50":[0,0],"51":[0,0],"52":[0,0],"53":[0,0],"54":[0,0],"55":[0,0],"56":[0,0],"57":[0,0],"58":[0,0],"59":[0,0],"60":[0,0],"61":[0,0],"62":[0,0],"63":[0,0],"64":[0,0],"65":[0,0],"66":[0,0],"67":[0,0],"68":[0,0],"69":[0,0],"70":[0,0],"71":[0],"72":[0,0],"73":[0,0],"74":[0,0],"75":[0,0]}}
}
