TN:
SF:js/admin.js
FN:69,renderAdminCalendar
FN:90,(anonymous_1)
FN:155,formatAdminMonthKey
FN:159,cacheAdminMonthData
FN:172,recordAdminMonthNavigation
FN:182,parseAdminMonthKey
FN:187,getPredictedAdminMonthKeys
FN:210,preloadAdjacentAdminMonths
FN:217,(anonymous_8)
FN:219,(anonymous_9)
FN:222,(anonymous_10)
FN:247,calculateAndDisplayMonthlySalary
FN:263,(anonymous_12)
FN:377,(anonymous_13)
FN:395,calculateEffectiveHours
FN:404,(anonymous_15)
FN:410,(anonymous_16)
FN:428,(anonymous_17)
FN:459,calculateDailySalary
FN:612,calculateDailySalaryFromPunches
FN:668,classifyOvertimeHours
FN:682,(anonymous_21)
FN:735,calculateOvertimeFees
FN:767,calculatePayrollIncome
FN:776,(anonymous_24)
FN:816,calculatePayrollDeductions
FN:847,generatePayrollSummary
FN:870,renderAdminDailyRecords
FN:909,renderRecords
FN:910,(anonymous_29)
FN:917,(anonymous_30)
FN:923,(anonymous_31)
FN:931,(anonymous_32)
FN:1073,_addWeekdayLabelsToAdminCalendar
FN:1122,isExplicitNonHolidayValue
FN:1128,determineDayType
FN:1153,fetchAndRenderReviewRequests
FN:1199,renderReviewRequests
FN:1203,(anonymous_38)
FN:1248,(anonymous_39)
FN:1249,(anonymous_40)
FN:1252,(anonymous_41)
FN:1253,(anonymous_42)
FN:1262,handleReviewAction
FN:1297,(anonymous_44)
FN:1320,loadEmployeeList
FN:1337,(anonymous_46)
FN:1352,(anonymous_47)
FN:1372,setupRequestToggle
FN:1382,toggleCollapse
FN:1400,initAdminEvents
FN:1402,(anonymous_51)
FN:1405,(anonymous_52)
FN:1416,(anonymous_53)
FN:1418,(anonymous_54)
FN:1490,(anonymous_55)
FN:1497,(anonymous_56)
FN:1512,(anonymous_57)
FN:1539,(anonymous_58)
FN:1598,loadAdminDashboard
FN:1629,(anonymous_60)
FN:1654,(anonymous_61)
FN:1659,(anonymous_62)
FN:1666,(anonymous_63)
FN:1702,setupAdminSalaryToggle
FN:1712,(anonymous_65)
FN:1732,generatePayrollSheet
FN:1767,(anonymous_67)
FN:1874,generateSamplePayrollFormatSheet
FN:1878,(anonymous_69)
FN:1914,(anonymous_70)
FN:1942,(anonymous_71)
FN:1956,(anonymous_72)
FN:1979,(anonymous_73)
FN:1980,(anonymous_74)
FN:1981,(anonymous_75)
FN:1982,(anonymous_76)
FN:1983,(anonymous_77)
FN:2036,setupAdminExport
FN:2040,(anonymous_79)
FN:2042,tryParseHoursFromTimes
FN:2048,(anonymous_81)
FN:2069,(anonymous_82)
FN:2131,(anonymous_83)
FN:2177,(anonymous_84)
FN:2214,(anonymous_85)
FN:2225,(anonymous_86)
FN:2242,(anonymous_87)
FN:2249,(anonymous_88)
FN:2262,(anonymous_89)
FN:2263,(anonymous_90)
FN:2266,(anonymous_91)
FN:2269,(anonymous_92)
FN:2272,(anonymous_93)
FN:2405,(anonymous_94)
FN:2440,normalizeDateKey
FN:2464,getPunchesFromRecord
FN:2478,pickInOutPunches
FN:2482,(anonymous_98)
FN:2483,(anonymous_99)
FN:2501,parseTimeToDate
FN:2518,computeRawHoursFromPunches
FN:2531,resolveHourlyRateForExport
FNF:103
FNH:0
FNDA:0,renderAdminCalendar
FNDA:0,(anonymous_1)
FNDA:0,formatAdminMonthKey
FNDA:0,cacheAdminMonthData
FNDA:0,recordAdminMonthNavigation
FNDA:0,parseAdminMonthKey
FNDA:0,getPredictedAdminMonthKeys
FNDA:0,preloadAdjacentAdminMonths
FNDA:0,(anonymous_8)
FNDA:0,(anonymous_9)
FNDA:0,(anonymous_10)
FNDA:0,calculateAndDisplayMonthlySalary
FNDA:0,(anonymous_12)
FNDA:0,(anonymous_13)
FNDA:0,calculateEffectiveHours
FNDA:0,(anonymous_15)
FNDA:0,(anonymous_16)
FNDA:0,(anonymous_17)
FNDA:0,calculateDailySalary
FNDA:0,calculateDailySalaryFromPunches
FNDA:0,classifyOvertimeHours
FNDA:0,(anonymous_21)
FNDA:0,calculateOvertimeFees
FNDA:0,calculatePayrollIncome
FNDA:0,(anonymous_24)
FNDA:0,calculatePayrollDeductions
FNDA:0,generatePayrollSummary
FNDA:0,renderAdminDailyRecords
FNDA:0,renderRecords
FNDA:0,(anonymous_29)
FNDA:0,(anonymous_30)
FNDA:0,(anonymous_31)
FNDA:0,(anonymous_32)
FNDA:0,_addWeekdayLabelsToAdminCalendar
FNDA:0,isExplicitNonHolidayValue
FNDA:0,determineDayType
FNDA:0,fetchAndRenderReviewRequests
FNDA:0,renderReviewRequests
FNDA:0,(anonymous_38)
FNDA:0,(anonymous_39)
FNDA:0,(anonymous_40)
FNDA:0,(anonymous_41)
FNDA:0,(anonymous_42)
FNDA:0,handleReviewAction
FNDA:0,(anonymous_44)
FNDA:0,loadEmployeeList
FNDA:0,(anonymous_46)
FNDA:0,(anonymous_47)
FNDA:0,setupRequestToggle
FNDA:0,toggleCollapse
FNDA:0,initAdminEvents
FNDA:0,(anonymous_51)
FNDA:0,(anonymous_52)
FNDA:0,(anonymous_53)
FNDA:0,(anonymous_54)
FNDA:0,(anonymous_55)
FNDA:0,(anonymous_56)
FNDA:0,(anonymous_57)
FNDA:0,(anonymous_58)
FNDA:0,loadAdminDashboard
FNDA:0,(anonymous_60)
FNDA:0,(anonymous_61)
FNDA:0,(anonymous_62)
FNDA:0,(anonymous_63)
FNDA:0,setupAdminSalaryToggle
FNDA:0,(anonymous_65)
FNDA:0,generatePayrollSheet
FNDA:0,(anonymous_67)
FNDA:0,generateSamplePayrollFormatSheet
FNDA:0,(anonymous_69)
FNDA:0,(anonymous_70)
FNDA:0,(anonymous_71)
FNDA:0,(anonymous_72)
FNDA:0,(anonymous_73)
FNDA:0,(anonymous_74)
FNDA:0,(anonymous_75)
FNDA:0,(anonymous_76)
FNDA:0,(anonymous_77)
FNDA:0,setupAdminExport
FNDA:0,(anonymous_79)
FNDA:0,tryParseHoursFromTimes
FNDA:0,(anonymous_81)
FNDA:0,(anonymous_82)
FNDA:0,(anonymous_83)
FNDA:0,(anonymous_84)
FNDA:0,(anonymous_85)
FNDA:0,(anonymous_86)
FNDA:0,(anonymous_87)
FNDA:0,(anonymous_88)
FNDA:0,(anonymous_89)
FNDA:0,(anonymous_90)
FNDA:0,(anonymous_91)
FNDA:0,(anonymous_92)
FNDA:0,(anonymous_93)
FNDA:0,(anonymous_94)
FNDA:0,normalizeDateKey
FNDA:0,getPunchesFromRecord
FNDA:0,pickInOutPunches
FNDA:0,(anonymous_98)
FNDA:0,(anonymous_99)
FNDA:0,parseTimeToDate
FNDA:0,computeRawHoursFromPunches
FNDA:0,resolveHourlyRateForExport
DA:32,0
DA:48,0
DA:71,0
DA:72,0
DA:74,0
DA:75,0
DA:76,0
DA:80,0
DA:81,0
DA:82,0
DA:85,0
DA:86,0
DA:87,0
DA:90,0
DA:93,0
DA:95,0
DA:98,0
DA:102,0
DA:106,0
DA:108,0
DA:109,0
DA:110,0
DA:111,0
DA:112,0
DA:119,0
DA:120,0
DA:122,0
DA:123,0
DA:129,0
DA:131,0
DA:132,0
DA:135,0
DA:136,0
DA:137,0
DA:138,0
DA:141,0
DA:143,0
DA:144,0
DA:148,0
DA:150,0
DA:156,0
DA:160,0
DA:161,0
DA:162,0
DA:164,0
DA:165,0
DA:166,0
DA:167,0
DA:168,0
DA:173,0
DA:174,0
DA:175,0
DA:177,0
DA:178,0
DA:183,0
DA:184,0
DA:188,0
DA:190,0
DA:191,0
DA:192,0
DA:194,0
DA:196,0
DA:197,0
DA:198,0
DA:200,0
DA:201,0
DA:202,0
DA:203,0
DA:204,0
DA:207,0
DA:211,0
DA:212,0
DA:213,0
DA:214,0
DA:215,0
DA:216,0
DA:217,0
DA:219,0
DA:220,0
DA:221,0
DA:222,0
DA:223,0
DA:224,0
DA:229,0
DA:230,0
DA:231,0
DA:234,0
DA:239,0
DA:249,0
DA:253,0
DA:254,0
DA:256,0
DA:257,0
DA:258,0
DA:259,0
DA:260,0
DA:261,0
DA:262,0
DA:263,0
DA:265,0
DA:267,0
DA:270,0
DA:271,0
DA:272,0
DA:275,0
DA:277,0
DA:278,0
DA:280,0
DA:283,0
DA:287,0
DA:296,0
DA:302,0
DA:303,0
DA:304,0
DA:305,0
DA:306,0
DA:307,0
DA:309,0
DA:311,0
DA:312,0
DA:313,0
DA:314,0
DA:319,0
DA:321,0
DA:329,0
DA:332,0
DA:333,0
DA:334,0
DA:338,0
DA:340,0
DA:377,0
DA:381,0
DA:383,0
DA:384,0
DA:397,0
DA:404,0
DA:405,0
DA:406,0
DA:410,0
DA:411,0
DA:412,0
DA:413,0
DA:416,0
DA:417,0
DA:420,0
DA:421,0
DA:424,0
DA:425,0
DA:428,0
DA:429,0
DA:430,0
DA:431,0
DA:433,0
DA:440,0
DA:444,0
DA:447,0
DA:449,0
DA:460,0
DA:461,0
DA:462,0
DA:464,0
DA:473,0
DA:474,0
DA:477,0
DA:483,0
DA:484,0
DA:485,0
DA:486,0
DA:488,0
DA:489,0
DA:492,0
DA:493,0
DA:494,0
DA:495,0
DA:499,0
DA:500,0
DA:501,0
DA:505,0
DA:506,0
DA:507,0
DA:508,0
DA:510,0
DA:511,0
DA:512,0
DA:514,0
DA:517,0
DA:518,0
DA:519,0
DA:520,0
DA:521,0
DA:522,0
DA:525,0
DA:526,0
DA:527,0
DA:528,0
DA:531,0
DA:536,0
DA:537,0
DA:540,0
DA:541,0
DA:542,0
DA:543,0
DA:544,0
DA:545,0
DA:549,0
DA:550,0
DA:551,0
DA:552,0
DA:553,0
DA:554,0
DA:558,0
DA:559,0
DA:560,0
DA:561,0
DA:562,0
DA:568,0
DA:569,0
DA:571,0
DA:572,0
DA:574,0
DA:577,0
DA:578,0
DA:579,0
DA:580,0
DA:581,0
DA:582,0
DA:585,0
DA:586,0
DA:587,0
DA:588,0
DA:594,0
DA:595,0
DA:598,0
DA:614,0
DA:617,0
DA:619,0
DA:633,0
DA:635,0
DA:637,0
DA:638,0
DA:642,0
DA:643,0
DA:650,0
DA:653,0
DA:669,0
DA:681,0
DA:682,0
DA:683,0
DA:684,0
DA:685,0
DA:686,0
DA:687,0
DA:690,0
DA:693,0
DA:694,0
DA:695,0
DA:696,0
DA:701,0
DA:702,0
DA:703,0
DA:704,0
DA:709,0
DA:710,0
DA:711,0
DA:716,0
DA:717,0
DA:718,0
DA:719,0
DA:723,0
DA:726,0
DA:736,0
DA:737,0
DA:739,0
DA:740,0
DA:741,0
DA:742,0
DA:743,0
DA:748,0
DA:752,0
DA:753,0
DA:768,0
DA:771,0
DA:772,0
DA:773,0
DA:776,0
DA:777,0
DA:779,0
DA:780,0
DA:783,0
DA:785,0
DA:786,0
DA:788,0
DA:793,0
DA:794,0
DA:797,0
DA:799,0
DA:817,0
DA:818,0
DA:819,0
DA:822,0
DA:823,0
DA:826,0
DA:829,0
DA:831,0
DA:849,0
DA:852,0
DA:855,0
DA:857,0
DA:872,0
DA:874,0
DA:875,0
DA:876,0
DA:877,0
DA:879,0
DA:880,0
DA:882,0
DA:883,0
DA:884,0
DA:886,0
DA:887,0
DA:889,0
DA:895,0
DA:896,0
DA:897,0
DA:899,0
DA:900,0
DA:904,0
DA:905,0
DA:910,0
DA:911,0
DA:913,0
DA:916,0
DA:917,0
DA:919,0
DA:920,0
DA:923,0
DA:925,0
DA:926,0
DA:927,0
DA:931,0
DA:932,0
DA:933,0
DA:936,0
DA:937,0
DA:938,0
DA:939,0
DA:941,0
DA:945,0
DA:949,0
DA:954,0
DA:956,0
DA:957,0
DA:961,0
DA:962,0
DA:964,0
DA:965,0
DA:966,0
DA:967,0
DA:974,0
DA:975,0
DA:977,0
DA:980,0
DA:981,0
DA:982,0
DA:985,0
DA:987,0
DA:988,0
DA:990,0
DA:993,0
DA:997,0
DA:998,0
DA:999,0
DA:1007,0
DA:1014,0
DA:1015,0
DA:1016,0
DA:1018,0
DA:1019,0
DA:1035,0
DA:1048,0
DA:1056,0
DA:1058,0
DA:1059,0
DA:1062,0
DA:1064,0
DA:1074,0
DA:1075,0
DA:1076,0
DA:1077,0
DA:1080,0
DA:1081,0
DA:1082,0
DA:1083,0
DA:1084,0
DA:1086,0
DA:1089,0
DA:1090,0
DA:1093,0
DA:1094,0
DA:1095,0
DA:1096,0
DA:1097,0
DA:1099,0
DA:1101,0
DA:1102,0
DA:1103,0
DA:1104,0
DA:1108,0
DA:1123,0
DA:1124,0
DA:1125,0
DA:1129,0
DA:1130,0
DA:1132,0
DA:1133,0
DA:1135,0
DA:1136,0
DA:1139,0
DA:1140,0
DA:1142,0
DA:1155,0
DA:1156,0
DA:1157,0
DA:1158,0
DA:1159,0
DA:1163,0
DA:1164,0
DA:1165,0
DA:1167,0
DA:1168,0
DA:1169,0
DA:1171,0
DA:1172,0
DA:1173,0
DA:1174,0
DA:1176,0
DA:1177,0
DA:1179,0
DA:1182,0
DA:1183,0
DA:1186,0
DA:1187,0
DA:1188,0
DA:1190,0
DA:1200,0
DA:1201,0
DA:1203,0
DA:1204,0
DA:1205,0
DA:1208,0
DA:1211,0
DA:1212,0
DA:1214,0
DA:1218,0
DA:1242,0
DA:1243,0
DA:1244,0
DA:1248,0
DA:1249,0
DA:1252,0
DA:1253,0
DA:1264,0
DA:1265,0
DA:1266,0
DA:1267,0
DA:1270,0
DA:1273,0
DA:1274,0
DA:1275,0
DA:1278,0
DA:1279,0
DA:1280,0
DA:1282,0
DA:1283,0
DA:1287,0
DA:1289,0
DA:1290,0
DA:1294,0
DA:1295,0
DA:1296,0
DA:1297,0
DA:1299,0
DA:1301,0
DA:1304,0
DA:1305,0
DA:1307,0
DA:1321,0
DA:1323,0
DA:1324,0
DA:1325,0
DA:1326,0
DA:1327,0
DA:1331,0
DA:1332,0
DA:1333,0
DA:1334,0
DA:1335,0
DA:1337,0
DA:1338,0
DA:1339,0
DA:1340,0
DA:1341,0
DA:1346,0
DA:1347,0
DA:1348,0
DA:1349,0
DA:1350,0
DA:1352,0
DA:1353,0
DA:1354,0
DA:1355,0
DA:1356,0
DA:1359,0
DA:1360,0
DA:1361,0
DA:1364,0
DA:1374,0
DA:1375,0
DA:1376,0
DA:1378,0
DA:1379,0
DA:1384,0
DA:1386,0
DA:1387,0
DA:1389,0
DA:1393,0
DA:1402,0
DA:1404,0
DA:1405,0
DA:1407,0
DA:1408,0
DA:1409,0
DA:1411,0
DA:1416,0
DA:1417,0
DA:1418,0
DA:1419,0
DA:1421,0
DA:1423,0
DA:1424,0
DA:1425,0
DA:1427,0
DA:1432,0
DA:1438,0
DA:1439,0
DA:1442,0
DA:1444,0
DA:1445,0
DA:1448,0
DA:1449,0
DA:1450,0
DA:1451,0
DA:1452,0
DA:1456,0
DA:1457,0
DA:1459,0
DA:1461,0
DA:1463,0
DA:1464,0
DA:1467,0
DA:1468,0
DA:1469,0
DA:1470,0
DA:1471,0
DA:1473,0
DA:1475,0
DA:1476,0
DA:1478,0
DA:1480,0
DA:1481,0
DA:1484,0
DA:1485,0
DA:1490,0
DA:1491,0
DA:1492,0
DA:1493,0
DA:1497,0
DA:1498,0
DA:1499,0
DA:1500,0
DA:1505,0
DA:1510,0
DA:1511,0
DA:1512,0
DA:1513,0
DA:1514,0
DA:1515,0
DA:1517,0
DA:1518,0
DA:1519,0
DA:1521,0
DA:1522,0
DA:1523,0
DA:1524,0
DA:1525,0
DA:1527,0
DA:1530,0
DA:1531,0
DA:1532,0
DA:1539,0
DA:1541,0
DA:1542,0
DA:1543,0
DA:1544,0
DA:1547,0
DA:1548,0
DA:1549,0
DA:1551,0
DA:1552,0
DA:1553,0
DA:1557,0
DA:1558,0
DA:1560,0
DA:1561,0
DA:1564,0
DA:1565,0
DA:1571,0
DA:1572,0
DA:1574,0
DA:1575,0
DA:1576,0
DA:1578,0
DA:1579,0
DA:1580,0
DA:1582,0
DA:1585,0
DA:1590,0
DA:1591,0
DA:1600,0
DA:1601,0
DA:1602,0
DA:1603,0
DA:1605,0
DA:1606,0
DA:1607,0
DA:1611,0
DA:1612,0
DA:1613,0
DA:1617,0
DA:1620,0
DA:1629,0
DA:1630,0
DA:1631,0
DA:1632,0
DA:1633,0
DA:1634,0
DA:1636,0
DA:1639,0
DA:1640,0
DA:1654,0
DA:1655,0
DA:1656,0
DA:1659,0
DA:1660,0
DA:1661,0
DA:1662,0
DA:1666,0
DA:1667,0
DA:1668,0
DA:1669,0
DA:1673,0
DA:1674,0
DA:1677,0
DA:1678,0
DA:1679,0
DA:1682,0
DA:1683,0
DA:1684,0
DA:1685,0
DA:1687,0
DA:1688,0
DA:1690,0
DA:1703,0
DA:1704,0
DA:1705,0
DA:1708,0
DA:1709,0
DA:1710,0
DA:1712,0
DA:1713,0
DA:1714,0
DA:1715,0
DA:1716,0
DA:1733,0
DA:1736,0
DA:1737,0
DA:1738,0
DA:1739,0
DA:1742,0
DA:1751,0
DA:1755,0
DA:1767,0
DA:1768,0
DA:1770,0
DA:1771,0
DA:1772,0
DA:1773,0
DA:1774,0
DA:1777,0
DA:1778,0
DA:1781,0
DA:1782,0
DA:1794,0
DA:1795,0
DA:1796,0
DA:1797,0
DA:1798,0
DA:1799,0
DA:1800,0
DA:1801,0
DA:1802,0
DA:1803,0
DA:1808,0
DA:1811,0
DA:1812,0
DA:1813,0
DA:1816,0
DA:1817,0
DA:1818,0
DA:1819,0
DA:1820,0
DA:1826,0
DA:1827,0
DA:1830,0
DA:1831,0
DA:1834,0
DA:1837,0
DA:1838,0
DA:1840,0
DA:1841,0
DA:1842,0
DA:1843,0
DA:1844,0
DA:1845,0
DA:1847,0
DA:1848,0
DA:1849,0
DA:1850,0
DA:1852,0
DA:1853,0
DA:1856,0
DA:1859,0
DA:1860,0
DA:1862,0
DA:1875,0
DA:1876,0
DA:1878,0
DA:1879,0
DA:1880,0
DA:1883,0
DA:1884,0
DA:1888,0
DA:1889,0
DA:1890,0
DA:1891,0
DA:1892,0
DA:1893,0
DA:1896,0
DA:1897,0
DA:1898,0
DA:1901,0
DA:1913,0
DA:1914,0
DA:1915,0
DA:1918,0
DA:1919,0
DA:1920,0
DA:1922,0
DA:1942,0
DA:1943,0
DA:1945,0
DA:1946,0
DA:1947,0
DA:1949,0
DA:1950,0
DA:1951,0
DA:1952,0
DA:1953,0
DA:1954,0
DA:1956,0
DA:1957,0
DA:1958,0
DA:1959,0
DA:1962,0
DA:1963,0
DA:1964,0
DA:1966,0
DA:1979,0
DA:1980,0
DA:1981,0
DA:1982,0
DA:1983,0
DA:1985,0
DA:1986,0
DA:1987,0
DA:1988,0
DA:1989,0
DA:1991,0
DA:1992,0
DA:1993,0
DA:1994,0
DA:1996,0
DA:1997,0
DA:1998,0
DA:1999,0
DA:2000,0
DA:2001,0
DA:2002,0
DA:2003,0
DA:2004,0
DA:2005,0
DA:2006,0
DA:2008,0
DA:2009,0
DA:2010,0
DA:2011,0
DA:2013,0
DA:2014,0
DA:2015,0
DA:2016,0
DA:2017,0
DA:2018,0
DA:2020,0
DA:2021,0
DA:2022,0
DA:2023,0
DA:2024,0
DA:2026,0
DA:2027,0
DA:2028,0
DA:2029,0
DA:2030,0
DA:2031,0
DA:2033,0
DA:2037,0
DA:2038,0
DA:2040,0
DA:2044,0
DA:2045,0
DA:2046,0
DA:2047,0
DA:2048,0
DA:2049,0
DA:2050,0
DA:2051,0
DA:2052,0
DA:2053,0
DA:2054,0
DA:2056,0
DA:2057,0
DA:2059,0
DA:2060,0
DA:2061,0
DA:2062,0
DA:2063,0
DA:2065,0
DA:2069,0
DA:2070,0
DA:2071,0
DA:2072,0
DA:2073,0
DA:2074,0
DA:2078,0
DA:2080,0
DA:2081,0
DA:2082,0
DA:2083,0
DA:2085,0
DA:2086,0
DA:2087,0
DA:2090,0
DA:2091,0
DA:2094,0
DA:2095,0
DA:2097,0
DA:2103,0
DA:2104,0
DA:2105,0
DA:2109,0
DA:2112,0
DA:2117,0
DA:2128,0
DA:2131,0
DA:2132,0
DA:2134,0
DA:2135,0
DA:2138,0
DA:2139,0
DA:2141,0
DA:2143,0
DA:2144,0
DA:2145,0
DA:2146,0
DA:2149,0
DA:2151,0
DA:2152,0
DA:2153,0
DA:2156,0
DA:2157,0
DA:2158,0
DA:2159,0
DA:2161,0
DA:2172,0
DA:2173,0
DA:2176,0
DA:2177,0
DA:2178,0
DA:2179,0
DA:2180,0
DA:2181,0
DA:2182,0
DA:2184,0
DA:2188,0
DA:2189,0
DA:2194,0
DA:2195,0
DA:2196,0
DA:2201,0
DA:2202,0
DA:2203,0
DA:2204,0
DA:2205,0
DA:2206,0
DA:2210,0
DA:2214,0
DA:2215,0
DA:2216,0
DA:2218,0
DA:2219,0
DA:2221,0
DA:2222,0
DA:2225,0
DA:2226,0
DA:2227,0
DA:2230,0
DA:2231,0
DA:2232,0
DA:2235,0
DA:2236,0
DA:2239,0
DA:2242,0
DA:2246,0
DA:2249,0
DA:2254,0
DA:2255,0
DA:2256,0
DA:2257,0
DA:2259,0
DA:2262,0
DA:2263,0
DA:2266,0
DA:2269,0
DA:2270,0
DA:2272,0
DA:2273,0
DA:2274,0
DA:2275,0
DA:2278,0
DA:2279,0
DA:2282,0
DA:2283,0
DA:2284,0
DA:2285,0
DA:2286,0
DA:2290,0
DA:2291,0
DA:2293,0
DA:2294,0
DA:2296,0
DA:2297,0
DA:2301,0
DA:2304,0
DA:2305,0
DA:2307,0
DA:2308,0
DA:2311,0
DA:2312,0
DA:2313,0
DA:2314,0
DA:2316,0
DA:2317,0
DA:2319,0
DA:2320,0
DA:2321,0
DA:2322,0
DA:2323,0
DA:2324,0
DA:2325,0
DA:2326,0
DA:2327,0
DA:2328,0
DA:2330,0
DA:2331,0
DA:2332,0
DA:2333,0
DA:2334,0
DA:2335,0
DA:2337,0
DA:2341,0
DA:2344,0
DA:2345,0
DA:2347,0
DA:2348,0
DA:2350,0
DA:2351,0
DA:2353,0
DA:2354,0
DA:2356,0
DA:2360,0
DA:2362,0
DA:2382,0
DA:2383,0
DA:2384,0
DA:2385,0
DA:2386,0
DA:2387,0
DA:2391,0
DA:2393,0
DA:2394,0
DA:2395,0
DA:2396,0
DA:2397,0
DA:2398,0
DA:2399,0
DA:2400,0
DA:2403,0
DA:2404,0
DA:2405,0
DA:2406,0
DA:2408,0
DA:2409,0
DA:2411,0
DA:2412,0
DA:2413,0
DA:2414,0
DA:2415,0
DA:2416,0
DA:2417,0
DA:2418,0
DA:2419,0
DA:2421,0
DA:2422,0
DA:2425,0
DA:2426,0
DA:2441,0
DA:2442,0
DA:2444,0
DA:2445,0
DA:2446,0
DA:2447,0
DA:2450,0
DA:2451,0
DA:2453,0
DA:2454,0
DA:2455,0
DA:2456,0
DA:2458,0
DA:2465,0
DA:2466,0
DA:2467,0
DA:2468,0
DA:2469,0
DA:2470,0
DA:2479,0
DA:2480,0
DA:2482,0
DA:2483,0
DA:2485,0
DA:2486,0
DA:2487,0
DA:2489,0
DA:2490,0
DA:2491,0
DA:2493,0
DA:2494,0
DA:2495,0
DA:2502,0
DA:2504,0
DA:2505,0
DA:2506,0
DA:2507,0
DA:2508,0
DA:2511,0
DA:2512,0
DA:2519,0
DA:2520,0
DA:2521,0
DA:2522,0
DA:2523,0
DA:2524,0
DA:2525,0
DA:2532,0
DA:2533,0
DA:2534,0
DA:2535,0
DA:2536,0
DA:2537,0
LF:1097
LH:0
BRDA:74,0,0,0
BRDA:74,0,1,0
BRDA:74,1,0,0
BRDA:74,1,1,0
BRDA:106,2,0,0
BRDA:106,2,1,0
BRDA:120,3,0,0
BRDA:120,3,1,0
BRDA:129,4,0,0
BRDA:129,4,1,0
BRDA:131,5,0,0
BRDA:131,5,1,0
BRDA:143,6,0,0
BRDA:143,6,1,0
BRDA:144,7,0,0
BRDA:144,7,1,0
BRDA:161,8,0,0
BRDA:161,8,1,0
BRDA:174,9,0,0
BRDA:174,9,1,0
BRDA:177,10,0,0
BRDA:177,10,1,0
BRDA:188,11,0,0
BRDA:188,11,1,0
BRDA:194,12,0,0
BRDA:194,12,1,0
BRDA:200,13,0,0
BRDA:200,13,1,0
BRDA:203,14,0,0
BRDA:203,14,1,0
BRDA:217,15,0,0
BRDA:217,15,1,0
BRDA:220,16,0,0
BRDA:220,16,1,0
BRDA:229,17,0,0
BRDA:229,17,1,0
BRDA:230,18,0,0
BRDA:230,18,1,0
BRDA:249,19,0,0
BRDA:249,19,1,0
BRDA:249,20,0,0
BRDA:249,20,1,0
BRDA:265,21,0,0
BRDA:265,21,1,0
BRDA:265,22,0,0
BRDA:265,22,1,0
BRDA:270,23,0,0
BRDA:270,23,1,0
BRDA:277,24,0,0
BRDA:277,24,1,0
BRDA:278,25,0,0
BRDA:278,25,1,0
BRDA:278,26,0,0
BRDA:278,26,1,0
BRDA:279,27,0,0
BRDA:279,27,1,0
BRDA:280,28,0,0
BRDA:280,28,1,0
BRDA:281,29,0,0
BRDA:281,29,1,0
BRDA:283,30,0,0
BRDA:283,30,1,0
BRDA:283,30,2,0
BRDA:283,30,3,0
BRDA:311,31,0,0
BRDA:311,31,1,0
BRDA:319,32,0,0
BRDA:319,32,1,0
BRDA:333,33,0,0
BRDA:333,33,1,0
BRDA:338,34,0,0
BRDA:338,34,1,0
BRDA:383,35,0,0
BRDA:383,35,1,0
BRDA:420,36,0,0
BRDA:420,36,1,0
BRDA:473,37,0,0
BRDA:473,37,1,0
BRDA:477,38,0,0
BRDA:477,38,1,0
BRDA:492,39,0,0
BRDA:492,39,1,0
BRDA:501,40,0,0
BRDA:501,40,1,0
BRDA:506,41,0,0
BRDA:506,41,1,0
BRDA:517,42,0,0
BRDA:517,42,1,0
BRDA:525,43,0,0
BRDA:525,43,1,0
BRDA:531,44,0,0
BRDA:531,44,1,0
BRDA:540,45,0,0
BRDA:540,45,1,0
BRDA:549,46,0,0
BRDA:549,46,1,0
BRDA:558,47,0,0
BRDA:558,47,1,0
BRDA:577,48,0,0
BRDA:577,48,1,0
BRDA:585,49,0,0
BRDA:585,49,1,0
BRDA:594,50,0,0
BRDA:594,50,1,0
BRDA:594,51,0,0
BRDA:594,51,1,0
BRDA:633,52,0,0
BRDA:633,52,1,0
BRDA:642,53,0,0
BRDA:642,53,1,0
BRDA:668,54,0,0
BRDA:681,55,0,0
BRDA:681,55,1,0
BRDA:683,56,0,0
BRDA:683,56,1,0
BRDA:683,57,0,0
BRDA:683,57,1,0
BRDA:683,57,2,0
BRDA:684,58,0,0
BRDA:684,58,1,0
BRDA:684,59,0,0
BRDA:684,59,1,0
BRDA:684,59,2,0
BRDA:685,60,0,0
BRDA:685,60,1,0
BRDA:685,61,0,0
BRDA:685,61,1,0
BRDA:685,61,2,0
BRDA:686,62,0,0
BRDA:686,62,1,0
BRDA:686,63,0,0
BRDA:686,63,1,0
BRDA:686,63,2,0
BRDA:687,64,0,0
BRDA:687,64,1,0
BRDA:690,65,0,0
BRDA:690,65,1,0
BRDA:690,65,2,0
BRDA:690,65,3,0
BRDA:690,65,4,0
BRDA:709,66,0,0
BRDA:709,66,1,0
BRDA:740,67,0,0
BRDA:740,67,1,0
BRDA:740,68,0,0
BRDA:740,68,1,0
BRDA:768,69,0,0
BRDA:768,69,1,0
BRDA:777,70,0,0
BRDA:777,70,1,0
BRDA:777,71,0,0
BRDA:777,71,1,0
BRDA:783,72,0,0
BRDA:783,72,1,0
BRDA:783,73,0,0
BRDA:783,73,1,0
BRDA:786,74,0,0
BRDA:786,74,1,0
BRDA:786,75,0,0
BRDA:786,75,1,0
BRDA:817,76,0,0
BRDA:817,76,1,0
BRDA:818,77,0,0
BRDA:818,77,1,0
BRDA:819,78,0,0
BRDA:819,78,1,0
BRDA:822,79,0,0
BRDA:822,79,1,0
BRDA:823,80,0,0
BRDA:823,80,1,0
BRDA:886,81,0,0
BRDA:886,81,1,0
BRDA:886,82,0,0
BRDA:886,82,1,0
BRDA:896,83,0,0
BRDA:896,83,1,0
BRDA:919,84,0,0
BRDA:919,84,1,0
BRDA:925,85,0,0
BRDA:925,85,1,0
BRDA:925,86,0,0
BRDA:925,86,1,0
BRDA:936,87,0,0
BRDA:936,87,1,0
BRDA:938,88,0,0
BRDA:938,88,1,0
BRDA:945,89,0,0
BRDA:945,89,1,0
BRDA:966,90,0,0
BRDA:966,90,1,0
BRDA:974,91,0,0
BRDA:974,91,1,0
BRDA:980,92,0,0
BRDA:980,92,1,0
BRDA:987,93,0,0
BRDA:987,93,1,0
BRDA:988,94,0,0
BRDA:988,94,1,0
BRDA:988,95,0,0
BRDA:988,95,1,0
BRDA:989,96,0,0
BRDA:989,96,1,0
BRDA:990,97,0,0
BRDA:990,97,1,0
BRDA:991,98,0,0
BRDA:991,98,1,0
BRDA:993,99,0,0
BRDA:993,99,1,0
BRDA:993,99,2,0
BRDA:993,99,3,0
BRDA:1018,100,0,0
BRDA:1018,100,1,0
BRDA:1075,101,0,0
BRDA:1075,101,1,0
BRDA:1077,102,0,0
BRDA:1077,102,1,0
BRDA:1081,103,0,0
BRDA:1081,103,1,0
BRDA:1089,104,0,0
BRDA:1089,104,1,0
BRDA:1089,105,0,0
BRDA:1089,105,1,0
BRDA:1123,106,0,0
BRDA:1123,106,1,0
BRDA:1123,107,0,0
BRDA:1123,107,1,0
BRDA:1124,108,0,0
BRDA:1124,108,1,0
BRDA:1125,109,0,0
BRDA:1125,109,1,0
BRDA:1125,109,2,0
BRDA:1125,109,3,0
BRDA:1125,109,4,0
BRDA:1128,110,0,0
BRDA:1129,111,0,0
BRDA:1129,111,1,0
BRDA:1129,112,0,0
BRDA:1129,112,1,0
BRDA:1129,112,2,0
BRDA:1132,113,0,0
BRDA:1132,113,1,0
BRDA:1135,114,0,0
BRDA:1135,114,1,0
BRDA:1139,115,0,0
BRDA:1139,115,1,0
BRDA:1156,116,0,0
BRDA:1156,116,1,0
BRDA:1158,117,0,0
BRDA:1158,117,1,0
BRDA:1173,118,0,0
BRDA:1173,118,1,0
BRDA:1173,119,0,0
BRDA:1173,119,1,0
BRDA:1176,120,0,0
BRDA:1176,120,1,0
BRDA:1208,121,0,0
BRDA:1208,121,1,0
BRDA:1211,122,0,0
BRDA:1211,122,1,0
BRDA:1212,123,0,0
BRDA:1212,123,1,0
BRDA:1214,124,0,0
BRDA:1214,124,1,0
BRDA:1214,125,0,0
BRDA:1214,125,1,0
BRDA:1223,126,0,0
BRDA:1223,126,1,0
BRDA:1224,127,0,0
BRDA:1224,127,1,0
BRDA:1224,128,0,0
BRDA:1224,128,1,0
BRDA:1226,129,0,0
BRDA:1226,129,1,0
BRDA:1226,130,0,0
BRDA:1226,130,1,0
BRDA:1265,131,0,0
BRDA:1265,131,1,0
BRDA:1266,132,0,0
BRDA:1266,132,1,0
BRDA:1274,133,0,0
BRDA:1274,133,1,0
BRDA:1275,134,0,0
BRDA:1275,134,1,0
BRDA:1278,135,0,0
BRDA:1278,135,1,0
BRDA:1282,136,0,0
BRDA:1282,136,1,0
BRDA:1294,137,0,0
BRDA:1294,137,1,0
BRDA:1295,138,0,0
BRDA:1295,138,1,0
BRDA:1325,139,0,0
BRDA:1325,139,1,0
BRDA:1325,140,0,0
BRDA:1325,140,1,0
BRDA:1359,141,0,0
BRDA:1359,141,1,0
BRDA:1359,141,2,0
BRDA:1378,142,0,0
BRDA:1378,142,1,0
BRDA:1378,143,0,0
BRDA:1378,143,1,0
BRDA:1378,143,2,0
BRDA:1386,144,0,0
BRDA:1386,144,1,0
BRDA:1407,145,0,0
BRDA:1407,145,1,0
BRDA:1419,146,0,0
BRDA:1419,146,1,0
BRDA:1424,147,0,0
BRDA:1424,147,1,0
BRDA:1448,148,0,0
BRDA:1448,148,1,0
BRDA:1450,149,0,0
BRDA:1450,149,1,0
BRDA:1457,150,0,0
BRDA:1457,150,1,0
BRDA:1457,151,0,0
BRDA:1457,151,1,0
BRDA:1459,152,0,0
BRDA:1459,152,1,0
BRDA:1459,153,0,0
BRDA:1459,153,1,0
BRDA:1459,153,2,0
BRDA:1459,154,0,0
BRDA:1459,154,1,0
BRDA:1461,155,0,0
BRDA:1461,155,1,0
BRDA:1467,156,0,0
BRDA:1467,156,1,0
BRDA:1468,157,0,0
BRDA:1468,157,1,0
BRDA:1469,158,0,0
BRDA:1469,158,1,0
BRDA:1470,159,0,0
BRDA:1470,159,1,0
BRDA:1475,160,0,0
BRDA:1475,160,1,0
BRDA:1492,161,0,0
BRDA:1492,161,1,0
BRDA:1499,162,0,0
BRDA:1499,162,1,0
BRDA:1511,163,0,0
BRDA:1511,163,1,0
BRDA:1514,164,0,0
BRDA:1514,164,1,0
BRDA:1515,165,0,0
BRDA:1515,165,1,0
BRDA:1522,166,0,0
BRDA:1522,166,1,0
BRDA:1522,167,0,0
BRDA:1522,167,1,0
BRDA:1523,168,0,0
BRDA:1523,168,1,0
BRDA:1523,169,0,0
BRDA:1523,169,1,0
BRDA:1524,170,0,0
BRDA:1524,170,1,0
BRDA:1524,171,0,0
BRDA:1524,171,1,0
BRDA:1524,171,2,0
BRDA:1524,171,3,0
BRDA:1525,172,0,0
BRDA:1525,172,1,0
BRDA:1525,173,0,0
BRDA:1525,173,1,0
BRDA:1527,174,0,0
BRDA:1527,174,1,0
BRDA:1527,175,0,0
BRDA:1527,175,1,0
BRDA:1542,176,0,0
BRDA:1542,176,1,0
BRDA:1543,177,0,0
BRDA:1543,177,1,0
BRDA:1551,178,0,0
BRDA:1551,178,1,0
BRDA:1551,179,0,0
BRDA:1551,179,1,0
BRDA:1551,179,2,0
BRDA:1560,180,0,0
BRDA:1560,180,1,0
BRDA:1571,181,0,0
BRDA:1571,181,1,0
BRDA:1590,182,0,0
BRDA:1590,182,1,0
BRDA:1601,183,0,0
BRDA:1601,183,1,0
BRDA:1603,184,0,0
BRDA:1603,184,1,0
BRDA:1606,185,0,0
BRDA:1606,185,1,0
BRDA:1611,186,0,0
BRDA:1611,186,1,0
BRDA:1633,187,0,0
BRDA:1633,187,1,0
BRDA:1633,188,0,0
BRDA:1633,188,1,0
BRDA:1636,189,0,0
BRDA:1636,189,1,0
BRDA:1661,190,0,0
BRDA:1661,190,1,0
BRDA:1683,191,0,0
BRDA:1683,191,1,0
BRDA:1685,192,0,0
BRDA:1685,192,1,0
BRDA:1688,193,0,0
BRDA:1688,193,1,0
BRDA:1705,194,0,0
BRDA:1705,194,1,0
BRDA:1705,195,0,0
BRDA:1705,195,1,0
BRDA:1713,196,0,0
BRDA:1713,196,1,0
BRDA:1714,197,0,0
BRDA:1714,197,1,0
BRDA:1716,198,0,0
BRDA:1716,198,1,0
BRDA:1736,199,0,0
BRDA:1736,199,1,0
BRDA:1768,200,0,0
BRDA:1768,200,1,0
BRDA:1768,201,0,0
BRDA:1768,201,1,0
BRDA:1777,202,0,0
BRDA:1777,202,1,0
BRDA:1777,203,0,0
BRDA:1777,203,1,0
BRDA:1778,204,0,0
BRDA:1778,204,1,0
BRDA:1778,205,0,0
BRDA:1778,205,1,0
BRDA:1781,206,0,0
BRDA:1781,206,1,0
BRDA:1781,207,0,0
BRDA:1781,207,1,0
BRDA:1783,208,0,0
BRDA:1783,208,1,0
BRDA:1794,209,0,0
BRDA:1794,209,1,0
BRDA:1795,210,0,0
BRDA:1795,210,1,0
BRDA:1796,211,0,0
BRDA:1796,211,1,0
BRDA:1797,212,0,0
BRDA:1797,212,1,0
BRDA:1798,213,0,0
BRDA:1798,213,1,0
BRDA:1799,214,0,0
BRDA:1799,214,1,0
BRDA:1800,215,0,0
BRDA:1800,215,1,0
BRDA:1801,216,0,0
BRDA:1801,216,1,0
BRDA:1802,217,0,0
BRDA:1802,217,1,0
BRDA:1803,218,0,0
BRDA:1803,218,1,0
BRDA:1818,219,0,0
BRDA:1818,219,1,0
BRDA:1826,220,0,0
BRDA:1826,220,1,0
BRDA:1840,221,0,0
BRDA:1840,221,1,0
BRDA:1841,222,0,0
BRDA:1841,222,1,0
BRDA:1842,223,0,0
BRDA:1842,223,1,0
BRDA:1843,224,0,0
BRDA:1843,224,1,0
BRDA:1844,225,0,0
BRDA:1844,225,1,0
BRDA:1879,226,0,0
BRDA:1879,226,1,0
BRDA:1880,227,0,0
BRDA:1880,227,1,0
BRDA:1883,228,0,0
BRDA:1883,228,1,0
BRDA:1890,229,0,0
BRDA:1890,229,1,0
BRDA:1896,230,0,0
BRDA:1896,230,1,0
BRDA:1897,231,0,0
BRDA:1897,231,1,0
BRDA:1924,232,0,0
BRDA:1924,232,1,0
BRDA:1943,233,0,0
BRDA:1943,233,1,0
BRDA:1943,234,0,0
BRDA:1943,234,1,0
BRDA:1945,235,0,0
BRDA:1945,235,1,0
BRDA:1947,236,0,0
BRDA:1947,236,1,0
BRDA:1949,237,0,0
BRDA:1949,237,1,0
BRDA:1950,238,0,0
BRDA:1950,238,1,0
BRDA:1951,239,0,0
BRDA:1951,239,1,0
BRDA:1954,240,0,0
BRDA:1954,240,1,0
BRDA:1957,241,0,0
BRDA:1957,241,1,0
BRDA:1963,242,0,0
BRDA:1963,242,1,0
BRDA:1963,243,0,0
BRDA:1963,243,1,0
BRDA:1964,244,0,0
BRDA:1964,244,1,0
BRDA:1964,245,0,0
BRDA:1964,245,1,0
BRDA:1982,246,0,0
BRDA:1982,246,1,0
BRDA:1983,247,0,0
BRDA:1983,247,1,0
BRDA:2013,248,0,0
BRDA:2013,248,1,0
BRDA:2014,249,0,0
BRDA:2014,249,1,0
BRDA:2015,250,0,0
BRDA:2015,250,1,0
BRDA:2016,251,0,0
BRDA:2016,251,1,0
BRDA:2017,252,0,0
BRDA:2017,252,1,0
BRDA:2038,253,0,0
BRDA:2038,253,1,0
BRDA:2044,254,0,0
BRDA:2044,254,1,0
BRDA:2044,255,0,0
BRDA:2044,255,1,0
BRDA:2047,256,0,0
BRDA:2047,256,1,0
BRDA:2049,257,0,0
BRDA:2049,257,1,0
BRDA:2050,258,0,0
BRDA:2050,258,1,0
BRDA:2057,259,0,0
BRDA:2057,259,1,0
BRDA:2061,260,0,0
BRDA:2061,260,1,0
BRDA:2061,261,0,0
BRDA:2061,261,1,0
BRDA:2063,262,0,0
BRDA:2063,262,1,0
BRDA:2070,263,0,0
BRDA:2070,263,1,0
BRDA:2071,264,0,0
BRDA:2071,264,1,0
BRDA:2071,265,0,0
BRDA:2071,265,1,0
BRDA:2071,266,0,0
BRDA:2071,266,1,0
BRDA:2072,267,0,0
BRDA:2072,267,1,0
BRDA:2078,268,0,0
BRDA:2078,268,1,0
BRDA:2078,269,0,0
BRDA:2078,269,1,0
BRDA:2081,270,0,0
BRDA:2081,270,1,0
BRDA:2103,271,0,0
BRDA:2103,271,1,0
BRDA:2109,272,0,0
BRDA:2109,272,1,0
BRDA:2132,273,0,0
BRDA:2132,273,1,0
BRDA:2135,274,0,0
BRDA:2135,274,1,0
BRDA:2141,275,0,0
BRDA:2141,275,1,0
BRDA:2145,276,0,0
BRDA:2145,276,1,0
BRDA:2149,277,0,0
BRDA:2149,277,1,0
BRDA:2149,278,0,0
BRDA:2149,278,1,0
BRDA:2156,279,0,0
BRDA:2156,279,1,0
BRDA:2157,280,0,0
BRDA:2157,280,1,0
BRDA:2158,281,0,0
BRDA:2158,281,1,0
BRDA:2159,282,0,0
BRDA:2159,282,1,0
BRDA:2159,283,0,0
BRDA:2159,283,1,0
BRDA:2159,284,0,0
BRDA:2159,284,1,0
BRDA:2178,285,0,0
BRDA:2178,285,1,0
BRDA:2180,286,0,0
BRDA:2180,286,1,0
BRDA:2181,287,0,0
BRDA:2181,287,1,0
BRDA:2189,288,0,0
BRDA:2189,288,1,0
BRDA:2189,289,0,0
BRDA:2189,289,1,0
BRDA:2194,290,0,0
BRDA:2194,290,1,0
BRDA:2194,291,0,0
BRDA:2194,291,1,0
BRDA:2194,291,2,0
BRDA:2201,292,0,0
BRDA:2201,292,1,0
BRDA:2201,293,0,0
BRDA:2201,293,1,0
BRDA:2202,294,0,0
BRDA:2202,294,1,0
BRDA:2203,295,0,0
BRDA:2203,295,1,0
BRDA:2205,296,0,0
BRDA:2205,296,1,0
BRDA:2210,297,0,0
BRDA:2210,297,1,0
BRDA:2215,298,0,0
BRDA:2215,298,1,0
BRDA:2216,299,0,0
BRDA:2216,299,1,0
BRDA:2216,300,0,0
BRDA:2216,300,1,0
BRDA:2218,301,0,0
BRDA:2218,301,1,0
BRDA:2218,301,2,0
BRDA:2218,301,3,0
BRDA:2218,301,4,0
BRDA:2219,302,0,0
BRDA:2219,302,1,0
BRDA:2219,303,0,0
BRDA:2219,303,1,0
BRDA:2221,304,0,0
BRDA:2221,304,1,0
BRDA:2221,305,0,0
BRDA:2221,305,1,0
BRDA:2221,306,0,0
BRDA:2221,306,1,0
BRDA:2221,307,0,0
BRDA:2221,307,1,0
BRDA:2221,308,0,0
BRDA:2221,308,1,0
BRDA:2221,309,0,0
BRDA:2221,309,1,0
BRDA:2226,310,0,0
BRDA:2226,310,1,0
BRDA:2227,311,0,0
BRDA:2227,311,1,0
BRDA:2227,311,2,0
BRDA:2230,312,0,0
BRDA:2230,312,1,0
BRDA:2230,312,2,0
BRDA:2231,313,0,0
BRDA:2231,313,1,0
BRDA:2231,314,0,0
BRDA:2231,314,1,0
BRDA:2235,315,0,0
BRDA:2235,315,1,0
BRDA:2235,316,0,0
BRDA:2235,316,1,0
BRDA:2235,317,0,0
BRDA:2235,317,1,0
BRDA:2235,318,0,0
BRDA:2235,318,1,0
BRDA:2235,319,0,0
BRDA:2235,319,1,0
BRDA:2235,320,0,0
BRDA:2235,320,1,0
BRDA:2235,321,0,0
BRDA:2235,321,1,0
BRDA:2240,322,0,0
BRDA:2240,322,1,0
BRDA:2242,323,0,0
BRDA:2242,323,1,0
BRDA:2242,323,2,0
BRDA:2242,323,3,0
BRDA:2242,323,4,0
BRDA:2247,324,0,0
BRDA:2247,324,1,0
BRDA:2249,325,0,0
BRDA:2249,325,1,0
BRDA:2249,325,2,0
BRDA:2249,325,3,0
BRDA:2249,325,4,0
BRDA:2257,326,0,0
BRDA:2257,326,1,0
BRDA:2259,327,0,0
BRDA:2259,327,1,0
BRDA:2262,328,0,0
BRDA:2262,328,1,0
BRDA:2263,329,0,0
BRDA:2263,329,1,0
BRDA:2266,330,0,0
BRDA:2266,330,1,0
BRDA:2270,331,0,0
BRDA:2270,331,1,0
BRDA:2278,332,0,0
BRDA:2278,332,1,0
BRDA:2279,333,0,0
BRDA:2279,333,1,0
BRDA:2282,334,0,0
BRDA:2282,334,1,0
BRDA:2283,335,0,0
BRDA:2283,335,1,0
BRDA:2285,336,0,0
BRDA:2285,336,1,0
BRDA:2290,337,0,0
BRDA:2290,337,1,0
BRDA:2293,338,0,0
BRDA:2293,338,1,0
BRDA:2296,339,0,0
BRDA:2296,339,1,0
BRDA:2304,340,0,0
BRDA:2304,340,1,0
BRDA:2305,341,0,0
BRDA:2305,341,1,0
BRDA:2307,342,0,0
BRDA:2307,342,1,0
BRDA:2308,343,0,0
BRDA:2308,343,1,0
BRDA:2312,344,0,0
BRDA:2312,344,1,0
BRDA:2313,345,0,0
BRDA:2313,345,1,0
BRDA:2319,346,0,0
BRDA:2319,346,1,0
BRDA:2319,347,0,0
BRDA:2319,347,1,0
BRDA:2319,347,2,0
BRDA:2321,348,0,0
BRDA:2321,348,1,0
BRDA:2322,349,0,0
BRDA:2322,349,1,0
BRDA:2323,350,0,0
BRDA:2323,350,1,0
BRDA:2324,351,0,0
BRDA:2324,351,1,0
BRDA:2325,352,0,0
BRDA:2325,352,1,0
BRDA:2326,353,0,0
BRDA:2326,353,1,0
BRDA:2327,354,0,0
BRDA:2327,354,1,0
BRDA:2328,355,0,0
BRDA:2328,355,1,0
BRDA:2330,356,0,0
BRDA:2330,356,1,0
BRDA:2330,357,0,0
BRDA:2330,357,1,0
BRDA:2331,358,0,0
BRDA:2331,358,1,0
BRDA:2333,359,0,0
BRDA:2333,359,1,0
BRDA:2335,360,0,0
BRDA:2335,360,1,0
BRDA:2341,361,0,0
BRDA:2341,361,1,0
BRDA:2341,362,0,0
BRDA:2341,362,1,0
BRDA:2345,363,0,0
BRDA:2345,363,1,0
BRDA:2345,363,2,0
BRDA:2345,363,3,0
BRDA:2369,364,0,0
BRDA:2369,364,1,0
BRDA:2370,365,0,0
BRDA:2370,365,1,0
BRDA:2371,366,0,0
BRDA:2371,366,1,0
BRDA:2372,367,0,0
BRDA:2372,367,1,0
BRDA:2373,368,0,0
BRDA:2373,368,1,0
BRDA:2374,369,0,0
BRDA:2374,369,1,0
BRDA:2375,370,0,0
BRDA:2375,370,1,0
BRDA:2376,371,0,0
BRDA:2376,371,1,0
BRDA:2377,372,0,0
BRDA:2377,372,1,0
BRDA:2382,373,0,0
BRDA:2382,373,1,0
BRDA:2383,374,0,0
BRDA:2383,374,1,0
BRDA:2384,375,0,0
BRDA:2384,375,1,0
BRDA:2385,376,0,0
BRDA:2385,376,1,0
BRDA:2403,377,0,0
BRDA:2403,377,1,0
BRDA:2403,377,2,0
BRDA:2404,378,0,0
BRDA:2404,378,1,0
BRDA:2404,379,0,0
BRDA:2404,379,1,0
BRDA:2406,380,0,0
BRDA:2406,380,1,0
BRDA:2406,381,0,0
BRDA:2406,381,1,0
BRDA:2408,382,0,0
BRDA:2408,382,1,0
BRDA:2408,383,0,0
BRDA:2408,383,1,0
BRDA:2441,384,0,0
BRDA:2441,384,1,0
BRDA:2441,385,0,0
BRDA:2441,385,1,0
BRDA:2445,386,0,0
BRDA:2445,386,1,0
BRDA:2451,387,0,0
BRDA:2451,387,1,0
BRDA:2454,388,0,0
BRDA:2454,388,1,0
BRDA:2465,389,0,0
BRDA:2465,389,1,0
BRDA:2466,390,0,0
BRDA:2466,390,1,0
BRDA:2467,391,0,0
BRDA:2467,391,1,0
BRDA:2468,392,0,0
BRDA:2468,392,1,0
BRDA:2469,393,0,0
BRDA:2469,393,1,0
BRDA:2480,394,0,0
BRDA:2480,394,1,0
BRDA:2480,395,0,0
BRDA:2480,395,1,0
BRDA:2482,396,0,0
BRDA:2482,396,1,0
BRDA:2483,397,0,0
BRDA:2483,397,1,0
BRDA:2487,398,0,0
BRDA:2487,398,1,0
BRDA:2487,399,0,0
BRDA:2487,399,1,0
BRDA:2487,399,2,0
BRDA:2487,400,0,0
BRDA:2487,400,1,0
BRDA:2487,400,2,0
BRDA:2487,401,0,0
BRDA:2487,401,1,0
BRDA:2491,402,0,0
BRDA:2491,402,1,0
BRDA:2491,403,0,0
BRDA:2491,403,1,0
BRDA:2491,403,2,0
BRDA:2491,404,0,0
BRDA:2491,404,1,0
BRDA:2491,404,2,0
BRDA:2491,405,0,0
BRDA:2491,405,1,0
BRDA:2493,406,0,0
BRDA:2493,406,1,0
BRDA:2494,407,0,0
BRDA:2494,407,1,0
BRDA:2502,408,0,0
BRDA:2502,408,1,0
BRDA:2505,409,0,0
BRDA:2505,409,1,0
BRDA:2505,410,0,0
BRDA:2505,410,1,0
BRDA:2512,411,0,0
BRDA:2512,411,1,0
BRDA:2519,412,0,0
BRDA:2519,412,1,0
BRDA:2519,412,2,0
BRDA:2519,412,3,0
BRDA:2519,412,4,0
BRDA:2519,412,5,0
BRDA:2519,412,6,0
BRDA:2520,413,0,0
BRDA:2520,413,1,0
BRDA:2520,413,2,0
BRDA:2520,413,3,0
BRDA:2520,413,4,0
BRDA:2520,413,5,0
BRDA:2520,413,6,0
BRDA:2523,414,0,0
BRDA:2523,414,1,0
BRDA:2523,415,0,0
BRDA:2523,415,1,0
BRDA:2525,416,0,0
BRDA:2525,416,1,0
BRDA:2532,417,0,0
BRDA:2532,417,1,0
BRDA:2532,417,2,0
BRDA:2533,418,0,0
BRDA:2533,418,1,0
BRDA:2533,418,2,0
BRDA:2534,419,0,0
BRDA:2534,419,1,0
BRDA:2534,420,0,0
BRDA:2534,420,1,0
BRDA:2535,421,0,0
BRDA:2535,421,1,0
BRDA:2535,421,2,0
BRDA:2537,422,0,0
BRDA:2537,422,1,0
BRF:898
BRH:0
end_of_record
TN:
SF:js/app.js
FN:28,ensureLogin
FN:29,(anonymous_1)
FN:104,getDOMElements
FN:177,bindEvents
FN:179,(anonymous_4)
FN:184,(anonymous_5)
FN:193,(anonymous_6)
FN:194,(anonymous_7)
FN:197,(anonymous_8)
FN:198,(anonymous_9)
FN:199,(anonymous_10)
FN:201,(anonymous_11)
FN:205,(anonymous_12)
FN:206,(anonymous_13)
FN:207,(anonymous_14)
FN:208,(anonymous_15)
FN:212,(anonymous_16)
FN:223,(anonymous_17)
FN:228,(anonymous_18)
FN:232,(anonymous_19)
FN:237,(anonymous_20)
FN:258,(anonymous_21)
FN:352,(anonymous_22)
FN:367,(anonymous_23)
FN:372,startLongPress
FN:374,(anonymous_25)
FN:380,cancelLongPress
FN:396,(anonymous_27)
FNF:28
FNH:0
FNDA:0,ensureLogin
FNDA:0,(anonymous_1)
FNDA:0,getDOMElements
FNDA:0,bindEvents
FNDA:0,(anonymous_4)
FNDA:0,(anonymous_5)
FNDA:0,(anonymous_6)
FNDA:0,(anonymous_7)
FNDA:0,(anonymous_8)
FNDA:0,(anonymous_9)
FNDA:0,(anonymous_10)
FNDA:0,(anonymous_11)
FNDA:0,(anonymous_12)
FNDA:0,(anonymous_13)
FNDA:0,(anonymous_14)
FNDA:0,(anonymous_15)
FNDA:0,(anonymous_16)
FNDA:0,(anonymous_17)
FNDA:0,(anonymous_18)
FNDA:0,(anonymous_19)
FNDA:0,(anonymous_20)
FNDA:0,(anonymous_21)
FNDA:0,(anonymous_22)
FNDA:0,(anonymous_23)
FNDA:0,startLongPress
FNDA:0,(anonymous_25)
FNDA:0,cancelLongPress
FNDA:0,(anonymous_27)
DA:29,0
DA:32,0
DA:34,0
DA:35,0
DA:36,0
DA:37,0
DA:39,0
DA:40,0
DA:46,0
DA:48,0
DA:51,0
DA:52,0
DA:53,0
DA:54,0
DA:55,0
DA:56,0
DA:57,0
DA:58,0
DA:61,0
DA:62,0
DA:63,0
DA:64,0
DA:66,0
DA:68,0
DA:70,0
DA:71,0
DA:72,0
DA:73,0
DA:74,0
DA:75,0
DA:76,0
DA:79,0
DA:80,0
DA:81,0
DA:82,0
DA:83,0
DA:84,0
DA:88,0
DA:89,0
DA:90,0
DA:91,0
DA:92,0
DA:108,0
DA:109,0
DA:110,0
DA:111,0
DA:114,0
DA:115,0
DA:116,0
DA:117,0
DA:118,0
DA:121,0
DA:122,0
DA:123,0
DA:124,0
DA:127,0
DA:128,0
DA:129,0
DA:130,0
DA:131,0
DA:132,0
DA:135,0
DA:138,0
DA:139,0
DA:140,0
DA:141,0
DA:143,0
DA:145,0
DA:146,0
DA:147,0
DA:148,0
DA:149,0
DA:151,0
DA:154,0
DA:155,0
DA:156,0
DA:157,0
DA:158,0
DA:160,0
DA:161,0
DA:162,0
DA:163,0
DA:164,0
DA:165,0
DA:166,0
DA:179,0
DA:180,0
DA:181,0
DA:184,0
DA:185,0
DA:188,0
DA:189,0
DA:193,0
DA:194,0
DA:197,0
DA:198,0
DA:199,0
DA:201,0
DA:205,0
DA:206,0
DA:207,0
DA:208,0
DA:212,0
DA:213,0
DA:215,0
DA:216,0
DA:218,0
DA:223,0
DA:224,0
DA:225,0
DA:228,0
DA:229,0
DA:230,0
DA:232,0
DA:233,0
DA:234,0
DA:237,0
DA:238,0
DA:239,0
DA:242,0
DA:243,0
DA:245,0
DA:246,0
DA:258,0
DA:261,0
DA:262,0
DA:263,0
DA:266,0
DA:269,0
DA:270,0
DA:275,0
DA:276,0
DA:277,0
DA:279,0
DA:281,0
DA:282,0
DA:283,0
DA:284,0
DA:285,0
DA:286,0
DA:287,0
DA:289,0
DA:291,0
DA:292,0
DA:295,0
DA:296,0
DA:301,0
DA:302,0
DA:304,0
DA:307,0
DA:310,0
DA:311,0
DA:314,0
DA:315,0
DA:316,0
DA:317,0
DA:318,0
DA:320,0
DA:321,0
DA:325,0
DA:327,0
DA:328,0
DA:329,0
DA:332,0
DA:339,0
DA:340,0
DA:341,0
DA:344,0
DA:345,0
DA:352,0
DA:353,0
DA:354,0
DA:356,0
DA:357,0
DA:358,0
DA:359,0
DA:362,0
DA:363,0
DA:367,0
DA:368,0
DA:369,0
DA:373,0
DA:374,0
DA:375,0
DA:376,0
DA:377,0
DA:381,0
DA:382,0
DA:383,0
DA:388,0
DA:389,0
DA:390,0
DA:391,0
DA:392,0
DA:393,0
DA:396,0
DA:397,0
DA:398,0
LF:198
LH:0
BRDA:34,0,0,0
BRDA:34,0,1,0
BRDA:39,1,0,0
BRDA:39,1,1,0
BRDA:46,2,0,0
BRDA:46,2,1,0
BRDA:52,3,0,0
BRDA:52,3,1,0
BRDA:55,4,0,0
BRDA:55,4,1,0
BRDA:70,5,0,0
BRDA:70,5,1,0
BRDA:181,6,0,0
BRDA:181,6,1,0
BRDA:215,7,0,0
BRDA:215,7,1,0
BRDA:243,8,0,0
BRDA:243,8,1,0
BRDA:245,9,0,0
BRDA:245,9,1,0
BRDA:245,10,0,0
BRDA:245,10,1,0
BRDA:279,11,0,0
BRDA:279,11,1,0
BRDA:285,12,0,0
BRDA:285,12,1,0
BRDA:285,13,0,0
BRDA:285,13,1,0
BRDA:291,14,0,0
BRDA:291,14,1,0
BRDA:304,15,0,0
BRDA:304,15,1,0
BRDA:304,16,0,0
BRDA:304,16,1,0
BRDA:314,17,0,0
BRDA:314,17,1,0
BRDA:315,18,0,0
BRDA:315,18,1,0
BRDA:320,19,0,0
BRDA:320,19,1,0
BRDA:339,20,0,0
BRDA:339,20,1,0
BRDA:344,21,0,0
BRDA:344,21,1,0
BRDA:354,22,0,0
BRDA:354,22,1,0
BRDA:356,23,0,0
BRDA:356,23,1,0
BRDA:362,24,0,0
BRDA:362,24,1,0
BRDA:368,25,0,0
BRDA:368,25,1,0
BRDA:373,26,0,0
BRDA:373,26,1,0
BRDA:381,27,0,0
BRDA:381,27,1,0
BRF:56
BRH:0
end_of_record
TN:
SF:js/core.js
FN:24,loadTranslations
FN:47,checkTranslationCompleteness
FN:58,(anonymous_2)
FN:78,t
FN:94,renderTranslations
FN:102,(anonymous_5)
FN:118,(anonymous_6)
FN:144,callApifetch
FN:216,verifyAdminPermission
FN:247,executeAdminOperation
FN:268,(anonymous_10)
FN:281,(anonymous_11)
FN:295,showConfirmDialog
FN:296,(anonymous_13)
FN:315,(anonymous_14)
FN:324,(anonymous_15)
FN:329,(anonymous_16)
FN:334,(anonymous_17)
FNF:18
FNH:0
FNDA:0,loadTranslations
FNDA:0,checkTranslationCompleteness
FNDA:0,(anonymous_2)
FNDA:0,t
FNDA:0,renderTranslations
FNDA:0,(anonymous_5)
FNDA:0,(anonymous_6)
FNDA:0,callApifetch
FNDA:0,verifyAdminPermission
FNDA:0,executeAdminOperation
FNDA:0,(anonymous_10)
FNDA:0,(anonymous_11)
FNDA:0,showConfirmDialog
FNDA:0,(anonymous_13)
FNDA:0,(anonymous_14)
FNDA:0,(anonymous_15)
FNDA:0,(anonymous_16)
FNDA:0,(anonymous_17)
DA:25,0
DA:26,0
DA:27,0
DA:28,0
DA:30,0
DA:31,0
DA:32,0
DA:35,0
DA:37,0
DA:39,0
DA:49,0
DA:57,0
DA:58,0
DA:59,0
DA:60,0
DA:64,0
DA:65,0
DA:66,0
DA:68,0
DA:72,0
DA:73,0
DA:79,0
DA:82,0
DA:84,0
DA:85,0
DA:86,0
DA:89,0
DA:91,0
DA:96,0
DA:97,0
DA:101,0
DA:102,0
DA:103,0
DA:104,0
DA:107,0
DA:108,0
DA:109,0
DA:111,0
DA:117,0
DA:118,0
DA:119,0
DA:120,0
DA:121,0
DA:124,0
DA:125,0
DA:145,0
DA:148,0
DA:151,0
DA:154,0
DA:155,0
DA:158,0
DA:161,0
DA:162,0
DA:164,0
DA:166,0
DA:176,0
DA:177,0
DA:181,0
DA:182,0
DA:183,0
DA:186,0
DA:187,0
DA:188,0
DA:190,0
DA:194,0
DA:195,0
DA:197,0
DA:200,0
DA:217,0
DA:219,0
DA:220,0
DA:221,0
DA:225,0
DA:226,0
DA:227,0
DA:229,0
DA:230,0
DA:232,0
DA:234,0
DA:236,0
DA:237,0
DA:248,0
DA:249,0
DA:250,0
DA:251,0
DA:254,0
DA:255,0
DA:256,0
DA:258,0
DA:259,0
DA:260,0
DA:268,0
DA:269,0
DA:270,0
DA:271,0
DA:272,0
DA:273,0
DA:274,0
DA:275,0
DA:276,0
DA:278,0
DA:280,0
DA:281,0
DA:282,0
DA:296,0
DA:297,0
DA:298,0
DA:299,0
DA:300,0
DA:302,0
DA:303,0
DA:304,0
DA:305,0
DA:308,0
DA:309,0
DA:312,0
DA:315,0
DA:316,0
DA:317,0
DA:318,0
DA:319,0
DA:321,0
DA:324,0
DA:325,0
DA:326,0
DA:329,0
DA:330,0
DA:331,0
DA:334,0
DA:335,0
DA:336,0
DA:337,0
DA:341,0
DA:342,0
DA:343,0
LF:135
LH:0
BRDA:27,0,0,0
BRDA:27,0,1,0
BRDA:59,1,0,0
BRDA:59,1,1,0
BRDA:64,2,0,0
BRDA:64,2,1,0
BRDA:78,3,0,0
BRDA:79,4,0,0
BRDA:79,4,1,0
BRDA:85,5,0,0
BRDA:85,5,1,0
BRDA:94,6,0,0
BRDA:96,7,0,0
BRDA:96,7,1,0
BRDA:107,8,0,0
BRDA:107,8,1,0
BRDA:108,9,0,0
BRDA:108,9,1,0
BRDA:120,10,0,0
BRDA:120,10,1,0
BRDA:124,11,0,0
BRDA:124,11,1,0
BRDA:144,12,0,0
BRDA:162,13,0,0
BRDA:162,13,1,0
BRDA:176,14,0,0
BRDA:176,14,1,0
BRDA:187,15,0,0
BRDA:187,15,1,0
BRDA:187,16,0,0
BRDA:187,16,1,0
BRDA:200,17,0,0
BRDA:200,17,1,0
BRDA:220,18,0,0
BRDA:220,18,1,0
BRDA:226,19,0,0
BRDA:226,19,1,0
BRDA:226,20,0,0
BRDA:226,20,1,0
BRDA:226,20,2,0
BRDA:229,21,0,0
BRDA:229,21,1,0
BRDA:249,22,0,0
BRDA:249,22,1,0
BRDA:250,23,0,0
BRDA:250,23,1,0
BRDA:259,24,0,0
BRDA:259,24,1,0
BRDA:268,25,0,0
BRDA:273,26,0,0
BRDA:273,26,1,0
BRDA:275,27,0,0
BRDA:275,27,1,0
BRDA:302,28,0,0
BRDA:302,28,1,0
BRDA:302,29,0,0
BRDA:302,29,1,0
BRDA:335,30,0,0
BRDA:335,30,1,0
BRF:59
BRH:0
end_of_record
TN:
SF:js/location.js
FN:23,fetchAndRenderLocationsOnMap
FN:35,(anonymous_1)
FN:65,initLocationMap
FN:103,(anonymous_3)
FN:117,(anonymous_4)
FN:136,(anonymous_5)
FN:169,initAdminAddLocationMapIfNeeded
FN:196,(anonymous_7)
FN:204,enableAddIfReady
FN:212,updateInputsAndEnable
FN:218,placeMarker
FN:243,ensurePreviewCircle
FN:265,(anonymous_12)
FN:274,(anonymous_13)
FN:280,(anonymous_14)
FN:287,(anonymous_15)
FN:295,(anonymous_16)
FN:324,debounce
FN:326,(anonymous_18)
FN:328,(anonymous_19)
FN:332,nominatimSearch
FN:346,renderSearchResults
FN:354,(anonymous_22)
FN:363,(anonymous_23)
FN:376,(anonymous_24)
FN:383,clearSearchResults
FN:389,(anonymous_26)
FN:400,(anonymous_27)
FN:405,(anonymous_28)
FN:415,(anonymous_29)
FN:422,(anonymous_30)
FN:430,(anonymous_31)
FN:441,(anonymous_32)
FN:449,(anonymous_33)
FN:455,(anonymous_34)
FNF:35
FNH:0
FNDA:0,fetchAndRenderLocationsOnMap
FNDA:0,(anonymous_1)
FNDA:0,initLocationMap
FNDA:0,(anonymous_3)
FNDA:0,(anonymous_4)
FNDA:0,(anonymous_5)
FNDA:0,initAdminAddLocationMapIfNeeded
FNDA:0,(anonymous_7)
FNDA:0,enableAddIfReady
FNDA:0,updateInputsAndEnable
FNDA:0,placeMarker
FNDA:0,ensurePreviewCircle
FNDA:0,(anonymous_12)
FNDA:0,(anonymous_13)
FNDA:0,(anonymous_14)
FNDA:0,(anonymous_15)
FNDA:0,(anonymous_16)
FNDA:0,debounce
FNDA:0,(anonymous_18)
FNDA:0,(anonymous_19)
FNDA:0,nominatimSearch
FNDA:0,renderSearchResults
FNDA:0,(anonymous_22)
FNDA:0,(anonymous_23)
FNDA:0,(anonymous_24)
FNDA:0,clearSearchResults
FNDA:0,(anonymous_26)
FNDA:0,(anonymous_27)
FNDA:0,(anonymous_28)
FNDA:0,(anonymous_29)
FNDA:0,(anonymous_30)
FNDA:0,(anonymous_31)
FNDA:0,(anonymous_32)
FNDA:0,(anonymous_33)
FNDA:0,(anonymous_34)
DA:24,0
DA:26,0
DA:30,0
DA:31,0
DA:33,0
DA:35,0
DA:37,0
DA:40,0
DA:46,0
DA:47,0
DA:51,0
DA:52,0
DA:54,0
DA:56,0
DA:57,0
DA:60,0
DA:61,0
DA:66,0
DA:67,0
DA:68,0
DA:69,0
DA:71,0
DA:72,0
DA:75,0
DA:77,0
DA:78,0
DA:79,0
DA:83,0
DA:84,0
DA:89,0
DA:92,0
DA:98,0
DA:103,0
DA:104,0
DA:106,0
DA:111,0
DA:112,0
DA:115,0
DA:116,0
DA:118,0
DA:119,0
DA:122,0
DA:123,0
DA:126,0
DA:129,0
DA:130,0
DA:138,0
DA:139,0
DA:142,0
DA:144,0
DA:145,0
DA:147,0
DA:148,0
DA:150,0
DA:151,0
DA:153,0
DA:154,0
DA:156,0
DA:160,0
DA:162,0
DA:163,0
DA:168,0
DA:170,0
DA:171,0
DA:172,0
DA:174,0
DA:175,0
DA:177,0
DA:182,0
DA:184,0
DA:185,0
DA:186,0
DA:187,0
DA:188,0
DA:189,0
DA:190,0
DA:193,0
DA:194,0
DA:195,0
DA:196,0
DA:197,0
DA:198,0
DA:200,0
DA:205,0
DA:206,0
DA:208,0
DA:213,0
DA:214,0
DA:215,0
DA:219,0
DA:220,0
DA:221,0
DA:223,0
DA:225,0
DA:226,0
DA:229,0
DA:230,0
DA:231,0
DA:233,0
DA:244,0
DA:245,0
DA:246,0
DA:247,0
DA:249,0
DA:260,0
DA:261,0
DA:265,0
DA:266,0
DA:267,0
DA:268,0
DA:270,0
DA:274,0
DA:275,0
DA:279,0
DA:280,0
DA:281,0
DA:282,0
DA:283,0
DA:285,0
DA:286,0
DA:287,0
DA:288,0
DA:289,0
DA:290,0
DA:292,0
DA:293,0
DA:294,0
DA:296,0
DA:297,0
DA:298,0
DA:299,0
DA:305,0
DA:306,0
DA:310,0
DA:311,0
DA:312,0
DA:313,0
DA:314,0
DA:320,0
DA:321,0
DA:322,0
DA:325,0
DA:326,0
DA:327,0
DA:328,0
DA:333,0
DA:334,0
DA:335,0
DA:336,0
DA:337,0
DA:338,0
DA:339,0
DA:341,0
DA:342,0
DA:348,0
DA:349,0
DA:350,0
DA:351,0
DA:353,0
DA:354,0
DA:355,0
DA:356,0
DA:357,0
DA:358,0
DA:359,0
DA:360,0
DA:362,0
DA:363,0
DA:364,0
DA:365,0
DA:366,0
DA:368,0
DA:369,0
DA:371,0
DA:372,0
DA:374,0
DA:376,0
DA:377,0
DA:379,0
DA:384,0
DA:385,0
DA:386,0
DA:389,0
DA:390,0
DA:391,0
DA:392,0
DA:394,0
DA:395,0
DA:396,0
DA:399,0
DA:400,0
DA:401,0
DA:402,0
DA:405,0
DA:406,0
DA:407,0
DA:408,0
DA:409,0
DA:410,0
DA:414,0
DA:415,0
DA:416,0
DA:417,0
DA:418,0
DA:422,0
DA:423,0
DA:424,0
DA:425,0
DA:429,0
DA:430,0
DA:432,0
DA:433,0
DA:441,0
DA:442,0
DA:443,0
DA:446,0
DA:448,0
DA:449,0
DA:450,0
DA:451,0
DA:453,0
DA:455,0
DA:456,0
DA:457,0
DA:459,0
LF:225
LH:0
BRDA:33,0,0,0
BRDA:33,0,1,0
BRDA:33,1,0,0
BRDA:33,1,1,0
BRDA:37,2,0,0
BRDA:37,2,1,0
BRDA:65,3,0,0
BRDA:69,4,0,0
BRDA:69,4,1,0
BRDA:71,5,0,0
BRDA:71,5,1,0
BRDA:75,6,0,0
BRDA:75,6,1,0
BRDA:77,7,0,0
BRDA:77,7,1,0
BRDA:115,8,0,0
BRDA:115,8,1,0
BRDA:129,9,0,0
BRDA:129,9,1,0
BRDA:142,10,0,0
BRDA:142,10,1,0
BRDA:142,10,2,0
BRDA:142,10,3,0
BRDA:170,11,0,0
BRDA:170,11,1,0
BRDA:172,12,0,0
BRDA:172,12,1,0
BRDA:174,13,0,0
BRDA:174,13,1,0
BRDA:175,14,0,0
BRDA:175,14,1,0
BRDA:193,15,0,0
BRDA:193,15,1,0
BRDA:193,16,0,0
BRDA:193,16,1,0
BRDA:194,17,0,0
BRDA:194,17,1,0
BRDA:197,18,0,0
BRDA:197,18,1,0
BRDA:200,19,0,0
BRDA:200,19,1,0
BRDA:205,20,0,0
BRDA:205,20,1,0
BRDA:205,21,0,0
BRDA:205,21,1,0
BRDA:205,21,2,0
BRDA:205,21,3,0
BRDA:213,22,0,0
BRDA:213,22,1,0
BRDA:213,23,0,0
BRDA:213,23,1,0
BRDA:214,24,0,0
BRDA:214,24,1,0
BRDA:214,25,0,0
BRDA:214,25,1,0
BRDA:219,26,0,0
BRDA:219,26,1,0
BRDA:220,27,0,0
BRDA:220,27,1,0
BRDA:229,28,0,0
BRDA:229,28,1,0
BRDA:244,29,0,0
BRDA:244,29,1,0
BRDA:246,30,0,0
BRDA:246,30,1,0
BRDA:267,31,0,0
BRDA:267,31,1,0
BRDA:279,32,0,0
BRDA:279,32,1,0
BRDA:281,33,0,0
BRDA:281,33,1,0
BRDA:292,34,0,0
BRDA:292,34,1,0
BRDA:297,35,0,0
BRDA:297,35,1,0
BRDA:305,36,0,0
BRDA:305,36,1,0
BRDA:310,37,0,0
BRDA:310,37,1,0
BRDA:310,38,0,0
BRDA:310,38,1,0
BRDA:310,38,2,0
BRDA:310,38,3,0
BRDA:313,39,0,0
BRDA:313,39,1,0
BRDA:313,40,0,0
BRDA:313,40,1,0
BRDA:324,41,0,0
BRDA:333,42,0,0
BRDA:333,42,1,0
BRDA:333,43,0,0
BRDA:333,43,1,0
BRDA:336,44,0,0
BRDA:336,44,1,0
BRDA:337,45,0,0
BRDA:337,45,1,0
BRDA:339,46,0,0
BRDA:339,46,1,0
BRDA:349,47,0,0
BRDA:349,47,1,0
BRDA:349,48,0,0
BRDA:349,48,1,0
BRDA:360,49,0,0
BRDA:360,49,1,0
BRDA:362,50,0,0
BRDA:362,50,1,0
BRDA:362,51,0,0
BRDA:362,51,1,0
BRDA:368,52,0,0
BRDA:368,52,1,0
BRDA:369,53,0,0
BRDA:369,53,1,0
BRDA:371,54,0,0
BRDA:371,54,1,0
BRDA:371,55,0,0
BRDA:371,55,1,0
BRDA:371,55,2,0
BRDA:372,56,0,0
BRDA:372,56,1,0
BRDA:377,57,0,0
BRDA:377,57,1,0
BRDA:386,58,0,0
BRDA:386,58,1,0
BRDA:390,59,0,0
BRDA:390,59,1,0
BRDA:390,60,0,0
BRDA:390,60,1,0
BRDA:396,61,0,0
BRDA:396,61,1,0
BRDA:399,62,0,0
BRDA:399,62,1,0
BRDA:406,63,0,0
BRDA:406,63,1,0
BRDA:408,64,0,0
BRDA:408,64,1,0
BRDA:409,65,0,0
BRDA:409,65,1,0
BRDA:414,66,0,0
BRDA:414,66,1,0
BRDA:416,67,0,0
BRDA:416,67,1,0
BRDA:418,68,0,0
BRDA:418,68,1,0
BRDA:423,69,0,0
BRDA:423,69,1,0
BRDA:424,70,0,0
BRDA:424,70,1,0
BRDA:424,71,0,0
BRDA:424,71,1,0
BRDA:424,71,2,0
BRDA:429,72,0,0
BRDA:429,72,1,0
BRDA:432,73,0,0
BRDA:432,73,1,0
BRDA:443,74,0,0
BRDA:443,74,1,0
BRDA:448,75,0,0
BRDA:448,75,1,0
BRDA:451,76,0,0
BRDA:451,76,1,0
BRDA:457,77,0,0
BRDA:457,77,1,0
BRF:162
BRH:0
end_of_record
TN:
SF:js/punch.js
FN:48,checkGeolocationPermission
FN:59,(anonymous_1)
FN:72,requestGeolocationPermission
FN:73,(anonymous_3)
FN:75,(anonymous_4)
FN:85,(anonymous_5)
FN:86,(anonymous_6)
FN:100,doPunch
FN:121,(anonymous_8)
FN:158,handleLocationPermissionDenied
FN:189,submitPunchWithoutLocation
FN:224,getAccurateLocation
FN:228,(anonymous_12)
FN:230,(anonymous_13)
FN:266,(anonymous_14)
FN:287,(anonymous_15)
FN:298,(anonymous_16)
FN:328,checkAutoPunch
FN:346,(anonymous_18)
FN:364,checkAbnormal
FN:400,(anonymous_20)
FN:414,(anonymous_21)
FN:437,enrichAbnormalRecordsWithApplicationStatus
FN:447,(anonymous_23)
FN:457,(anonymous_24)
FN:478,renderAbnormalRecords
FN:488,(anonymous_26)
FN:588,validateAdjustTime
FN:611,bindPunchEvents
FN:616,(anonymous_29)
FN:783,(anonymous_30)
FNF:31
FNH:0
FNDA:0,checkGeolocationPermission
FNDA:0,(anonymous_1)
FNDA:0,requestGeolocationPermission
FNDA:0,(anonymous_3)
FNDA:0,(anonymous_4)
FNDA:0,(anonymous_5)
FNDA:0,(anonymous_6)
FNDA:0,doPunch
FNDA:0,(anonymous_8)
FNDA:0,handleLocationPermissionDenied
FNDA:0,submitPunchWithoutLocation
FNDA:0,getAccurateLocation
FNDA:0,(anonymous_12)
FNDA:0,(anonymous_13)
FNDA:0,(anonymous_14)
FNDA:0,(anonymous_15)
FNDA:0,(anonymous_16)
FNDA:0,checkAutoPunch
FNDA:0,(anonymous_18)
FNDA:0,checkAbnormal
FNDA:0,(anonymous_20)
FNDA:0,(anonymous_21)
FNDA:0,enrichAbnormalRecordsWithApplicationStatus
FNDA:0,(anonymous_23)
FNDA:0,(anonymous_24)
FNDA:0,renderAbnormalRecords
FNDA:0,(anonymous_26)
FNDA:0,validateAdjustTime
FNDA:0,bindPunchEvents
FNDA:0,(anonymous_29)
FNDA:0,(anonymous_30)
DA:29,0
DA:30,0
DA:37,0
DA:45,0
DA:49,0
DA:51,0
DA:54,0
DA:55,0
DA:56,0
DA:59,0
DA:60,0
DA:61,0
DA:64,0
DA:66,0
DA:67,0
DA:73,0
DA:75,0
DA:76,0
DA:78,0
DA:79,0
DA:81,0
DA:84,0
DA:85,0
DA:87,0
DA:88,0
DA:90,0
DA:101,0
DA:105,0
DA:106,0
DA:108,0
DA:111,0
DA:114,0
DA:115,0
DA:117,0
DA:118,0
DA:121,0
DA:122,0
DA:123,0
DA:130,0
DA:131,0
DA:132,0
DA:134,0
DA:135,0
DA:138,0
DA:139,0
DA:144,0
DA:148,0
DA:149,0
DA:150,0
DA:154,0
DA:160,0
DA:163,0
DA:166,0
DA:169,0
DA:171,0
DA:173,0
DA:174,0
DA:178,0
DA:181,0
DA:182,0
DA:184,0
DA:190,0
DA:192,0
DA:193,0
DA:194,0
DA:195,0
DA:196,0
DA:200,0
DA:203,0
DA:209,0
DA:210,0
DA:211,0
DA:213,0
DA:214,0
DA:217,0
DA:218,0
DA:219,0
DA:225,0
DA:226,0
DA:228,0
DA:229,0
DA:231,0
DA:232,0
DA:233,0
DA:236,0
DA:245,0
DA:246,0
DA:247,0
DA:248,0
DA:249,0
DA:250,0
DA:252,0
DA:256,0
DA:257,0
DA:263,0
DA:266,0
DA:267,0
DA:271,0
DA:275,0
DA:276,0
DA:280,0
DA:284,0
DA:285,0
DA:289,0
DA:290,0
DA:296,0
DA:298,0
DA:299,0
DA:303,0
DA:307,0
DA:310,0
DA:311,0
DA:312,0
DA:329,0
DA:330,0
DA:333,0
DA:335,0
DA:336,0
DA:337,0
DA:338,0
DA:341,0
DA:343,0
DA:344,0
DA:346,0
DA:348,0
DA:350,0
DA:354,0
DA:366,0
DA:367,0
DA:368,0
DA:369,0
DA:370,0
DA:371,0
DA:372,0
DA:376,0
DA:377,0
DA:378,0
DA:380,0
DA:383,0
DA:385,0
DA:386,0
DA:387,0
DA:389,0
DA:391,0
DA:392,0
DA:398,0
DA:400,0
DA:405,0
DA:406,0
DA:409,0
DA:414,0
DA:416,0
DA:419,0
DA:420,0
DA:423,0
DA:424,0
DA:425,0
DA:428,0
DA:430,0
DA:438,0
DA:440,0
DA:444,0
DA:446,0
DA:447,0
DA:449,0
DA:450,0
DA:451,0
DA:453,0
DA:457,0
DA:459,0
DA:461,0
DA:462,0
DA:463,0
DA:464,0
DA:469,0
DA:479,0
DA:480,0
DA:481,0
DA:483,0
DA:484,0
DA:485,0
DA:486,0
DA:488,0
DA:489,0
DA:492,0
DA:495,0
DA:498,0
DA:501,0
DA:509,0
DA:516,0
DA:517,0
DA:520,0
DA:521,0
DA:522,0
DA:531,0
DA:532,0
DA:548,0
DA:549,0
DA:550,0
DA:557,0
DA:570,0
DA:571,0
DA:572,0
DA:576,0
DA:577,0
DA:578,0
DA:589,0
DA:590,0
DA:592,0
DA:593,0
DA:595,0
DA:596,0
DA:597,0
DA:600,0
DA:601,0
DA:602,0
DA:604,0
DA:615,0
DA:616,0
DA:617,0
DA:619,0
DA:620,0
DA:623,0
DA:624,0
DA:625,0
DA:628,0
DA:629,0
DA:630,0
DA:631,0
DA:633,0
DA:635,0
DA:636,0
DA:645,0
DA:646,0
DA:648,0
DA:653,0
DA:654,0
DA:656,0
DA:661,0
DA:664,0
DA:708,0
DA:709,0
DA:712,0
DA:713,0
DA:714,0
DA:716,0
DA:717,0
DA:718,0
DA:721,0
DA:723,0
DA:724,0
DA:749,0
DA:750,0
DA:752,0
DA:753,0
DA:778,0
DA:783,0
DA:784,0
DA:785,0
DA:786,0
DA:788,0
DA:790,0
DA:791,0
DA:795,0
DA:797,0
DA:798,0
DA:800,0
DA:801,0
DA:802,0
DA:804,0
DA:807,0
DA:808,0
DA:809,0
DA:813,0
DA:814,0
DA:815,0
DA:819,0
DA:820,0
DA:821,0
DA:822,0
DA:824,0
DA:825,0
DA:826,0
DA:829,0
DA:830,0
DA:831,0
DA:832,0
DA:835,0
DA:837,0
DA:838,0
DA:840,0
DA:841,0
DA:843,0
DA:852,0
DA:853,0
DA:854,0
DA:855,0
DA:858,0
DA:867,0
DA:868,0
DA:870,0
DA:871,0
DA:872,0
DA:876,0
DA:877,0
DA:885,0
DA:886,0
DA:888,0
DA:889,0
DA:890,0
DA:895,0
DA:896,0
DA:898,0
DA:899,0
DA:902,0
DA:904,0
DA:905,0
DA:906,0
DA:907,0
DA:909,0
DA:910,0
DA:911,0
DA:915,0
DA:916,0
DA:918,0
DA:919,0
DA:922,0
DA:924,0
DA:925,0
DA:933,0
DA:934,0
DA:936,0
DA:937,0
DA:938,0
DA:942,0
DA:943,0
DA:945,0
DA:946,0
DA:949,0
DA:951,0
DA:952,0
DA:953,0
DA:954,0
DA:956,0
DA:957,0
DA:958,0
DA:962,0
DA:963,0
DA:965,0
DA:966,0
DA:969,0
DA:971,0
DA:972,0
DA:980,0
DA:981,0
DA:983,0
DA:984,0
DA:985,0
DA:989,0
DA:990,0
DA:992,0
DA:993,0
LF:362
LH:0
BRDA:49,0,0,0
BRDA:49,0,1,0
BRDA:76,1,0,0
BRDA:76,1,1,0
BRDA:79,2,0,0
BRDA:79,2,1,0
BRDA:87,3,0,0
BRDA:87,3,1,0
BRDA:101,4,0,0
BRDA:101,4,1,0
BRDA:105,5,0,0
BRDA:105,5,1,0
BRDA:106,6,0,0
BRDA:106,6,1,0
BRDA:108,7,0,0
BRDA:108,7,1,0
BRDA:115,8,0,0
BRDA:115,8,1,0
BRDA:130,9,0,0
BRDA:130,9,1,0
BRDA:130,10,0,0
BRDA:130,10,1,0
BRDA:131,11,0,0
BRDA:131,11,1,0
BRDA:134,12,0,0
BRDA:134,12,1,0
BRDA:144,13,0,0
BRDA:144,13,1,0
BRDA:144,13,2,0
BRDA:148,14,0,0
BRDA:148,14,1,0
BRDA:160,15,0,0
BRDA:160,15,1,0
BRDA:166,16,0,0
BRDA:166,16,1,0
BRDA:169,17,0,0
BRDA:169,17,1,0
BRDA:178,18,0,0
BRDA:178,18,1,0
BRDA:181,19,0,0
BRDA:181,19,1,0
BRDA:193,20,0,0
BRDA:193,20,1,0
BRDA:194,21,0,0
BRDA:194,21,1,0
BRDA:200,22,0,0
BRDA:200,22,1,0
BRDA:209,23,0,0
BRDA:209,23,1,0
BRDA:209,24,0,0
BRDA:209,24,1,0
BRDA:210,25,0,0
BRDA:210,25,1,0
BRDA:213,26,0,0
BRDA:213,26,1,0
BRDA:218,27,0,0
BRDA:218,27,1,0
BRDA:224,28,0,0
BRDA:245,29,0,0
BRDA:245,29,1,0
BRDA:247,30,0,0
BRDA:247,30,1,0
BRDA:249,31,0,0
BRDA:249,31,1,0
BRDA:256,32,0,0
BRDA:256,32,1,0
BRDA:256,33,0,0
BRDA:256,33,1,0
BRDA:257,34,0,0
BRDA:257,34,1,0
BRDA:275,35,0,0
BRDA:275,35,1,0
BRDA:275,36,0,0
BRDA:275,36,1,0
BRDA:276,37,0,0
BRDA:276,37,1,0
BRDA:278,38,0,0
BRDA:278,38,1,0
BRDA:289,39,0,0
BRDA:289,39,1,0
BRDA:290,40,0,0
BRDA:290,40,1,0
BRDA:335,41,0,0
BRDA:335,41,1,0
BRDA:335,42,0,0
BRDA:335,42,1,0
BRDA:337,43,0,0
BRDA:337,43,1,0
BRDA:337,44,0,0
BRDA:337,44,1,0
BRDA:341,45,0,0
BRDA:341,45,1,0
BRDA:343,46,0,0
BRDA:343,46,1,0
BRDA:344,47,0,0
BRDA:344,47,1,0
BRDA:354,48,0,0
BRDA:354,48,1,0
BRDA:364,49,0,0
BRDA:364,50,0,0
BRDA:367,51,0,0
BRDA:367,51,1,0
BRDA:367,52,0,0
BRDA:367,52,1,0
BRDA:367,52,2,0
BRDA:369,53,0,0
BRDA:369,53,1,0
BRDA:398,54,0,0
BRDA:398,54,1,0
BRDA:398,55,0,0
BRDA:398,55,1,0
BRDA:420,56,0,0
BRDA:420,56,1,0
BRDA:444,57,0,0
BRDA:444,57,1,0
BRDA:444,58,0,0
BRDA:444,58,1,0
BRDA:449,59,0,0
BRDA:449,59,1,0
BRDA:450,60,0,0
BRDA:450,60,1,0
BRDA:461,61,0,0
BRDA:461,61,1,0
BRDA:461,62,0,0
BRDA:461,62,1,0
BRDA:483,63,0,0
BRDA:483,63,1,0
BRDA:498,64,0,0
BRDA:498,64,1,0
BRDA:509,65,0,0
BRDA:509,65,1,0
BRDA:509,65,2,0
BRDA:521,66,0,0
BRDA:521,66,1,0
BRDA:531,67,0,0
BRDA:531,67,1,0
BRDA:531,68,0,0
BRDA:531,68,1,0
BRDA:531,68,2,0
BRDA:549,69,0,0
BRDA:549,69,1,0
BRDA:595,70,0,0
BRDA:595,70,1,0
BRDA:600,71,0,0
BRDA:600,71,1,0
BRDA:615,72,0,0
BRDA:615,72,1,0
BRDA:615,73,0,0
BRDA:615,73,1,0
BRDA:617,74,0,0
BRDA:617,74,1,0
BRDA:633,75,0,0
BRDA:633,75,1,0
BRDA:646,76,0,0
BRDA:646,76,1,0
BRDA:654,77,0,0
BRDA:654,77,1,0
BRDA:668,78,0,0
BRDA:668,78,1,0
BRDA:702,79,0,0
BRDA:702,79,1,0
BRDA:712,80,0,0
BRDA:712,80,1,0
BRDA:717,81,0,0
BRDA:717,81,1,0
BRDA:721,82,0,0
BRDA:721,82,1,0
BRDA:726,83,0,0
BRDA:726,83,1,0
BRDA:728,84,0,0
BRDA:728,84,1,0
BRDA:731,85,0,0
BRDA:731,85,1,0
BRDA:731,86,0,0
BRDA:731,86,1,0
BRDA:732,87,0,0
BRDA:732,87,1,0
BRDA:732,88,0,0
BRDA:732,88,1,0
BRDA:733,89,0,0
BRDA:733,89,1,0
BRDA:733,90,0,0
BRDA:733,90,1,0
BRDA:737,91,0,0
BRDA:737,91,1,0
BRDA:740,92,0,0
BRDA:740,92,1,0
BRDA:744,93,0,0
BRDA:744,93,1,0
BRDA:750,94,0,0
BRDA:750,94,1,0
BRDA:755,95,0,0
BRDA:755,95,1,0
BRDA:757,96,0,0
BRDA:757,96,1,0
BRDA:760,97,0,0
BRDA:760,97,1,0
BRDA:760,98,0,0
BRDA:760,98,1,0
BRDA:761,99,0,0
BRDA:761,99,1,0
BRDA:761,100,0,0
BRDA:761,100,1,0
BRDA:762,101,0,0
BRDA:762,101,1,0
BRDA:762,102,0,0
BRDA:762,102,1,0
BRDA:766,103,0,0
BRDA:766,103,1,0
BRDA:769,104,0,0
BRDA:769,104,1,0
BRDA:773,105,0,0
BRDA:773,105,1,0
BRDA:788,106,0,0
BRDA:788,106,1,0
BRDA:790,107,0,0
BRDA:790,107,1,0
BRDA:795,108,0,0
BRDA:795,108,1,0
BRDA:800,109,0,0
BRDA:800,109,1,0
BRDA:800,110,0,0
BRDA:800,110,1,0
BRDA:804,111,0,0
BRDA:804,111,1,0
BRDA:804,112,0,0
BRDA:804,112,1,0
BRDA:807,113,0,0
BRDA:807,113,1,0
BRDA:815,114,0,0
BRDA:815,114,1,0
BRDA:820,115,0,0
BRDA:820,115,1,0
BRDA:824,116,0,0
BRDA:824,116,1,0
BRDA:825,117,0,0
BRDA:825,117,1,0
BRDA:826,118,0,0
BRDA:826,118,1,0
BRDA:829,119,0,0
BRDA:829,119,1,0
BRDA:832,120,0,0
BRDA:832,120,1,0
BRDA:841,121,0,0
BRDA:841,121,1,0
BRDA:852,122,0,0
BRDA:852,122,1,0
BRDA:853,123,0,0
BRDA:853,123,1,0
BRDA:853,124,0,0
BRDA:853,124,1,0
BRDA:867,125,0,0
BRDA:867,125,1,0
BRDA:867,126,0,0
BRDA:867,126,1,0
BRDA:868,127,0,0
BRDA:868,127,1,0
BRDA:868,128,0,0
BRDA:868,128,1,0
BRDA:870,129,0,0
BRDA:870,129,1,0
BRDA:876,130,0,0
BRDA:876,130,1,0
BRDA:879,131,0,0
BRDA:879,131,1,0
BRDA:885,132,0,0
BRDA:885,132,1,0
BRDA:885,133,0,0
BRDA:885,133,1,0
BRDA:886,134,0,0
BRDA:886,134,1,0
BRDA:888,135,0,0
BRDA:888,135,1,0
BRDA:896,136,0,0
BRDA:896,136,1,0
BRDA:898,137,0,0
BRDA:898,137,1,0
BRDA:902,138,0,0
BRDA:902,138,1,0
BRDA:909,139,0,0
BRDA:909,139,1,0
BRDA:910,140,0,0
BRDA:910,140,1,0
BRDA:918,141,0,0
BRDA:918,141,1,0
BRDA:930,142,0,0
BRDA:930,142,1,0
BRDA:933,143,0,0
BRDA:933,143,1,0
BRDA:933,144,0,0
BRDA:933,144,1,0
BRDA:933,145,0,0
BRDA:933,145,1,0
BRDA:933,145,2,0
BRDA:934,146,0,0
BRDA:934,146,1,0
BRDA:936,147,0,0
BRDA:936,147,1,0
BRDA:945,148,0,0
BRDA:945,148,1,0
BRDA:949,149,0,0
BRDA:949,149,1,0
BRDA:956,150,0,0
BRDA:956,150,1,0
BRDA:957,151,0,0
BRDA:957,151,1,0
BRDA:965,152,0,0
BRDA:965,152,1,0
BRDA:977,153,0,0
BRDA:977,153,1,0
BRDA:980,154,0,0
BRDA:980,154,1,0
BRDA:980,155,0,0
BRDA:980,155,1,0
BRDA:980,156,0,0
BRDA:980,156,1,0
BRDA:980,156,2,0
BRDA:981,157,0,0
BRDA:981,157,1,0
BRDA:983,158,0,0
BRDA:983,158,1,0
BRDA:992,159,0,0
BRDA:992,159,1,0
BRF:323
BRH:0
end_of_record
TN:
SF:js/state.js
FNF:0
FNH:0
DA:21,0
DA:22,0
DA:23,0
DA:24,0
DA:25,0
DA:26,0
DA:27,0
DA:28,0
DA:29,0
DA:30,0
DA:31,0
DA:32,0
DA:33,0
DA:34,0
DA:35,0
DA:38,0
DA:39,0
DA:40,0
DA:43,0
DA:44,0
DA:45,0
DA:46,0
DA:47,0
DA:48,0
DA:53,0
DA:54,0
DA:55,0
DA:56,0
DA:57,0
DA:58,0
DA:59,0
DA:60,0
DA:61,0
DA:62,0
DA:63,0
DA:66,0
DA:67,0
DA:68,0
DA:69,0
DA:72,0
DA:73,0
DA:74,0
DA:75,0
DA:77,0
DA:78,0
DA:79,0
DA:80,0
DA:81,0
DA:83,0
DA:86,0
DA:87,0
DA:88,0
DA:89,0
DA:90,0
DA:95,0
DA:96,0
DA:99,0
DA:101,0
DA:102,0
DA:103,0
DA:104,0
DA:105,0
DA:106,0
DA:107,0
DA:108,0
DA:109,0
DA:110,0
DA:112,0
DA:116,0
DA:117,0
DA:118,0
DA:120,0
DA:121,0
DA:122,0
DA:123,0
DA:124,0
DA:125,0
DA:126,0
DA:127,0
DA:129,0
DA:131,0
DA:133,0
DA:134,0
DA:135,0
DA:136,0
DA:137,0
DA:138,0
DA:139,0
DA:140,0
DA:143,0
DA:144,0
DA:145,0
DA:146,0
DA:149,0
DA:150,0
DA:151,0
DA:152,0
DA:153,0
DA:154,0
LF:99
LH:0
BRDA:101,0,0,0
BRDA:101,0,1,0
BRDA:102,1,0,0
BRDA:102,1,1,0
BRDA:103,2,0,0
BRDA:103,2,1,0
BRDA:105,3,0,0
BRDA:105,3,1,0
BRDA:107,4,0,0
BRDA:107,4,1,0
BRDA:109,5,0,0
BRDA:109,5,1,0
BRF:12
BRH:0
end_of_record
TN:
SF:js/ui.js
FN:26,renderCalendar
FN:90,preloadAdjacentMonths
FN:103,(anonymous_2)
FN:105,(anonymous_3)
FN:108,(anonymous_4)
FN:130,cacheMonthData
FN:143,cacheDetailMonthData
FN:156,prefetchMonthDetails
FN:168,(anonymous_8)
FN:173,(anonymous_9)
FN:180,loadMonthDetailData
FN:210,formatMonthKey
FN:214,parseMonthKey
FN:219,recordMonthNavigation
FN:229,getPredictedMonthKeys
FN:254,renderCalendarWithData
FN:264,(anonymous_16)
FN:269,(anonymous_17)
FN:280,(anonymous_18)
FN:371,(anonymous_19)
FN:415,renderDailyRecords
FN:460,renderRecords
FN:462,(anonymous_22)
FN:473,(anonymous_23)
FN:479,(anonymous_24)
FN:488,(anonymous_25)
FN:573,(anonymous_26)
FN:578,(anonymous_27)
FN:585,(anonymous_28)
FN:611,generalButtonState
FNF:30
FNH:0
FNDA:0,renderCalendar
FNDA:0,preloadAdjacentMonths
FNDA:0,(anonymous_2)
FNDA:0,(anonymous_3)
FNDA:0,(anonymous_4)
FNDA:0,cacheMonthData
FNDA:0,cacheDetailMonthData
FNDA:0,prefetchMonthDetails
FNDA:0,(anonymous_8)
FNDA:0,(anonymous_9)
FNDA:0,loadMonthDetailData
FNDA:0,formatMonthKey
FNDA:0,parseMonthKey
FNDA:0,recordMonthNavigation
FNDA:0,getPredictedMonthKeys
FNDA:0,renderCalendarWithData
FNDA:0,(anonymous_16)
FNDA:0,(anonymous_17)
FNDA:0,(anonymous_18)
FNDA:0,(anonymous_19)
FNDA:0,renderDailyRecords
FNDA:0,renderRecords
FNDA:0,(anonymous_22)
FNDA:0,(anonymous_23)
FNDA:0,(anonymous_24)
FNDA:0,(anonymous_25)
FNDA:0,(anonymous_26)
FNDA:0,(anonymous_27)
FNDA:0,(anonymous_28)
FNDA:0,generalButtonState
DA:27,0
DA:28,0
DA:29,0
DA:30,0
DA:31,0
DA:34,0
DA:37,0
DA:39,0
DA:40,0
DA:41,0
DA:43,0
DA:45,0
DA:50,0
DA:51,0
DA:52,0
DA:53,0
DA:58,0
DA:59,0
DA:63,0
DA:65,0
DA:66,0
DA:67,0
DA:70,0
DA:73,0
DA:75,0
DA:76,0
DA:79,0
DA:91,0
DA:92,0
DA:93,0
DA:96,0
DA:97,0
DA:100,0
DA:101,0
DA:102,0
DA:103,0
DA:105,0
DA:106,0
DA:107,0
DA:108,0
DA:109,0
DA:110,0
DA:116,0
DA:117,0
DA:118,0
DA:121,0
DA:126,0
DA:131,0
DA:132,0
DA:133,0
DA:135,0
DA:136,0
DA:137,0
DA:138,0
DA:139,0
DA:144,0
DA:145,0
DA:146,0
DA:148,0
DA:149,0
DA:150,0
DA:151,0
DA:152,0
DA:157,0
DA:158,0
DA:159,0
DA:161,0
DA:162,0
DA:164,0
DA:169,0
DA:170,0
DA:172,0
DA:174,0
DA:177,0
DA:181,0
DA:182,0
DA:183,0
DA:185,0
DA:186,0
DA:188,0
DA:189,0
DA:190,0
DA:193,0
DA:194,0
DA:199,0
DA:200,0
DA:201,0
DA:202,0
DA:205,0
DA:207,0
DA:211,0
DA:215,0
DA:216,0
DA:220,0
DA:221,0
DA:222,0
DA:224,0
DA:225,0
DA:230,0
DA:232,0
DA:233,0
DA:234,0
DA:236,0
DA:238,0
DA:239,0
DA:240,0
DA:243,0
DA:244,0
DA:245,0
DA:246,0
DA:247,0
DA:250,0
DA:256,0
DA:257,0
DA:263,0
DA:264,0
DA:267,0
DA:268,0
DA:269,0
DA:270,0
DA:271,0
DA:274,0
DA:277,0
DA:278,0
DA:280,0
DA:281,0
DA:282,0
DA:283,0
DA:286,0
DA:289,0
DA:290,0
DA:291,0
DA:292,0
DA:296,0
DA:297,0
DA:298,0
DA:299,0
DA:300,0
DA:301,0
DA:303,0
DA:305,0
DA:307,0
DA:308,0
DA:309,0
DA:313,0
DA:316,0
DA:318,0
DA:319,0
DA:321,0
DA:322,0
DA:324,0
DA:325,0
DA:327,0
DA:328,0
DA:330,0
DA:331,0
DA:333,0
DA:334,0
DA:336,0
DA:337,0
DA:339,0
DA:340,0
DA:342,0
DA:343,0
DA:345,0
DA:346,0
DA:348,0
DA:351,0
DA:353,0
DA:356,0
DA:357,0
DA:358,0
DA:359,0
DA:360,0
DA:361,0
DA:363,0
DA:366,0
DA:367,0
DA:368,0
DA:371,0
DA:373,0
DA:376,0
DA:378,0
DA:379,0
DA:381,0
DA:385,0
DA:389,0
DA:390,0
DA:391,0
DA:392,0
DA:394,0
DA:395,0
DA:396,0
DA:397,0
DA:400,0
DA:403,0
DA:404,0
DA:406,0
DA:410,0
DA:411,0
DA:416,0
DA:417,0
DA:418,0
DA:419,0
DA:420,0
DA:422,0
DA:426,0
DA:427,0
DA:428,0
DA:429,0
DA:430,0
DA:434,0
DA:435,0
DA:436,0
DA:438,0
DA:439,0
DA:440,0
DA:441,0
DA:442,0
DA:445,0
DA:446,0
DA:447,0
DA:449,0
DA:450,0
DA:451,0
DA:462,0
DA:463,0
DA:466,0
DA:469,0
DA:472,0
DA:473,0
DA:475,0
DA:476,0
DA:479,0
DA:480,0
DA:482,0
DA:483,0
DA:484,0
DA:488,0
DA:489,0
DA:490,0
DA:493,0
DA:495,0
DA:496,0
DA:497,0
DA:499,0
DA:501,0
DA:505,0
DA:509,0
DA:510,0
DA:511,0
DA:512,0
DA:514,0
DA:518,0
DA:522,0
DA:527,0
DA:530,0
DA:531,0
DA:535,0
DA:536,0
DA:538,0
DA:539,0
DA:540,0
DA:549,0
DA:556,0
DA:559,0
DA:560,0
DA:563,0
DA:565,0
DA:573,0
DA:574,0
DA:575,0
DA:578,0
DA:579,0
DA:580,0
DA:581,0
DA:585,0
DA:586,0
DA:587,0
DA:588,0
DA:592,0
DA:593,0
DA:594,0
DA:597,0
DA:598,0
DA:599,0
DA:602,0
DA:603,0
DA:604,0
DA:605,0
DA:606,0
DA:607,0
DA:612,0
DA:613,0
DA:615,0
DA:619,0
DA:623,0
DA:626,0
DA:627,0
DA:630,0
DA:639,0
DA:640,0
DA:644,0
DA:647,0
DA:648,0
DA:649,0
LF:306
LH:0
BRDA:26,0,0,0
BRDA:37,1,0,0
BRDA:37,1,1,0
BRDA:37,2,0,0
BRDA:37,2,1,0
BRDA:58,3,0,0
BRDA:58,3,1,0
BRDA:65,4,0,0
BRDA:65,4,1,0
BRDA:93,5,0,0
BRDA:93,5,1,0
BRDA:103,6,0,0
BRDA:103,6,1,0
BRDA:106,7,0,0
BRDA:106,7,1,0
BRDA:116,8,0,0
BRDA:116,8,1,0
BRDA:132,9,0,0
BRDA:132,9,1,0
BRDA:145,10,0,0
BRDA:145,10,1,0
BRDA:156,11,0,0
BRDA:157,12,0,0
BRDA:157,12,1,0
BRDA:157,12,2,0
BRDA:158,13,0,0
BRDA:158,13,1,0
BRDA:161,14,0,0
BRDA:161,14,1,0
BRDA:162,15,0,0
BRDA:162,15,1,0
BRDA:169,16,0,0
BRDA:169,16,1,0
BRDA:170,17,0,0
BRDA:170,17,1,0
BRDA:180,18,0,0
BRDA:181,19,0,0
BRDA:181,19,1,0
BRDA:181,19,2,0
BRDA:182,20,0,0
BRDA:182,20,1,0
BRDA:185,21,0,0
BRDA:185,21,1,0
BRDA:188,22,0,0
BRDA:188,22,1,0
BRDA:190,23,0,0
BRDA:190,23,1,0
BRDA:190,24,0,0
BRDA:190,24,1,0
BRDA:199,25,0,0
BRDA:199,25,1,0
BRDA:200,26,0,0
BRDA:200,26,1,0
BRDA:221,27,0,0
BRDA:221,27,1,0
BRDA:224,28,0,0
BRDA:224,28,1,0
BRDA:230,29,0,0
BRDA:230,29,1,0
BRDA:236,30,0,0
BRDA:236,30,1,0
BRDA:243,31,0,0
BRDA:243,31,1,0
BRDA:246,32,0,0
BRDA:246,32,1,0
BRDA:254,33,0,0
BRDA:270,34,0,0
BRDA:270,34,1,0
BRDA:271,35,0,0
BRDA:271,35,1,0
BRDA:281,36,0,0
BRDA:281,36,1,0
BRDA:303,37,0,0
BRDA:303,37,1,0
BRDA:307,38,0,0
BRDA:307,38,1,0
BRDA:313,39,0,0
BRDA:313,39,1,0
BRDA:316,40,0,0
BRDA:316,40,1,0
BRDA:316,40,2,0
BRDA:316,40,3,0
BRDA:316,40,4,0
BRDA:316,40,5,0
BRDA:316,40,6,0
BRDA:316,40,7,0
BRDA:316,40,8,0
BRDA:316,40,9,0
BRDA:345,41,0,0
BRDA:345,41,1,0
BRDA:345,42,0,0
BRDA:345,42,1,0
BRDA:351,43,0,0
BRDA:351,43,1,0
BRDA:356,44,0,0
BRDA:356,44,1,0
BRDA:356,44,2,0
BRDA:357,45,0,0
BRDA:357,45,1,0
BRDA:359,46,0,0
BRDA:359,46,1,0
BRDA:373,47,0,0
BRDA:373,47,1,0
BRDA:376,48,0,0
BRDA:376,48,1,0
BRDA:376,49,0,0
BRDA:376,49,1,0
BRDA:379,50,0,0
BRDA:379,50,1,0
BRDA:429,51,0,0
BRDA:429,51,1,0
BRDA:440,52,0,0
BRDA:440,52,1,0
BRDA:441,53,0,0
BRDA:441,53,1,0
BRDA:446,54,0,0
BRDA:446,54,1,0
BRDA:449,55,0,0
BRDA:449,55,1,0
BRDA:475,56,0,0
BRDA:475,56,1,0
BRDA:482,57,0,0
BRDA:482,57,1,0
BRDA:482,58,0,0
BRDA:482,58,1,0
BRDA:493,59,0,0
BRDA:493,59,1,0
BRDA:496,60,0,0
BRDA:496,60,1,0
BRDA:497,61,0,0
BRDA:497,61,1,0
BRDA:502,62,0,0
BRDA:502,62,1,0
BRDA:509,63,0,0
BRDA:509,63,1,0
BRDA:511,64,0,0
BRDA:511,64,1,0
BRDA:518,65,0,0
BRDA:518,65,1,0
BRDA:539,66,0,0
BRDA:539,66,1,0
BRDA:602,67,0,0
BRDA:602,67,1,0
BRDA:604,68,0,0
BRDA:604,68,1,0
BRDA:604,69,0,0
BRDA:604,69,1,0
BRDA:606,70,0,0
BRDA:606,70,1,0
BRDA:611,71,0,0
BRDA:612,72,0,0
BRDA:612,72,1,0
BRDA:615,73,0,0
BRDA:615,73,1,0
BRDA:639,74,0,0
BRDA:639,74,1,0
BRDA:647,75,0,0
BRDA:647,75,1,0
BRF:158
BRH:0
end_of_record
